<?xml version="1.0" encoding="UTF-8"?>
<testsuite xmlns:xsi="http://www.w3.org/2001/XMLSchema-instance" xsi:noNamespaceSchemaLocation="https://maven.apache.org/surefire/maven-surefire-plugin/xsd/surefire-test-report-3.0.xsd" version="3.0" name="com.drmq.broker.MessageStoreTest" time="0.673" tests="8" errors="0" skipped="0" failures="0">
  <properties>
[...]
</properties>
  <testcase name="getMessageReturnsNullForNonexistentOffset" classname="com.drmq.broker.MessageStoreTest" time="0.402">
    <system-out><![CDATA[19:48:16.440 [main] DEBUG com.drmq.broker.MessageStore - Stored message: topic=test, offset=0, size=3 bytes
]]></system-out>
  </testcase>
  <testcase name="getTopicsReturnsAllTopicNames" classname="com.drmq.broker.MessageStoreTest" time="0.004">
    <system-out><![CDATA[19:48:16.473 [main] DEBUG com.drmq.broker.MessageStore - Stored message: topic=alpha, offset=0, size=3 bytes
19:48:16.473 [main] DEBUG com.drmq.broker.MessageStore - Stored message: topic=beta, offset=1, size=3 bytes
19:48:16.473 [main] DEBUG com.drmq.broker.MessageStore - Stored message: topic=gamma, offset=2, size=3 bytes
]]></system-out>
  </testcase>
  <testcase name="offsetsAreGlobalAcrossTopics" classname="com.drmq.broker.MessageStoreTest" time="0.005">
    <system-out><![CDATA[19:48:16.480 [main] DEBUG com.drmq.broker.MessageStore - Stored message: topic=topic-a, offset=0, size=4 bytes
19:48:16.481 [main] DEBUG com.drmq.broker.MessageStore - Stored message: topic=topic-b, offset=1, size=4 bytes
19:48:16.481 [main] DEBUG com.drmq.broker.MessageStore - Stored message: topic=topic-a, offset=2, size=4 bytes
]]></system-out>
  </testcase>
  <testcase name="concurrentAppendsProduceUniqueOffsets" classname="com.drmq.broker.MessageStoreTest" time="0.151">
    <system-out><![CDATA[19:48:16.491 [pool-2-thread-2] DEBUG com.drmq.broker.MessageStore - Stored message: topic=topic-1, offset=3, size=9 bytes
19:48:16.491 [pool-2-thread-3] DEBUG com.drmq.broker.MessageStore - Stored message: topic=topic-2, offset=1, size=9 bytes
19:48:16.491 [pool-2-thread-1] DEBUG com.drmq.broker.MessageStore - Stored message: topic=topic-0, offset=2, size=9 bytes
19:48:16.491 [pool-2-thread-4] DEBUG com.drmq.broker.MessageStore - Stored message: topic=topic-3, offset=4, size=9 bytes
19:48:16.492 [pool-2-thread-6] DEBUG com.drmq.broker.MessageStore - Stored message: topic=topic-5, offset=5, size=9 bytes
19:48:16.492 [pool-2-thread-1] DEBUG com.drmq.broker.MessageStore - Stored message: topic=topic-0, offset=11, size=9 bytes
19:48:16.492 [pool-2-thread-5] DEBUG com.drmq.broker.MessageStore - Stored message: topic=topic-4, offset=0, size=9 bytes
19:48:16.493 [pool-2-thread-5] DEBUG com.drmq.broker.MessageStore - Stored message: topic=topic-4, offset=15, size=9 bytes
19:48:16.492 [pool-2-thread-2] DEBUG com.drmq.broker.MessageStore - Stored message: topic=topic-1, offset=6, size=9 bytes
19:48:16.493 [pool-2-thread-5] DEBUG com.drmq.broker.MessageStore - Stored message: topic=topic-4, offset=17, size=9 bytes
19:48:16.493 [pool-2-thread-2] DEBUG com.drmq.broker.MessageStore - Stored message: topic=topic-1, offset=18, size=9 bytes
19:48:16.492 [pool-2-thread-7] DEBUG com.drmq.broker.MessageStore - Stored message: topic=topic-6, offset=7, size=9 bytes
19:48:16.492 [pool-2-thread-3] DEBUG com.drmq.broker.MessageStore - Stored message: topic=topic-2, offset=8, size=9 bytes
19:48:16.492 [pool-2-thread-4] DEBUG com.drmq.broker.MessageStore - Stored message: topic=topic-3, offset=10, size=9 bytes
19:48:16.492 [pool-2-thread-8] DEBUG com.drmq.broker.MessageStore - Stored message: topic=topic-7, offset=9, size=9 bytes
19:48:16.492 [pool-2-thread-6] DEBUG com.drmq.broker.MessageStore - Stored message: topic=topic-5, offset=12, size=9 bytes
19:48:16.494 [pool-2-thread-8] DEBUG com.drmq.broker.MessageStore - Stored message: topic=topic-7, offset=24, size=9 bytes
19:48:16.492 [pool-2-thread-1] DEBUG com.drmq.broker.MessageStore - Stored message: topic=topic-0, offset=13, size=9 bytes
19:48:16.494 [pool-2-thread-8] DEBUG com.drmq.broker.MessageStore - Stored message: topic=topic-7, offset=26, size=9 bytes
19:48:16.493 [pool-2-thread-9] DEBUG com.drmq.broker.MessageStore - Stored message: topic=topic-8, offset=14, size=9 bytes
19:48:16.495 [pool-2-thread-1] DEBUG com.drmq.broker.MessageStore - Stored message: topic=topic-0, offset=27, size=9 bytes
19:48:16.493 [pool-2-thread-10] DEBUG com.drmq.broker.MessageStore - Stored message: topic=topic-9, offset=16, size=9 bytes
19:48:16.495 [pool-2-thread-10] DEBUG com.drmq.broker.MessageStore - Stored message: topic=topic-9, offset=31, size=9 bytes
19:48:16.495 [pool-2-thread-10] DEBUG com.drmq.broker.MessageStore - Stored message: topic=topic-9, offset=32, size=9 bytes
19:48:16.496 [pool-2-thread-10] DEBUG com.drmq.broker.MessageStore - Stored message: topic=topic-9, offset=33, size=9 bytes
19:48:16.496 [pool-2-thread-10] DEBUG com.drmq.broker.MessageStore - Stored message: topic=topic-9, offset=34, size=9 bytes
19:48:16.496 [pool-2-thread-10] DEBUG com.drmq.broker.MessageStore - Stored message: topic=topic-9, offset=35, size=9 bytes
19:48:16.496 [pool-2-thread-10] DEBUG com.drmq.broker.MessageStore - Stored message: topic=topic-9, offset=36, size=9 bytes
19:48:16.493 [pool-2-thread-5] DEBUG com.drmq.broker.MessageStore - Stored message: topic=topic-4, offset=19, size=9 bytes
19:48:16.497 [pool-2-thread-10] DEBUG com.drmq.broker.MessageStore - Stored message: topic=topic-9, offset=37, size=9 bytes
19:48:16.493 [pool-2-thread-2] DEBUG com.drmq.broker.MessageStore - Stored message: topic=topic-1, offset=20, size=9 bytes
19:48:16.497 [pool-2-thread-2] DEBUG com.drmq.broker.MessageStore - Stored message: topic=topic-1, offset=40, size=9 bytes
19:48:16.493 [pool-2-thread-7] DEBUG com.drmq.broker.MessageStore - Stored message: topic=topic-6, offset=21, size=9 bytes
19:48:16.494 [pool-2-thread-3] DEBUG com.drmq.broker.MessageStore - Stored message: topic=topic-2, offset=22, size=9 bytes
19:48:16.498 [pool-2-thread-7] DEBUG com.drmq.broker.MessageStore - Stored message: topic=topic-6, offset=42, size=9 bytes
19:48:16.494 [pool-2-thread-4] DEBUG com.drmq.broker.MessageStore - Stored message: topic=topic-3, offset=23, size=9 bytes
19:48:16.494 [pool-2-thread-6] DEBUG com.drmq.broker.MessageStore - Stored message: topic=topic-5, offset=25, size=9 bytes
19:48:16.495 [pool-2-thread-8] DEBUG com.drmq.broker.MessageStore - Stored message: topic=topic-7, offset=28, size=9 bytes
19:48:16.495 [pool-2-thread-9] DEBUG com.drmq.broker.MessageStore - Stored message: topic=topic-8, offset=29, size=9 bytes
19:48:16.495 [pool-2-thread-1] DEBUG com.drmq.broker.MessageStore - Stored message: topic=topic-0, offset=30, size=9 bytes
19:48:16.497 [pool-2-thread-5] DEBUG com.drmq.broker.MessageStore - Stored message: topic=topic-4, offset=38, size=9 bytes
19:48:16.497 [pool-2-thread-10] DEBUG com.drmq.broker.MessageStore - Stored message: topic=topic-9, offset=39, size=9 bytes
19:48:16.498 [pool-2-thread-2] DEBUG com.drmq.broker.MessageStore - Stored message: topic=topic-1, offset=41, size=9 bytes
19:48:16.498 [pool-2-thread-3] DEBUG com.drmq.broker.MessageStore - Stored message: topic=topic-2, offset=43, size=9 bytes
19:48:16.498 [pool-2-thread-7] DEBUG com.drmq.broker.MessageStore - Stored message: topic=topic-6, offset=44, size=9 bytes
19:48:16.499 [pool-2-thread-3] DEBUG com.drmq.broker.MessageStore - Stored message: topic=topic-2, offset=53, size=9 bytes
19:48:16.498 [pool-2-thread-4] DEBUG com.drmq.broker.MessageStore - Stored message: topic=topic-3, offset=45, size=9 bytes
19:48:16.500 [pool-2-thread-3] DEBUG com.drmq.broker.MessageStore - Stored message: topic=topic-2, offset=55, size=9 bytes
19:48:16.499 [pool-2-thread-6] DEBUG com.drmq.broker.MessageStore - Stored message: topic=topic-5, offset=46, size=9 bytes
19:48:16.499 [pool-2-thread-8] DEBUG com.drmq.broker.MessageStore - Stored message: topic=topic-7, offset=47, size=9 bytes
19:48:16.500 [pool-2-thread-6] DEBUG com.drmq.broker.MessageStore - Stored message: topic=topic-5, offset=58, size=9 bytes
19:48:16.499 [pool-2-thread-9] DEBUG com.drmq.broker.MessageStore - Stored message: topic=topic-8, offset=48, size=9 bytes
19:48:16.499 [pool-2-thread-1] DEBUG com.drmq.broker.MessageStore - Stored message: topic=topic-0, offset=49, size=9 bytes
19:48:16.500 [pool-2-thread-9] DEBUG com.drmq.broker.MessageStore - Stored message: topic=topic-8, offset=61, size=9 bytes
19:48:16.500 [pool-2-thread-1] DEBUG com.drmq.broker.MessageStore - Stored message: topic=topic-0, offset=62, size=9 bytes
19:48:16.500 [pool-2-thread-9] DEBUG com.drmq.broker.MessageStore - Stored message: topic=topic-8, offset=63, size=9 bytes
19:48:16.499 [pool-2-thread-5] DEBUG com.drmq.broker.MessageStore - Stored message: topic=topic-4, offset=50, size=9 bytes
19:48:16.501 [pool-2-thread-9] DEBUG com.drmq.broker.MessageStore - Stored message: topic=topic-8, offset=65, size=9 bytes
19:48:16.501 [pool-2-thread-1] DEBUG com.drmq.broker.MessageStore - Stored message: topic=topic-0, offset=64, size=9 bytes
19:48:16.501 [pool-2-thread-9] DEBUG com.drmq.broker.MessageStore - Stored message: topic=topic-8, offset=67, size=9 bytes
19:48:16.499 [pool-2-thread-10] DEBUG com.drmq.broker.MessageStore - Stored message: topic=topic-9, offset=51, size=9 bytes
19:48:16.499 [pool-2-thread-2] DEBUG com.drmq.broker.MessageStore - Stored message: topic=topic-1, offset=52, size=9 bytes
19:48:16.500 [pool-2-thread-7] DEBUG com.drmq.broker.MessageStore - Stored message: topic=topic-6, offset=54, size=9 bytes
19:48:16.501 [pool-2-thread-2] DEBUG com.drmq.broker.MessageStore - Stored message: topic=topic-1, offset=71, size=9 bytes
19:48:16.500 [pool-2-thread-4] DEBUG com.drmq.broker.MessageStore - Stored message: topic=topic-3, offset=56, size=9 bytes
19:48:16.500 [pool-2-thread-3] DEBUG com.drmq.broker.MessageStore - Stored message: topic=topic-2, offset=57, size=9 bytes
19:48:16.502 [pool-2-thread-2] DEBUG com.drmq.broker.MessageStore - Stored message: topic=topic-1, offset=73, size=9 bytes
19:48:16.500 [pool-2-thread-8] DEBUG com.drmq.broker.MessageStore - Stored message: topic=topic-7, offset=59, size=9 bytes
19:48:16.500 [pool-2-thread-6] DEBUG com.drmq.broker.MessageStore - Stored message: topic=topic-5, offset=60, size=9 bytes
19:48:16.501 [pool-2-thread-5] DEBUG com.drmq.broker.MessageStore - Stored message: topic=topic-4, offset=66, size=9 bytes
19:48:16.501 [pool-2-thread-1] DEBUG com.drmq.broker.MessageStore - Stored message: topic=topic-0, offset=68, size=9 bytes
19:48:16.501 [pool-2-thread-9] DEBUG com.drmq.broker.MessageStore - Stored message: topic=topic-8, offset=69, size=9 bytes
19:48:16.501 [pool-2-thread-10] DEBUG com.drmq.broker.MessageStore - Stored message: topic=topic-9, offset=70, size=10 bytes
19:48:16.501 [pool-2-thread-7] DEBUG com.drmq.broker.MessageStore - Stored message: topic=topic-6, offset=72, size=9 bytes
19:48:16.502 [pool-2-thread-10] DEBUG com.drmq.broker.MessageStore - Stored message: topic=topic-9, offset=82, size=10 bytes
19:48:16.503 [pool-2-thread-7] DEBUG com.drmq.broker.MessageStore - Stored message: topic=topic-6, offset=83, size=9 bytes
19:48:16.503 [pool-2-thread-7] DEBUG com.drmq.broker.MessageStore - Stored message: topic=topic-6, offset=85, size=9 bytes
19:48:16.503 [pool-2-thread-7] DEBUG com.drmq.broker.MessageStore - Stored message: topic=topic-6, offset=86, size=9 bytes
19:48:16.503 [pool-2-thread-7] DEBUG com.drmq.broker.MessageStore - Stored message: topic=topic-6, offset=87, size=9 bytes
19:48:16.503 [pool-2-thread-7] DEBUG com.drmq.broker.MessageStore - Stored message: topic=topic-6, offset=88, size=10 bytes
19:48:16.503 [pool-2-thread-7] DEBUG com.drmq.broker.MessageStore - Stored message: topic=topic-6, offset=89, size=10 bytes
19:48:16.503 [pool-2-thread-7] DEBUG com.drmq.broker.MessageStore - Stored message: topic=topic-6, offset=90, size=10 bytes
19:48:16.504 [pool-2-thread-7] DEBUG com.drmq.broker.MessageStore - Stored message: topic=topic-6, offset=91, size=10 bytes
19:48:16.504 [pool-2-thread-7] DEBUG com.drmq.broker.MessageStore - Stored message: topic=topic-6, offset=92, size=10 bytes
19:48:16.504 [pool-2-thread-7] DEBUG com.drmq.broker.MessageStore - Stored message: topic=topic-6, offset=93, size=10 bytes
19:48:16.504 [pool-2-thread-7] DEBUG com.drmq.broker.MessageStore - Stored message: topic=topic-6, offset=94, size=10 bytes
19:48:16.504 [pool-2-thread-7] DEBUG com.drmq.broker.MessageStore - Stored message: topic=topic-6, offset=95, size=10 bytes
19:48:16.504 [pool-2-thread-7] DEBUG com.drmq.broker.MessageStore - Stored message: topic=topic-6, offset=96, size=10 bytes
19:48:16.502 [pool-2-thread-4] DEBUG com.drmq.broker.MessageStore - Stored message: topic=topic-3, offset=74, size=9 bytes
19:48:16.502 [pool-2-thread-3] DEBUG com.drmq.broker.MessageStore - Stored message: topic=topic-2, offset=75, size=9 bytes
19:48:16.502 [pool-2-thread-2] DEBUG com.drmq.broker.MessageStore - Stored message: topic=topic-1, offset=76, size=9 bytes
19:48:16.502 [pool-2-thread-8] DEBUG com.drmq.broker.MessageStore - Stored message: topic=topic-7, offset=77, size=9 bytes
19:48:16.505 [pool-2-thread-2] DEBUG com.drmq.broker.MessageStore - Stored message: topic=topic-1, offset=100, size=10 bytes
19:48:16.505 [pool-2-thread-8] DEBUG com.drmq.broker.MessageStore - Stored message: topic=topic-7, offset=101, size=9 bytes
19:48:16.505 [pool-2-thread-2] DEBUG com.drmq.broker.MessageStore - Stored message: topic=topic-1, offset=102, size=10 bytes
19:48:16.505 [pool-2-thread-8] DEBUG com.drmq.broker.MessageStore - Stored message: topic=topic-7, offset=103, size=9 bytes
19:48:16.505 [pool-2-thread-2] DEBUG com.drmq.broker.MessageStore - Stored message: topic=topic-1, offset=104, size=10 bytes
19:48:16.505 [pool-2-thread-8] DEBUG com.drmq.broker.MessageStore - Stored message: topic=topic-7, offset=105, size=9 bytes
19:48:16.502 [pool-2-thread-6] DEBUG com.drmq.broker.MessageStore - Stored message: topic=topic-5, offset=78, size=9 bytes
19:48:16.506 [pool-2-thread-8] DEBUG com.drmq.broker.MessageStore - Stored message: topic=topic-7, offset=107, size=10 bytes
19:48:16.506 [pool-2-thread-8] DEBUG com.drmq.broker.MessageStore - Stored message: topic=topic-7, offset=109, size=10 bytes
19:48:16.502 [pool-2-thread-5] DEBUG com.drmq.broker.MessageStore - Stored message: topic=topic-4, offset=79, size=9 bytes
19:48:16.506 [pool-2-thread-8] DEBUG com.drmq.broker.MessageStore - Stored message: topic=topic-7, offset=110, size=10 bytes
19:48:16.502 [pool-2-thread-1] DEBUG com.drmq.broker.MessageStore - Stored message: topic=topic-0, offset=80, size=9 bytes
19:48:16.506 [pool-2-thread-8] DEBUG com.drmq.broker.MessageStore - Stored message: topic=topic-7, offset=112, size=10 bytes
19:48:16.502 [pool-2-thread-9] DEBUG com.drmq.broker.MessageStore - Stored message: topic=topic-8, offset=81, size=9 bytes
19:48:16.503 [pool-2-thread-10] DEBUG com.drmq.broker.MessageStore - Stored message: topic=topic-9, offset=84, size=10 bytes
19:48:16.507 [pool-2-thread-10] DEBUG com.drmq.broker.MessageStore - Stored message: topic=topic-9, offset=116, size=10 bytes
19:48:16.507 [pool-2-thread-10] DEBUG com.drmq.broker.MessageStore - Stored message: topic=topic-9, offset=117, size=10 bytes
19:48:16.504 [pool-2-thread-7] DEBUG com.drmq.broker.MessageStore - Stored message: topic=topic-6, offset=97, size=10 bytes
19:48:16.505 [pool-2-thread-4] DEBUG com.drmq.broker.MessageStore - Stored message: topic=topic-3, offset=98, size=9 bytes
19:48:16.507 [pool-2-thread-7] DEBUG com.drmq.broker.MessageStore - Stored message: topic=topic-6, offset=119, size=10 bytes
19:48:16.505 [pool-2-thread-3] DEBUG com.drmq.broker.MessageStore - Stored message: topic=topic-2, offset=99, size=9 bytes
19:48:16.505 [pool-2-thread-2] DEBUG com.drmq.broker.MessageStore - Stored message: topic=topic-1, offset=106, size=10 bytes
19:48:16.508 [pool-2-thread-3] DEBUG com.drmq.broker.MessageStore - Stored message: topic=topic-2, offset=122, size=9 bytes
19:48:16.508 [pool-2-thread-2] DEBUG com.drmq.broker.MessageStore - Stored message: topic=topic-1, offset=123, size=10 bytes
19:48:16.508 [pool-2-thread-3] DEBUG com.drmq.broker.MessageStore - Stored message: topic=topic-2, offset=124, size=10 bytes
19:48:16.508 [pool-2-thread-2] DEBUG com.drmq.broker.MessageStore - Stored message: topic=topic-1, offset=125, size=10 bytes
19:48:16.508 [pool-2-thread-3] DEBUG com.drmq.broker.MessageStore - Stored message: topic=topic-2, offset=126, size=10 bytes
19:48:16.508 [pool-2-thread-2] DEBUG com.drmq.broker.MessageStore - Stored message: topic=topic-1, offset=127, size=10 bytes
19:48:16.508 [pool-2-thread-3] DEBUG com.drmq.broker.MessageStore - Stored message: topic=topic-2, offset=128, size=10 bytes
19:48:16.508 [pool-2-thread-2] DEBUG com.drmq.broker.MessageStore - Stored message: topic=topic-1, offset=129, size=10 bytes
19:48:16.506 [pool-2-thread-6] DEBUG com.drmq.broker.MessageStore - Stored message: topic=topic-5, offset=108, size=9 bytes
19:48:16.506 [pool-2-thread-5] DEBUG com.drmq.broker.MessageStore - Stored message: topic=topic-4, offset=111, size=9 bytes
19:48:16.509 [pool-2-thread-2] DEBUG com.drmq.broker.MessageStore - Stored message: topic=topic-1, offset=131, size=10 bytes
19:48:16.506 [pool-2-thread-1] DEBUG com.drmq.broker.MessageStore - Stored message: topic=topic-0, offset=113, size=10 bytes
19:48:16.507 [pool-2-thread-8] DEBUG com.drmq.broker.MessageStore - Stored message: topic=topic-7, offset=114, size=10 bytes
19:48:16.507 [pool-2-thread-9] DEBUG com.drmq.broker.MessageStore - Stored message: topic=topic-8, offset=115, size=9 bytes
19:48:16.509 [pool-2-thread-8] DEBUG com.drmq.broker.MessageStore - Stored message: topic=topic-7, offset=136, size=10 bytes
19:48:16.507 [pool-2-thread-10] DEBUG com.drmq.broker.MessageStore - Stored message: topic=topic-9, offset=118, size=10 bytes
19:48:16.507 [pool-2-thread-4] DEBUG com.drmq.broker.MessageStore - Stored message: topic=topic-3, offset=120, size=9 bytes
19:48:16.509 [pool-2-thread-10] DEBUG com.drmq.broker.MessageStore - Stored message: topic=topic-9, offset=139, size=10 bytes
19:48:16.508 [pool-2-thread-7] DEBUG com.drmq.broker.MessageStore - Stored message: topic=topic-6, offset=121, size=10 bytes
19:48:16.510 [pool-2-thread-4] DEBUG com.drmq.broker.MessageStore - Stored message: topic=topic-3, offset=140, size=9 bytes
19:48:16.510 [pool-2-thread-7] DEBUG com.drmq.broker.MessageStore - Stored message: topic=topic-6, offset=142, size=10 bytes
19:48:16.508 [pool-2-thread-3] DEBUG com.drmq.broker.MessageStore - Stored message: topic=topic-2, offset=130, size=10 bytes
19:48:16.510 [pool-2-thread-3] DEBUG com.drmq.broker.MessageStore - Stored message: topic=topic-2, offset=145, size=10 bytes
19:48:16.510 [pool-2-thread-3] DEBUG com.drmq.broker.MessageStore - Stored message: topic=topic-2, offset=146, size=10 bytes
19:48:16.511 [pool-2-thread-3] DEBUG com.drmq.broker.MessageStore - Stored message: topic=topic-2, offset=147, size=10 bytes
19:48:16.511 [pool-2-thread-3] DEBUG com.drmq.broker.MessageStore - Stored message: topic=topic-2, offset=148, size=10 bytes
19:48:16.511 [pool-2-thread-3] DEBUG com.drmq.broker.MessageStore - Stored message: topic=topic-2, offset=149, size=10 bytes
19:48:16.512 [pool-2-thread-3] DEBUG com.drmq.broker.MessageStore - Stored message: topic=topic-2, offset=150, size=10 bytes
19:48:16.512 [pool-2-thread-3] DEBUG com.drmq.broker.MessageStore - Stored message: topic=topic-2, offset=151, size=10 bytes
19:48:16.512 [pool-2-thread-3] DEBUG com.drmq.broker.MessageStore - Stored message: topic=topic-2, offset=152, size=10 bytes
19:48:16.512 [pool-2-thread-3] DEBUG com.drmq.broker.MessageStore - Stored message: topic=topic-2, offset=153, size=10 bytes
19:48:16.509 [pool-2-thread-6] DEBUG com.drmq.broker.MessageStore - Stored message: topic=topic-5, offset=132, size=9 bytes
19:48:16.509 [pool-2-thread-5] DEBUG com.drmq.broker.MessageStore - Stored message: topic=topic-4, offset=133, size=9 bytes
19:48:16.509 [pool-2-thread-2] DEBUG com.drmq.broker.MessageStore - Stored message: topic=topic-1, offset=134, size=10 bytes
19:48:16.513 [pool-2-thread-6] DEBUG com.drmq.broker.MessageStore - Stored message: topic=topic-5, offset=155, size=9 bytes
19:48:16.509 [pool-2-thread-1] DEBUG com.drmq.broker.MessageStore - Stored message: topic=topic-0, offset=135, size=10 bytes
19:48:16.513 [pool-2-thread-6] DEBUG com.drmq.broker.MessageStore - Stored message: topic=topic-5, offset=158, size=10 bytes
19:48:16.513 [pool-2-thread-1] DEBUG com.drmq.broker.MessageStore - Stored message: topic=topic-0, offset=159, size=10 bytes
19:48:16.509 [pool-2-thread-9] DEBUG com.drmq.broker.MessageStore - Stored message: topic=topic-8, offset=137, size=10 bytes
19:48:16.513 [pool-2-thread-1] DEBUG com.drmq.broker.MessageStore - Stored message: topic=topic-0, offset=161, size=10 bytes
19:48:16.509 [pool-2-thread-8] DEBUG com.drmq.broker.MessageStore - Stored message: topic=topic-7, offset=138, size=10 bytes
19:48:16.514 [pool-2-thread-8] DEBUG com.drmq.broker.MessageStore - Stored message: topic=topic-7, offset=164, size=10 bytes
19:48:16.514 [pool-2-thread-8] DEBUG com.drmq.broker.MessageStore - Stored message: topic=topic-7, offset=165, size=10 bytes
19:48:16.514 [pool-2-thread-8] DEBUG com.drmq.broker.MessageStore - Stored message: topic=topic-7, offset=166, size=10 bytes
19:48:16.514 [pool-2-thread-8] DEBUG com.drmq.broker.MessageStore - Stored message: topic=topic-7, offset=167, size=10 bytes
19:48:16.510 [pool-2-thread-10] DEBUG com.drmq.broker.MessageStore - Stored message: topic=topic-9, offset=141, size=10 bytes
19:48:16.510 [pool-2-thread-4] DEBUG com.drmq.broker.MessageStore - Stored message: topic=topic-3, offset=143, size=9 bytes
19:48:16.514 [pool-2-thread-10] DEBUG com.drmq.broker.MessageStore - Stored message: topic=topic-9, offset=169, size=10 bytes
19:48:16.510 [pool-2-thread-7] DEBUG com.drmq.broker.MessageStore - Stored message: topic=topic-6, offset=144, size=10 bytes
19:48:16.512 [pool-2-thread-3] DEBUG com.drmq.broker.MessageStore - Stored message: topic=topic-2, offset=154, size=10 bytes
19:48:16.513 [pool-2-thread-5] DEBUG com.drmq.broker.MessageStore - Stored message: topic=topic-4, offset=156, size=10 bytes
19:48:16.513 [pool-2-thread-2] DEBUG com.drmq.broker.MessageStore - Stored message: topic=topic-1, offset=157, size=10 bytes
19:48:16.515 [pool-2-thread-5] DEBUG com.drmq.broker.MessageStore - Stored message: topic=topic-4, offset=174, size=10 bytes
19:48:16.515 [pool-2-thread-2] DEBUG com.drmq.broker.MessageStore - Stored message: topic=topic-1, offset=175, size=10 bytes
19:48:16.515 [pool-2-thread-5] DEBUG com.drmq.broker.MessageStore - Stored message: topic=topic-4, offset=176, size=10 bytes
19:48:16.515 [pool-2-thread-5] DEBUG com.drmq.broker.MessageStore - Stored message: topic=topic-4, offset=178, size=10 bytes
19:48:16.516 [pool-2-thread-5] DEBUG com.drmq.broker.MessageStore - Stored message: topic=topic-4, offset=179, size=10 bytes
19:48:16.516 [pool-2-thread-5] DEBUG com.drmq.broker.MessageStore - Stored message: topic=topic-4, offset=180, size=10 bytes
19:48:16.516 [pool-2-thread-5] DEBUG com.drmq.broker.MessageStore - Stored message: topic=topic-4, offset=181, size=10 bytes
19:48:16.516 [pool-2-thread-5] DEBUG com.drmq.broker.MessageStore - Stored message: topic=topic-4, offset=182, size=10 bytes
19:48:16.516 [pool-2-thread-5] DEBUG com.drmq.broker.MessageStore - Stored message: topic=topic-4, offset=183, size=10 bytes
19:48:16.516 [pool-2-thread-5] DEBUG com.drmq.broker.MessageStore - Stored message: topic=topic-4, offset=184, size=10 bytes
19:48:16.517 [pool-2-thread-5] DEBUG com.drmq.broker.MessageStore - Stored message: topic=topic-4, offset=185, size=10 bytes
19:48:16.513 [pool-2-thread-6] DEBUG com.drmq.broker.MessageStore - Stored message: topic=topic-5, offset=160, size=10 bytes
19:48:16.513 [pool-2-thread-9] DEBUG com.drmq.broker.MessageStore - Stored message: topic=topic-8, offset=162, size=10 bytes
19:48:16.517 [pool-2-thread-6] DEBUG com.drmq.broker.MessageStore - Stored message: topic=topic-5, offset=187, size=10 bytes
19:48:16.513 [pool-2-thread-1] DEBUG com.drmq.broker.MessageStore - Stored message: topic=topic-0, offset=163, size=10 bytes
19:48:16.517 [pool-2-thread-6] DEBUG com.drmq.broker.MessageStore - Stored message: topic=topic-5, offset=189, size=10 bytes
19:48:16.514 [pool-2-thread-8] DEBUG com.drmq.broker.MessageStore - Stored message: topic=topic-7, offset=168, size=10 bytes
19:48:16.515 [pool-2-thread-7] DEBUG com.drmq.broker.MessageStore - Stored message: topic=topic-6, offset=172, size=10 bytes
19:48:16.515 [pool-2-thread-3] DEBUG com.drmq.broker.MessageStore - Stored message: topic=topic-2, offset=173, size=10 bytes
19:48:16.518 [pool-2-thread-7] DEBUG com.drmq.broker.MessageStore - Stored message: topic=topic-6, offset=193, size=10 bytes
19:48:16.515 [pool-2-thread-10] DEBUG com.drmq.broker.MessageStore - Stored message: topic=topic-9, offset=171, size=10 bytes
19:48:16.518 [pool-2-thread-7] DEBUG com.drmq.broker.MessageStore - Stored message: topic=topic-6, offset=195, size=10 bytes
19:48:16.518 [pool-2-thread-10] DEBUG com.drmq.broker.MessageStore - Stored message: topic=topic-9, offset=196, size=10 bytes
19:48:16.515 [pool-2-thread-4] DEBUG com.drmq.broker.MessageStore - Stored message: topic=topic-3, offset=170, size=10 bytes
19:48:16.518 [pool-2-thread-10] DEBUG com.drmq.broker.MessageStore - Stored message: topic=topic-9, offset=198, size=10 bytes
19:48:16.515 [pool-2-thread-2] DEBUG com.drmq.broker.MessageStore - Stored message: topic=topic-1, offset=177, size=10 bytes
19:48:16.517 [pool-2-thread-5] DEBUG com.drmq.broker.MessageStore - Stored message: topic=topic-4, offset=186, size=10 bytes
19:48:16.517 [pool-2-thread-9] DEBUG com.drmq.broker.MessageStore - Stored message: topic=topic-8, offset=188, size=10 bytes
19:48:16.518 [pool-2-thread-5] DEBUG com.drmq.broker.MessageStore - Stored message: topic=topic-4, offset=202, size=10 bytes
19:48:16.517 [pool-2-thread-1] DEBUG com.drmq.broker.MessageStore - Stored message: topic=topic-0, offset=190, size=10 bytes
19:48:16.519 [pool-2-thread-9] DEBUG com.drmq.broker.MessageStore - Stored message: topic=topic-8, offset=203, size=10 bytes
19:48:16.519 [pool-2-thread-1] DEBUG com.drmq.broker.MessageStore - Stored message: topic=topic-0, offset=205, size=10 bytes
19:48:16.519 [pool-2-thread-9] DEBUG com.drmq.broker.MessageStore - Stored message: topic=topic-8, offset=206, size=10 bytes
19:48:16.518 [pool-2-thread-6] DEBUG com.drmq.broker.MessageStore - Stored message: topic=topic-5, offset=191, size=10 bytes
19:48:16.518 [pool-2-thread-8] DEBUG com.drmq.broker.MessageStore - Stored message: topic=topic-7, offset=192, size=10 bytes
19:48:16.518 [pool-2-thread-3] DEBUG com.drmq.broker.MessageStore - Stored message: topic=topic-2, offset=194, size=10 bytes
19:48:16.518 [pool-2-thread-7] DEBUG com.drmq.broker.MessageStore - Stored message: topic=topic-6, offset=197, size=10 bytes
19:48:16.518 [pool-2-thread-4] DEBUG com.drmq.broker.MessageStore - Stored message: topic=topic-3, offset=199, size=10 bytes
19:48:16.518 [pool-2-thread-10] DEBUG com.drmq.broker.MessageStore - Stored message: topic=topic-9, offset=200, size=10 bytes
19:48:16.519 [pool-2-thread-4] DEBUG com.drmq.broker.MessageStore - Stored message: topic=topic-3, offset=213, size=10 bytes
19:48:16.519 [pool-2-thread-10] DEBUG com.drmq.broker.MessageStore - Stored message: topic=topic-9, offset=214, size=10 bytes
19:48:16.518 [pool-2-thread-2] DEBUG com.drmq.broker.MessageStore - Stored message: topic=topic-1, offset=201, size=10 bytes
19:48:16.520 [pool-2-thread-10] DEBUG com.drmq.broker.MessageStore - Stored message: topic=topic-9, offset=216, size=10 bytes
19:48:16.519 [pool-2-thread-5] DEBUG com.drmq.broker.MessageStore - Stored message: topic=topic-4, offset=204, size=10 bytes
19:48:16.519 [pool-2-thread-1] DEBUG com.drmq.broker.MessageStore - Stored message: topic=topic-0, offset=207, size=10 bytes
19:48:16.520 [pool-2-thread-5] DEBUG com.drmq.broker.MessageStore - Stored message: topic=topic-4, offset=219, size=10 bytes
19:48:16.519 [pool-2-thread-9] DEBUG com.drmq.broker.MessageStore - Stored message: topic=topic-8, offset=208, size=10 bytes
19:48:16.519 [pool-2-thread-6] DEBUG com.drmq.broker.MessageStore - Stored message: topic=topic-5, offset=209, size=10 bytes
19:48:16.520 [pool-2-thread-9] DEBUG com.drmq.broker.MessageStore - Stored message: topic=topic-8, offset=222, size=10 bytes
19:48:16.520 [pool-2-thread-6] DEBUG com.drmq.broker.MessageStore - Stored message: topic=topic-5, offset=223, size=10 bytes
19:48:16.520 [pool-2-thread-9] DEBUG com.drmq.broker.MessageStore - Stored message: topic=topic-8, offset=224, size=10 bytes
19:48:16.519 [pool-2-thread-8] DEBUG com.drmq.broker.MessageStore - Stored message: topic=topic-7, offset=210, size=10 bytes
19:48:16.519 [pool-2-thread-3] DEBUG com.drmq.broker.MessageStore - Stored message: topic=topic-2, offset=211, size=10 bytes
19:48:16.520 [pool-2-thread-8] DEBUG com.drmq.broker.MessageStore - Stored message: topic=topic-7, offset=227, size=10 bytes
19:48:16.519 [pool-2-thread-7] DEBUG com.drmq.broker.MessageStore - Stored message: topic=topic-6, offset=212, size=10 bytes
19:48:16.521 [pool-2-thread-8] DEBUG com.drmq.broker.MessageStore - Stored message: topic=topic-7, offset=229, size=10 bytes
19:48:16.521 [pool-2-thread-7] DEBUG com.drmq.broker.MessageStore - Stored message: topic=topic-6, offset=230, size=10 bytes
19:48:16.521 [pool-2-thread-8] DEBUG com.drmq.broker.MessageStore - Stored message: topic=topic-7, offset=231, size=10 bytes
19:48:16.520 [pool-2-thread-4] DEBUG com.drmq.broker.MessageStore - Stored message: topic=topic-3, offset=215, size=10 bytes
19:48:16.521 [pool-2-thread-8] DEBUG com.drmq.broker.MessageStore - Stored message: topic=topic-7, offset=233, size=10 bytes
19:48:16.520 [pool-2-thread-2] DEBUG com.drmq.broker.MessageStore - Stored message: topic=topic-1, offset=217, size=10 bytes
19:48:16.520 [pool-2-thread-10] DEBUG com.drmq.broker.MessageStore - Stored message: topic=topic-9, offset=218, size=10 bytes
19:48:16.521 [pool-2-thread-2] DEBUG com.drmq.broker.MessageStore - Stored message: topic=topic-1, offset=236, size=10 bytes
19:48:16.521 [pool-2-thread-10] DEBUG com.drmq.broker.MessageStore - Stored message: topic=topic-9, offset=237, size=10 bytes
19:48:16.520 [pool-2-thread-5] DEBUG com.drmq.broker.MessageStore - Stored message: topic=topic-4, offset=221, size=10 bytes
19:48:16.520 [pool-2-thread-1] DEBUG com.drmq.broker.MessageStore - Stored message: topic=topic-0, offset=220, size=10 bytes
19:48:16.520 [pool-2-thread-6] DEBUG com.drmq.broker.MessageStore - Stored message: topic=topic-5, offset=225, size=10 bytes
19:48:16.520 [pool-2-thread-9] DEBUG com.drmq.broker.MessageStore - Stored message: topic=topic-8, offset=226, size=10 bytes
19:48:16.522 [pool-2-thread-6] DEBUG com.drmq.broker.MessageStore - Stored message: topic=topic-5, offset=242, size=10 bytes
19:48:16.522 [pool-2-thread-9] DEBUG com.drmq.broker.MessageStore - Stored message: topic=topic-8, offset=243, size=10 bytes
19:48:16.521 [pool-2-thread-3] DEBUG com.drmq.broker.MessageStore - Stored message: topic=topic-2, offset=228, size=10 bytes
19:48:16.522 [pool-2-thread-9] DEBUG com.drmq.broker.MessageStore - Stored message: topic=topic-8, offset=245, size=10 bytes
19:48:16.521 [pool-2-thread-7] DEBUG com.drmq.broker.MessageStore - Stored message: topic=topic-6, offset=232, size=10 bytes
19:48:16.521 [pool-2-thread-4] DEBUG com.drmq.broker.MessageStore - Stored message: topic=topic-3, offset=234, size=10 bytes
19:48:16.521 [pool-2-thread-8] DEBUG com.drmq.broker.MessageStore - Stored message: topic=topic-7, offset=235, size=10 bytes
19:48:16.521 [pool-2-thread-2] DEBUG com.drmq.broker.MessageStore - Stored message: topic=topic-1, offset=238, size=10 bytes
19:48:16.521 [pool-2-thread-10] DEBUG com.drmq.broker.MessageStore - Stored message: topic=topic-9, offset=239, size=10 bytes
19:48:16.523 [pool-2-thread-2] DEBUG com.drmq.broker.MessageStore - Stored message: topic=topic-1, offset=251, size=10 bytes
19:48:16.523 [pool-2-thread-2] DEBUG com.drmq.broker.MessageStore - Stored message: topic=topic-1, offset=253, size=10 bytes
19:48:16.523 [pool-2-thread-2] DEBUG com.drmq.broker.MessageStore - Stored message: topic=topic-1, offset=254, size=10 bytes
19:48:16.522 [pool-2-thread-5] DEBUG com.drmq.broker.MessageStore - Stored message: topic=topic-4, offset=240, size=10 bytes
19:48:16.523 [pool-2-thread-2] DEBUG com.drmq.broker.MessageStore - Stored message: topic=topic-1, offset=255, size=10 bytes
19:48:16.522 [pool-2-thread-1] DEBUG com.drmq.broker.MessageStore - Stored message: topic=topic-0, offset=241, size=10 bytes
19:48:16.522 [pool-2-thread-6] DEBUG com.drmq.broker.MessageStore - Stored message: topic=topic-5, offset=244, size=10 bytes
19:48:16.524 [pool-2-thread-1] DEBUG com.drmq.broker.MessageStore - Stored message: topic=topic-0, offset=258, size=10 bytes
19:48:16.524 [pool-2-thread-6] DEBUG com.drmq.broker.MessageStore - Stored message: topic=topic-5, offset=259, size=10 bytes
19:48:16.522 [pool-2-thread-3] DEBUG com.drmq.broker.MessageStore - Stored message: topic=topic-2, offset=246, size=10 bytes
19:48:16.524 [pool-2-thread-6] DEBUG com.drmq.broker.MessageStore - Stored message: topic=topic-5, offset=261, size=10 bytes
19:48:16.524 [pool-2-thread-3] DEBUG com.drmq.broker.MessageStore - Stored message: topic=topic-2, offset=262, size=10 bytes
19:48:16.524 [pool-2-thread-3] DEBUG com.drmq.broker.MessageStore - Stored message: topic=topic-2, offset=264, size=10 bytes
19:48:16.522 [pool-2-thread-9] DEBUG com.drmq.broker.MessageStore - Stored message: topic=topic-8, offset=247, size=10 bytes
19:48:16.523 [pool-2-thread-8] DEBUG com.drmq.broker.MessageStore - Stored message: topic=topic-7, offset=250, size=10 bytes
19:48:16.525 [pool-2-thread-9] DEBUG com.drmq.broker.MessageStore - Stored message: topic=topic-8, offset=266, size=10 bytes
19:48:16.523 [pool-2-thread-10] DEBUG com.drmq.broker.MessageStore - Stored message: topic=topic-9, offset=252, size=10 bytes
19:48:16.523 [pool-2-thread-7] DEBUG com.drmq.broker.MessageStore - Stored message: topic=topic-6, offset=248, size=10 bytes
19:48:16.523 [pool-2-thread-4] DEBUG com.drmq.broker.MessageStore - Stored message: topic=topic-3, offset=249, size=10 bytes
19:48:16.525 [pool-2-thread-7] DEBUG com.drmq.broker.MessageStore - Stored message: topic=topic-6, offset=270, size=10 bytes
19:48:16.525 [pool-2-thread-4] DEBUG com.drmq.broker.MessageStore - Stored message: topic=topic-3, offset=271, size=10 bytes
19:48:16.525 [pool-2-thread-7] DEBUG com.drmq.broker.MessageStore - Stored message: topic=topic-6, offset=272, size=10 bytes
19:48:16.525 [pool-2-thread-4] DEBUG com.drmq.broker.MessageStore - Stored message: topic=topic-3, offset=273, size=10 bytes
19:48:16.523 [pool-2-thread-5] DEBUG com.drmq.broker.MessageStore - Stored message: topic=topic-4, offset=256, size=10 bytes
19:48:16.524 [pool-2-thread-2] DEBUG com.drmq.broker.MessageStore - Stored message: topic=topic-1, offset=257, size=10 bytes
19:48:16.525 [pool-2-thread-5] DEBUG com.drmq.broker.MessageStore - Stored message: topic=topic-4, offset=276, size=10 bytes
19:48:16.526 [pool-2-thread-2] DEBUG com.drmq.broker.MessageStore - Stored message: topic=topic-1, offset=277, size=10 bytes
19:48:16.524 [pool-2-thread-1] DEBUG com.drmq.broker.MessageStore - Stored message: topic=topic-0, offset=260, size=10 bytes
19:48:16.526 [pool-2-thread-2] DEBUG com.drmq.broker.MessageStore - Stored message: topic=topic-1, offset=279, size=10 bytes
19:48:16.526 [pool-2-thread-1] DEBUG com.drmq.broker.MessageStore - Stored message: topic=topic-0, offset=280, size=10 bytes
19:48:16.524 [pool-2-thread-6] DEBUG com.drmq.broker.MessageStore - Stored message: topic=topic-5, offset=263, size=10 bytes
19:48:16.526 [pool-2-thread-1] DEBUG com.drmq.broker.MessageStore - Stored message: topic=topic-0, offset=282, size=10 bytes
19:48:16.526 [pool-2-thread-6] DEBUG com.drmq.broker.MessageStore - Stored message: topic=topic-5, offset=283, size=10 bytes
19:48:16.526 [pool-2-thread-1] DEBUG com.drmq.broker.MessageStore - Stored message: topic=topic-0, offset=284, size=10 bytes
19:48:16.526 [pool-2-thread-6] DEBUG com.drmq.broker.MessageStore - Stored message: topic=topic-5, offset=285, size=10 bytes
19:48:16.526 [pool-2-thread-1] DEBUG com.drmq.broker.MessageStore - Stored message: topic=topic-0, offset=286, size=10 bytes
19:48:16.527 [pool-2-thread-1] DEBUG com.drmq.broker.MessageStore - Stored message: topic=topic-0, offset=288, size=10 bytes
19:48:16.525 [pool-2-thread-3] DEBUG com.drmq.broker.MessageStore - Stored message: topic=topic-2, offset=265, size=10 bytes
19:48:16.527 [pool-2-thread-3] DEBUG com.drmq.broker.MessageStore - Stored message: topic=topic-2, offset=290, size=10 bytes
19:48:16.527 [pool-2-thread-3] DEBUG com.drmq.broker.MessageStore - Stored message: topic=topic-2, offset=291, size=10 bytes
19:48:16.528 [pool-2-thread-3] DEBUG com.drmq.broker.MessageStore - Stored message: topic=topic-2, offset=292, size=10 bytes
19:48:16.525 [pool-2-thread-8] DEBUG com.drmq.broker.MessageStore - Stored message: topic=topic-7, offset=267, size=10 bytes
19:48:16.525 [pool-2-thread-9] DEBUG com.drmq.broker.MessageStore - Stored message: topic=topic-8, offset=268, size=10 bytes
19:48:16.529 [pool-2-thread-8] DEBUG com.drmq.broker.MessageStore - Stored message: topic=topic-7, offset=294, size=10 bytes
19:48:16.529 [pool-2-thread-9] DEBUG com.drmq.broker.MessageStore - Stored message: topic=topic-8, offset=295, size=10 bytes
19:48:16.528 [pool-2-thread-3] DEBUG com.drmq.broker.MessageStore - Stored message: topic=topic-2, offset=293, size=10 bytes
19:48:16.525 [pool-2-thread-10] DEBUG com.drmq.broker.MessageStore - Stored message: topic=topic-9, offset=269, size=10 bytes
19:48:16.525 [pool-2-thread-7] DEBUG com.drmq.broker.MessageStore - Stored message: topic=topic-6, offset=274, size=10 bytes
19:48:16.529 [pool-2-thread-10] DEBUG com.drmq.broker.MessageStore - Stored message: topic=topic-9, offset=299, size=10 bytes
19:48:16.529 [pool-2-thread-7] DEBUG com.drmq.broker.MessageStore - Stored message: topic=topic-6, offset=300, size=10 bytes
19:48:16.529 [pool-2-thread-9] DEBUG com.drmq.broker.MessageStore - Stored message: topic=topic-8, offset=297, size=10 bytes
19:48:16.525 [pool-2-thread-4] DEBUG com.drmq.broker.MessageStore - Stored message: topic=topic-3, offset=275, size=10 bytes
19:48:16.526 [pool-2-thread-5] DEBUG com.drmq.broker.MessageStore - Stored message: topic=topic-4, offset=278, size=10 bytes
19:48:16.530 [pool-2-thread-5] DEBUG com.drmq.broker.MessageStore - Stored message: topic=topic-4, offset=305, size=10 bytes
19:48:16.530 [pool-2-thread-5] DEBUG com.drmq.broker.MessageStore - Stored message: topic=topic-4, offset=306, size=10 bytes
19:48:16.530 [pool-2-thread-5] DEBUG com.drmq.broker.MessageStore - Stored message: topic=topic-4, offset=307, size=10 bytes
19:48:16.530 [pool-2-thread-5] DEBUG com.drmq.broker.MessageStore - Stored message: topic=topic-4, offset=308, size=10 bytes
19:48:16.531 [pool-2-thread-5] DEBUG com.drmq.broker.MessageStore - Stored message: topic=topic-4, offset=309, size=10 bytes
19:48:16.531 [pool-2-thread-5] DEBUG com.drmq.broker.MessageStore - Stored message: topic=topic-4, offset=310, size=10 bytes
19:48:16.531 [pool-2-thread-5] DEBUG com.drmq.broker.MessageStore - Stored message: topic=topic-4, offset=311, size=10 bytes
19:48:16.531 [pool-2-thread-5] DEBUG com.drmq.broker.MessageStore - Stored message: topic=topic-4, offset=312, size=10 bytes
19:48:16.531 [pool-2-thread-5] DEBUG com.drmq.broker.MessageStore - Stored message: topic=topic-4, offset=313, size=10 bytes
19:48:16.526 [pool-2-thread-2] DEBUG com.drmq.broker.MessageStore - Stored message: topic=topic-1, offset=281, size=10 bytes
19:48:16.532 [pool-2-thread-5] DEBUG com.drmq.broker.MessageStore - Stored message: topic=topic-4, offset=314, size=10 bytes
19:48:16.527 [pool-2-thread-6] DEBUG com.drmq.broker.MessageStore - Stored message: topic=topic-5, offset=287, size=10 bytes
19:48:16.532 [pool-2-thread-5] DEBUG com.drmq.broker.MessageStore - Stored message: topic=topic-4, offset=316, size=10 bytes
19:48:16.532 [pool-2-thread-6] DEBUG com.drmq.broker.MessageStore - Stored message: topic=topic-5, offset=317, size=10 bytes
19:48:16.527 [pool-2-thread-1] DEBUG com.drmq.broker.MessageStore - Stored message: topic=topic-0, offset=289, size=10 bytes
19:48:16.532 [pool-2-thread-6] DEBUG com.drmq.broker.MessageStore - Stored message: topic=topic-5, offset=319, size=10 bytes
19:48:16.532 [pool-2-thread-1] DEBUG com.drmq.broker.MessageStore - Stored message: topic=topic-0, offset=320, size=10 bytes
19:48:16.532 [pool-2-thread-6] DEBUG com.drmq.broker.MessageStore - Stored message: topic=topic-5, offset=321, size=10 bytes
19:48:16.532 [pool-2-thread-1] DEBUG com.drmq.broker.MessageStore - Stored message: topic=topic-0, offset=322, size=10 bytes
19:48:16.529 [pool-2-thread-8] DEBUG com.drmq.broker.MessageStore - Stored message: topic=topic-7, offset=296, size=10 bytes
19:48:16.529 [pool-2-thread-3] DEBUG com.drmq.broker.MessageStore - Stored message: topic=topic-2, offset=298, size=10 bytes
19:48:16.529 [pool-2-thread-10] DEBUG com.drmq.broker.MessageStore - Stored message: topic=topic-9, offset=301, size=10 bytes
19:48:16.533 [pool-2-thread-3] DEBUG com.drmq.broker.MessageStore - Stored message: topic=topic-2, offset=326, size=10 bytes
19:48:16.533 [pool-2-thread-10] DEBUG com.drmq.broker.MessageStore - Stored message: topic=topic-9, offset=327, size=10 bytes
19:48:16.533 [pool-2-thread-3] DEBUG com.drmq.broker.MessageStore - Stored message: topic=topic-2, offset=328, size=10 bytes
19:48:16.529 [pool-2-thread-7] DEBUG com.drmq.broker.MessageStore - Stored message: topic=topic-6, offset=302, size=10 bytes
19:48:16.530 [pool-2-thread-9] DEBUG com.drmq.broker.MessageStore - Stored message: topic=topic-8, offset=303, size=10 bytes
19:48:16.530 [pool-2-thread-4] DEBUG com.drmq.broker.MessageStore - Stored message: topic=topic-3, offset=304, size=10 bytes
19:48:16.532 [pool-2-thread-2] DEBUG com.drmq.broker.MessageStore - Stored message: topic=topic-1, offset=315, size=10 bytes
19:48:16.533 [pool-2-thread-4] DEBUG com.drmq.broker.MessageStore - Stored message: topic=topic-3, offset=333, size=10 bytes
19:48:16.532 [pool-2-thread-5] DEBUG com.drmq.broker.MessageStore - Stored message: topic=topic-4, offset=318, size=10 bytes
19:48:16.534 [pool-2-thread-2] DEBUG com.drmq.broker.MessageStore - Stored message: topic=topic-1, offset=334, size=10 bytes
19:48:16.534 [pool-2-thread-5] DEBUG com.drmq.broker.MessageStore - Stored message: topic=topic-4, offset=336, size=10 bytes
19:48:16.532 [pool-2-thread-6] DEBUG com.drmq.broker.MessageStore - Stored message: topic=topic-5, offset=323, size=10 bytes
19:48:16.534 [pool-2-thread-5] DEBUG com.drmq.broker.MessageStore - Stored message: topic=topic-4, offset=338, size=10 bytes
19:48:16.534 [pool-2-thread-6] DEBUG com.drmq.broker.MessageStore - Stored message: topic=topic-5, offset=339, size=10 bytes
19:48:16.534 [pool-2-thread-5] DEBUG com.drmq.broker.MessageStore - Stored message: topic=topic-4, offset=340, size=10 bytes
19:48:16.534 [pool-2-thread-6] DEBUG com.drmq.broker.MessageStore - Stored message: topic=topic-5, offset=341, size=10 bytes
19:48:16.533 [pool-2-thread-1] DEBUG com.drmq.broker.MessageStore - Stored message: topic=topic-0, offset=324, size=10 bytes
19:48:16.533 [pool-2-thread-8] DEBUG com.drmq.broker.MessageStore - Stored message: topic=topic-7, offset=325, size=10 bytes
19:48:16.533 [pool-2-thread-10] DEBUG com.drmq.broker.MessageStore - Stored message: topic=topic-9, offset=329, size=10 bytes
19:48:16.533 [pool-2-thread-3] DEBUG com.drmq.broker.MessageStore - Stored message: topic=topic-2, offset=330, size=10 bytes
19:48:16.533 [pool-2-thread-7] DEBUG com.drmq.broker.MessageStore - Stored message: topic=topic-6, offset=331, size=10 bytes
19:48:16.535 [pool-2-thread-3] DEBUG com.drmq.broker.MessageStore - Stored message: topic=topic-2, offset=347, size=10 bytes
19:48:16.535 [pool-2-thread-7] DEBUG com.drmq.broker.MessageStore - Stored message: topic=topic-6, offset=348, size=10 bytes
19:48:16.533 [pool-2-thread-9] DEBUG com.drmq.broker.MessageStore - Stored message: topic=topic-8, offset=332, size=10 bytes
19:48:16.534 [pool-2-thread-4] DEBUG com.drmq.broker.MessageStore - Stored message: topic=topic-3, offset=335, size=10 bytes
19:48:16.535 [pool-2-thread-9] DEBUG com.drmq.broker.MessageStore - Stored message: topic=topic-8, offset=351, size=10 bytes
19:48:16.535 [pool-2-thread-4] DEBUG com.drmq.broker.MessageStore - Stored message: topic=topic-3, offset=352, size=10 bytes
19:48:16.534 [pool-2-thread-2] DEBUG com.drmq.broker.MessageStore - Stored message: topic=topic-1, offset=337, size=10 bytes
19:48:16.534 [pool-2-thread-5] DEBUG com.drmq.broker.MessageStore - Stored message: topic=topic-4, offset=342, size=10 bytes
19:48:16.536 [pool-2-thread-4] DEBUG com.drmq.broker.MessageStore - Stored message: topic=topic-3, offset=354, size=10 bytes
19:48:16.536 [pool-2-thread-5] DEBUG com.drmq.broker.MessageStore - Stored message: topic=topic-4, offset=356, size=10 bytes
19:48:16.536 [pool-2-thread-5] DEBUG com.drmq.broker.MessageStore - Stored message: topic=topic-4, offset=358, size=10 bytes
19:48:16.534 [pool-2-thread-6] DEBUG com.drmq.broker.MessageStore - Stored message: topic=topic-5, offset=343, size=10 bytes
19:48:16.534 [pool-2-thread-1] DEBUG com.drmq.broker.MessageStore - Stored message: topic=topic-0, offset=344, size=10 bytes
19:48:16.536 [pool-2-thread-6] DEBUG com.drmq.broker.MessageStore - Stored message: topic=topic-5, offset=360, size=10 bytes
19:48:16.536 [pool-2-thread-1] DEBUG com.drmq.broker.MessageStore - Stored message: topic=topic-0, offset=361, size=10 bytes
19:48:16.536 [pool-2-thread-1] DEBUG com.drmq.broker.MessageStore - Stored message: topic=topic-0, offset=363, size=10 bytes
19:48:16.537 [pool-2-thread-1] DEBUG com.drmq.broker.MessageStore - Stored message: topic=topic-0, offset=364, size=10 bytes
19:48:16.537 [pool-2-thread-1] DEBUG com.drmq.broker.MessageStore - Stored message: topic=topic-0, offset=365, size=10 bytes
19:48:16.537 [pool-2-thread-1] DEBUG com.drmq.broker.MessageStore - Stored message: topic=topic-0, offset=366, size=10 bytes
19:48:16.537 [pool-2-thread-1] DEBUG com.drmq.broker.MessageStore - Stored message: topic=topic-0, offset=367, size=10 bytes
19:48:16.537 [pool-2-thread-1] DEBUG com.drmq.broker.MessageStore - Stored message: topic=topic-0, offset=368, size=10 bytes
19:48:16.537 [pool-2-thread-1] DEBUG com.drmq.broker.MessageStore - Stored message: topic=topic-0, offset=369, size=10 bytes
19:48:16.537 [pool-2-thread-1] DEBUG com.drmq.broker.MessageStore - Stored message: topic=topic-0, offset=370, size=10 bytes
19:48:16.538 [pool-2-thread-1] DEBUG com.drmq.broker.MessageStore - Stored message: topic=topic-0, offset=371, size=10 bytes
19:48:16.538 [pool-2-thread-1] DEBUG com.drmq.broker.MessageStore - Stored message: topic=topic-0, offset=372, size=10 bytes
19:48:16.538 [pool-2-thread-1] DEBUG com.drmq.broker.MessageStore - Stored message: topic=topic-0, offset=373, size=10 bytes
19:48:16.538 [pool-2-thread-1] DEBUG com.drmq.broker.MessageStore - Stored message: topic=topic-0, offset=374, size=10 bytes
19:48:16.538 [pool-2-thread-1] DEBUG com.drmq.broker.MessageStore - Stored message: topic=topic-0, offset=375, size=10 bytes
19:48:16.538 [pool-2-thread-1] DEBUG com.drmq.broker.MessageStore - Stored message: topic=topic-0, offset=376, size=10 bytes
19:48:16.538 [pool-2-thread-1] DEBUG com.drmq.broker.MessageStore - Stored message: topic=topic-0, offset=377, size=10 bytes
19:48:16.539 [pool-2-thread-1] DEBUG com.drmq.broker.MessageStore - Stored message: topic=topic-0, offset=378, size=10 bytes
19:48:16.539 [pool-2-thread-1] DEBUG com.drmq.broker.MessageStore - Stored message: topic=topic-0, offset=379, size=10 bytes
19:48:16.539 [pool-2-thread-1] DEBUG com.drmq.broker.MessageStore - Stored message: topic=topic-0, offset=380, size=10 bytes
19:48:16.539 [pool-2-thread-1] DEBUG com.drmq.broker.MessageStore - Stored message: topic=topic-0, offset=381, size=10 bytes
19:48:16.539 [pool-2-thread-1] DEBUG com.drmq.broker.MessageStore - Stored message: topic=topic-0, offset=382, size=10 bytes
19:48:16.535 [pool-2-thread-8] DEBUG com.drmq.broker.MessageStore - Stored message: topic=topic-7, offset=345, size=10 bytes
19:48:16.540 [pool-2-thread-8] DEBUG com.drmq.broker.MessageStore - Stored message: topic=topic-7, offset=384, size=10 bytes
19:48:16.540 [pool-2-thread-8] DEBUG com.drmq.broker.MessageStore - Stored message: topic=topic-7, offset=385, size=10 bytes
19:48:16.540 [pool-2-thread-8] DEBUG com.drmq.broker.MessageStore - Stored message: topic=topic-7, offset=386, size=10 bytes
19:48:16.540 [pool-2-thread-8] DEBUG com.drmq.broker.MessageStore - Stored message: topic=topic-7, offset=387, size=10 bytes
19:48:16.540 [pool-2-thread-8] DEBUG com.drmq.broker.MessageStore - Stored message: topic=topic-7, offset=388, size=10 bytes
19:48:16.540 [pool-2-thread-8] DEBUG com.drmq.broker.MessageStore - Stored message: topic=topic-7, offset=389, size=10 bytes
19:48:16.541 [pool-2-thread-8] DEBUG com.drmq.broker.MessageStore - Stored message: topic=topic-7, offset=390, size=10 bytes
19:48:16.541 [pool-2-thread-8] DEBUG com.drmq.broker.MessageStore - Stored message: topic=topic-7, offset=391, size=10 bytes
19:48:16.541 [pool-2-thread-8] DEBUG com.drmq.broker.MessageStore - Stored message: topic=topic-7, offset=392, size=10 bytes
19:48:16.541 [pool-2-thread-8] DEBUG com.drmq.broker.MessageStore - Stored message: topic=topic-7, offset=393, size=10 bytes
19:48:16.541 [pool-2-thread-8] DEBUG com.drmq.broker.MessageStore - Stored message: topic=topic-7, offset=394, size=10 bytes
19:48:16.541 [pool-2-thread-8] DEBUG com.drmq.broker.MessageStore - Stored message: topic=topic-7, offset=395, size=10 bytes
19:48:16.541 [pool-2-thread-8] DEBUG com.drmq.broker.MessageStore - Stored message: topic=topic-7, offset=396, size=10 bytes
19:48:16.541 [pool-2-thread-8] DEBUG com.drmq.broker.MessageStore - Stored message: topic=topic-7, offset=397, size=10 bytes
19:48:16.542 [pool-2-thread-8] DEBUG com.drmq.broker.MessageStore - Stored message: topic=topic-7, offset=398, size=10 bytes
19:48:16.542 [pool-2-thread-8] DEBUG com.drmq.broker.MessageStore - Stored message: topic=topic-7, offset=399, size=10 bytes
19:48:16.542 [pool-2-thread-8] DEBUG com.drmq.broker.MessageStore - Stored message: topic=topic-7, offset=400, size=10 bytes
19:48:16.542 [pool-2-thread-8] DEBUG com.drmq.broker.MessageStore - Stored message: topic=topic-7, offset=401, size=10 bytes
19:48:16.542 [pool-2-thread-8] DEBUG com.drmq.broker.MessageStore - Stored message: topic=topic-7, offset=402, size=10 bytes
19:48:16.542 [pool-2-thread-8] DEBUG com.drmq.broker.MessageStore - Stored message: topic=topic-7, offset=403, size=10 bytes
19:48:16.542 [pool-2-thread-8] DEBUG com.drmq.broker.MessageStore - Stored message: topic=topic-7, offset=404, size=10 bytes
19:48:16.535 [pool-2-thread-10] DEBUG com.drmq.broker.MessageStore - Stored message: topic=topic-9, offset=346, size=10 bytes
19:48:16.543 [pool-2-thread-10] DEBUG com.drmq.broker.MessageStore - Stored message: topic=topic-9, offset=405, size=10 bytes
19:48:16.543 [pool-2-thread-10] DEBUG com.drmq.broker.MessageStore - Stored message: topic=topic-9, offset=406, size=10 bytes
19:48:16.543 [pool-2-thread-10] DEBUG com.drmq.broker.MessageStore - Stored message: topic=topic-9, offset=407, size=10 bytes
19:48:16.544 [pool-2-thread-10] DEBUG com.drmq.broker.MessageStore - Stored message: topic=topic-9, offset=408, size=10 bytes
19:48:16.545 [pool-2-thread-10] DEBUG com.drmq.broker.MessageStore - Stored message: topic=topic-9, offset=409, size=10 bytes
19:48:16.545 [pool-2-thread-10] DEBUG com.drmq.broker.MessageStore - Stored message: topic=topic-9, offset=410, size=10 bytes
19:48:16.545 [pool-2-thread-10] DEBUG com.drmq.broker.MessageStore - Stored message: topic=topic-9, offset=411, size=10 bytes
19:48:16.545 [pool-2-thread-10] DEBUG com.drmq.broker.MessageStore - Stored message: topic=topic-9, offset=412, size=10 bytes
19:48:16.545 [pool-2-thread-10] DEBUG com.drmq.broker.MessageStore - Stored message: topic=topic-9, offset=413, size=10 bytes
19:48:16.546 [pool-2-thread-10] DEBUG com.drmq.broker.MessageStore - Stored message: topic=topic-9, offset=414, size=10 bytes
19:48:16.546 [pool-2-thread-10] DEBUG com.drmq.broker.MessageStore - Stored message: topic=topic-9, offset=415, size=10 bytes
19:48:16.546 [pool-2-thread-10] DEBUG com.drmq.broker.MessageStore - Stored message: topic=topic-9, offset=416, size=10 bytes
19:48:16.546 [pool-2-thread-10] DEBUG com.drmq.broker.MessageStore - Stored message: topic=topic-9, offset=417, size=10 bytes
19:48:16.546 [pool-2-thread-10] DEBUG com.drmq.broker.MessageStore - Stored message: topic=topic-9, offset=418, size=10 bytes
19:48:16.546 [pool-2-thread-10] DEBUG com.drmq.broker.MessageStore - Stored message: topic=topic-9, offset=419, size=10 bytes
19:48:16.546 [pool-2-thread-8] DEBUG com.drmq.broker.MessageStore - Stored message: topic=topic-7, offset=421, size=10 bytes
19:48:16.547 [pool-2-thread-8] DEBUG com.drmq.broker.MessageStore - Stored message: topic=topic-7, offset=422, size=10 bytes
19:48:16.547 [pool-2-thread-8] DEBUG com.drmq.broker.MessageStore - Stored message: topic=topic-7, offset=423, size=10 bytes
19:48:16.547 [pool-2-thread-8] DEBUG com.drmq.broker.MessageStore - Stored message: topic=topic-7, offset=424, size=10 bytes
19:48:16.547 [pool-2-thread-8] DEBUG com.drmq.broker.MessageStore - Stored message: topic=topic-7, offset=425, size=10 bytes
19:48:16.547 [pool-2-thread-8] DEBUG com.drmq.broker.MessageStore - Stored message: topic=topic-7, offset=426, size=10 bytes
19:48:16.547 [pool-2-thread-8] DEBUG com.drmq.broker.MessageStore - Stored message: topic=topic-7, offset=427, size=10 bytes
19:48:16.548 [pool-2-thread-8] DEBUG com.drmq.broker.MessageStore - Stored message: topic=topic-7, offset=428, size=10 bytes
19:48:16.548 [pool-2-thread-8] DEBUG com.drmq.broker.MessageStore - Stored message: topic=topic-7, offset=429, size=10 bytes
19:48:16.548 [pool-2-thread-8] DEBUG com.drmq.broker.MessageStore - Stored message: topic=topic-7, offset=430, size=10 bytes
19:48:16.548 [pool-2-thread-8] DEBUG com.drmq.broker.MessageStore - Stored message: topic=topic-7, offset=431, size=10 bytes
19:48:16.548 [pool-2-thread-8] DEBUG com.drmq.broker.MessageStore - Stored message: topic=topic-7, offset=432, size=10 bytes
19:48:16.548 [pool-2-thread-8] DEBUG com.drmq.broker.MessageStore - Stored message: topic=topic-7, offset=433, size=10 bytes
19:48:16.549 [pool-2-thread-8] DEBUG com.drmq.broker.MessageStore - Stored message: topic=topic-7, offset=434, size=10 bytes
19:48:16.549 [pool-2-thread-8] DEBUG com.drmq.broker.MessageStore - Stored message: topic=topic-7, offset=435, size=10 bytes
19:48:16.549 [pool-2-thread-8] DEBUG com.drmq.broker.MessageStore - Stored message: topic=topic-7, offset=436, size=10 bytes
19:48:16.549 [pool-2-thread-8] DEBUG com.drmq.broker.MessageStore - Stored message: topic=topic-7, offset=437, size=10 bytes
19:48:16.549 [pool-2-thread-8] DEBUG com.drmq.broker.MessageStore - Stored message: topic=topic-7, offset=438, size=10 bytes
19:48:16.549 [pool-2-thread-8] DEBUG com.drmq.broker.MessageStore - Stored message: topic=topic-7, offset=439, size=10 bytes
19:48:16.535 [pool-2-thread-3] DEBUG com.drmq.broker.MessageStore - Stored message: topic=topic-2, offset=349, size=10 bytes
19:48:16.535 [pool-2-thread-7] DEBUG com.drmq.broker.MessageStore - Stored message: topic=topic-6, offset=350, size=10 bytes
19:48:16.550 [pool-2-thread-3] DEBUG com.drmq.broker.MessageStore - Stored message: topic=topic-2, offset=440, size=10 bytes
19:48:16.550 [pool-2-thread-7] DEBUG com.drmq.broker.MessageStore - Stored message: topic=topic-6, offset=441, size=10 bytes
19:48:16.535 [pool-2-thread-9] DEBUG com.drmq.broker.MessageStore - Stored message: topic=topic-8, offset=353, size=10 bytes
19:48:16.550 [pool-2-thread-7] DEBUG com.drmq.broker.MessageStore - Stored message: topic=topic-6, offset=444, size=10 bytes
19:48:16.550 [pool-2-thread-9] DEBUG com.drmq.broker.MessageStore - Stored message: topic=topic-8, offset=445, size=10 bytes
19:48:16.550 [pool-2-thread-7] DEBUG com.drmq.broker.MessageStore - Stored message: topic=topic-6, offset=446, size=10 bytes
19:48:16.550 [pool-2-thread-9] DEBUG com.drmq.broker.MessageStore - Stored message: topic=topic-8, offset=447, size=10 bytes
19:48:16.550 [pool-2-thread-7] DEBUG com.drmq.broker.MessageStore - Stored message: topic=topic-6, offset=448, size=10 bytes
19:48:16.536 [pool-2-thread-2] DEBUG com.drmq.broker.MessageStore - Stored message: topic=topic-1, offset=355, size=10 bytes
19:48:16.551 [pool-2-thread-7] DEBUG com.drmq.broker.MessageStore - Stored message: topic=topic-6, offset=450, size=10 bytes
19:48:16.551 [pool-2-thread-8] DEBUG com.drmq.broker.MessageStore - Stored message: topic=topic-7, offset=443, size=10 bytes
19:48:16.551 [pool-2-thread-7] DEBUG com.drmq.broker.MessageStore - Stored message: topic=topic-6, offset=452, size=10 bytes
19:48:16.551 [pool-2-thread-8] DEBUG com.drmq.broker.MessageStore - Stored message: topic=topic-7, offset=453, size=10 bytes
19:48:16.536 [pool-2-thread-4] DEBUG com.drmq.broker.MessageStore - Stored message: topic=topic-3, offset=357, size=10 bytes
19:48:16.551 [pool-2-thread-8] DEBUG com.drmq.broker.MessageStore - Stored message: topic=topic-7, offset=455, size=10 bytes
19:48:16.551 [pool-2-thread-4] DEBUG com.drmq.broker.MessageStore - Stored message: topic=topic-3, offset=456, size=10 bytes
19:48:16.551 [pool-2-thread-4] DEBUG com.drmq.broker.MessageStore - Stored message: topic=topic-3, offset=458, size=10 bytes
19:48:16.551 [pool-2-thread-4] DEBUG com.drmq.broker.MessageStore - Stored message: topic=topic-3, offset=459, size=10 bytes
19:48:16.536 [pool-2-thread-5] DEBUG com.drmq.broker.MessageStore - Stored message: topic=topic-4, offset=359, size=10 bytes
19:48:16.552 [pool-2-thread-4] DEBUG com.drmq.broker.MessageStore - Stored message: topic=topic-3, offset=460, size=10 bytes
19:48:16.552 [pool-2-thread-5] DEBUG com.drmq.broker.MessageStore - Stored message: topic=topic-4, offset=461, size=10 bytes
19:48:16.552 [pool-2-thread-4] DEBUG com.drmq.broker.MessageStore - Stored message: topic=topic-3, offset=462, size=10 bytes
19:48:16.552 [pool-2-thread-5] DEBUG com.drmq.broker.MessageStore - Stored message: topic=topic-4, offset=463, size=10 bytes
19:48:16.552 [pool-2-thread-4] DEBUG com.drmq.broker.MessageStore - Stored message: topic=topic-3, offset=464, size=10 bytes
19:48:16.552 [pool-2-thread-4] DEBUG com.drmq.broker.MessageStore - Stored message: topic=topic-3, offset=466, size=10 bytes
19:48:16.552 [pool-2-thread-4] DEBUG com.drmq.broker.MessageStore - Stored message: topic=topic-3, offset=467, size=10 bytes
19:48:16.552 [pool-2-thread-4] DEBUG com.drmq.broker.MessageStore - Stored message: topic=topic-3, offset=468, size=10 bytes
19:48:16.552 [pool-2-thread-4] DEBUG com.drmq.broker.MessageStore - Stored message: topic=topic-3, offset=469, size=10 bytes
19:48:16.553 [pool-2-thread-4] DEBUG com.drmq.broker.MessageStore - Stored message: topic=topic-3, offset=470, size=10 bytes
19:48:16.553 [pool-2-thread-4] DEBUG com.drmq.broker.MessageStore - Stored message: topic=topic-3, offset=471, size=10 bytes
19:48:16.553 [pool-2-thread-4] DEBUG com.drmq.broker.MessageStore - Stored message: topic=topic-3, offset=472, size=10 bytes
19:48:16.553 [pool-2-thread-4] DEBUG com.drmq.broker.MessageStore - Stored message: topic=topic-3, offset=473, size=10 bytes
19:48:16.536 [pool-2-thread-6] DEBUG com.drmq.broker.MessageStore - Stored message: topic=topic-5, offset=362, size=10 bytes
19:48:16.549 [pool-2-thread-1] DEBUG com.drmq.broker.MessageStore - Stored message: topic=topic-0, offset=383, size=10 bytes
19:48:16.554 [pool-2-thread-1] DEBUG com.drmq.broker.MessageStore - Stored message: topic=topic-0, offset=476, size=10 bytes
19:48:16.554 [pool-2-thread-4] DEBUG com.drmq.broker.MessageStore - Stored message: topic=topic-3, offset=474, size=10 bytes
19:48:16.554 [pool-2-thread-1] DEBUG com.drmq.broker.MessageStore - Stored message: topic=topic-0, offset=477, size=10 bytes
19:48:16.554 [pool-2-thread-4] DEBUG com.drmq.broker.MessageStore - Stored message: topic=topic-3, offset=478, size=10 bytes
19:48:16.554 [pool-2-thread-1] DEBUG com.drmq.broker.MessageStore - Stored message: topic=topic-0, offset=479, size=10 bytes
19:48:16.546 [pool-2-thread-10] DEBUG com.drmq.broker.MessageStore - Stored message: topic=topic-9, offset=420, size=10 bytes
19:48:16.550 [pool-2-thread-3] DEBUG com.drmq.broker.MessageStore - Stored message: topic=topic-2, offset=442, size=10 bytes
19:48:16.550 [pool-2-thread-9] DEBUG com.drmq.broker.MessageStore - Stored message: topic=topic-8, offset=449, size=10 bytes
19:48:16.554 [pool-2-thread-10] DEBUG com.drmq.broker.MessageStore - Stored message: topic=topic-9, offset=483, size=10 bytes
19:48:16.554 [pool-2-thread-9] DEBUG com.drmq.broker.MessageStore - Stored message: topic=topic-8, offset=484, size=10 bytes
19:48:16.551 [pool-2-thread-2] DEBUG com.drmq.broker.MessageStore - Stored message: topic=topic-1, offset=451, size=10 bytes
19:48:16.557 [pool-2-thread-9] DEBUG com.drmq.broker.MessageStore - Stored message: topic=topic-8, offset=486, size=10 bytes
19:48:16.551 [pool-2-thread-7] DEBUG com.drmq.broker.MessageStore - Stored message: topic=topic-6, offset=454, size=10 bytes
19:48:16.557 [pool-2-thread-7] DEBUG com.drmq.broker.MessageStore - Stored message: topic=topic-6, offset=489, size=10 bytes
19:48:16.560 [pool-2-thread-7] DEBUG com.drmq.broker.MessageStore - Stored message: topic=topic-6, offset=490, size=10 bytes
19:48:16.551 [pool-2-thread-8] DEBUG com.drmq.broker.MessageStore - Stored message: topic=topic-7, offset=457, size=10 bytes
19:48:16.553 [pool-2-thread-5] DEBUG com.drmq.broker.MessageStore - Stored message: topic=topic-4, offset=465, size=10 bytes
19:48:16.561 [pool-2-thread-5] DEBUG com.drmq.broker.MessageStore - Stored message: topic=topic-4, offset=493, size=10 bytes
19:48:16.561 [pool-2-thread-5] DEBUG com.drmq.broker.MessageStore - Stored message: topic=topic-4, offset=494, size=10 bytes
19:48:16.561 [pool-2-thread-5] DEBUG com.drmq.broker.MessageStore - Stored message: topic=topic-4, offset=495, size=10 bytes
19:48:16.562 [pool-2-thread-5] DEBUG com.drmq.broker.MessageStore - Stored message: topic=topic-4, offset=496, size=10 bytes
19:48:16.562 [pool-2-thread-5] DEBUG com.drmq.broker.MessageStore - Stored message: topic=topic-4, offset=497, size=10 bytes
19:48:16.562 [pool-2-thread-5] DEBUG com.drmq.broker.MessageStore - Stored message: topic=topic-4, offset=498, size=10 bytes
19:48:16.562 [pool-2-thread-5] DEBUG com.drmq.broker.MessageStore - Stored message: topic=topic-4, offset=499, size=10 bytes
19:48:16.563 [pool-2-thread-5] DEBUG com.drmq.broker.MessageStore - Stored message: topic=topic-4, offset=500, size=10 bytes
19:48:16.563 [pool-2-thread-5] DEBUG com.drmq.broker.MessageStore - Stored message: topic=topic-4, offset=501, size=10 bytes
19:48:16.563 [pool-2-thread-5] DEBUG com.drmq.broker.MessageStore - Stored message: topic=topic-4, offset=502, size=10 bytes
19:48:16.563 [pool-2-thread-5] DEBUG com.drmq.broker.MessageStore - Stored message: topic=topic-4, offset=503, size=10 bytes
19:48:16.563 [pool-2-thread-5] DEBUG com.drmq.broker.MessageStore - Stored message: topic=topic-4, offset=504, size=10 bytes
19:48:16.564 [pool-2-thread-5] DEBUG com.drmq.broker.MessageStore - Stored message: topic=topic-4, offset=505, size=10 bytes
19:48:16.564 [pool-2-thread-5] DEBUG com.drmq.broker.MessageStore - Stored message: topic=topic-4, offset=506, size=10 bytes
19:48:16.564 [pool-2-thread-5] DEBUG com.drmq.broker.MessageStore - Stored message: topic=topic-4, offset=507, size=10 bytes
19:48:16.554 [pool-2-thread-6] DEBUG com.drmq.broker.MessageStore - Stored message: topic=topic-5, offset=475, size=10 bytes
19:48:16.565 [pool-2-thread-5] DEBUG com.drmq.broker.MessageStore - Stored message: topic=topic-4, offset=508, size=10 bytes
19:48:16.554 [pool-2-thread-4] DEBUG com.drmq.broker.MessageStore - Stored message: topic=topic-3, offset=480, size=10 bytes
19:48:16.554 [pool-2-thread-1] DEBUG com.drmq.broker.MessageStore - Stored message: topic=topic-0, offset=481, size=10 bytes
19:48:16.554 [pool-2-thread-3] DEBUG com.drmq.broker.MessageStore - Stored message: topic=topic-2, offset=482, size=10 bytes
19:48:16.565 [pool-2-thread-3] DEBUG com.drmq.broker.MessageStore - Stored message: topic=topic-2, offset=512, size=10 bytes
19:48:16.566 [pool-2-thread-3] DEBUG com.drmq.broker.MessageStore - Stored message: topic=topic-2, offset=513, size=10 bytes
19:48:16.566 [pool-2-thread-3] DEBUG com.drmq.broker.MessageStore - Stored message: topic=topic-2, offset=514, size=10 bytes
19:48:16.566 [pool-2-thread-3] DEBUG com.drmq.broker.MessageStore - Stored message: topic=topic-2, offset=515, size=10 bytes
19:48:16.566 [pool-2-thread-3] DEBUG com.drmq.broker.MessageStore - Stored message: topic=topic-2, offset=516, size=10 bytes
19:48:16.566 [pool-2-thread-3] DEBUG com.drmq.broker.MessageStore - Stored message: topic=topic-2, offset=517, size=10 bytes
19:48:16.566 [pool-2-thread-3] DEBUG com.drmq.broker.MessageStore - Stored message: topic=topic-2, offset=518, size=10 bytes
19:48:16.566 [pool-2-thread-3] DEBUG com.drmq.broker.MessageStore - Stored message: topic=topic-2, offset=519, size=10 bytes
19:48:16.554 [pool-2-thread-10] DEBUG com.drmq.broker.MessageStore - Stored message: topic=topic-9, offset=485, size=10 bytes
19:48:16.567 [pool-2-thread-1] DEBUG com.drmq.broker.MessageStore - Stored message: topic=topic-0, offset=522, size=10 bytes
19:48:16.567 [pool-2-thread-1] DEBUG com.drmq.broker.MessageStore - Stored message: topic=topic-0, offset=523, size=10 bytes
19:48:16.567 [pool-2-thread-1] DEBUG com.drmq.broker.MessageStore - Stored message: topic=topic-0, offset=524, size=10 bytes
19:48:16.557 [pool-2-thread-2] DEBUG com.drmq.broker.MessageStore - Stored message: topic=topic-1, offset=487, size=10 bytes
19:48:16.557 [pool-2-thread-9] DEBUG com.drmq.broker.MessageStore - Stored message: topic=topic-8, offset=488, size=10 bytes
19:48:16.568 [pool-2-thread-9] DEBUG com.drmq.broker.MessageStore - Stored message: topic=topic-8, offset=527, size=10 bytes
19:48:16.568 [pool-2-thread-9] DEBUG com.drmq.broker.MessageStore - Stored message: topic=topic-8, offset=528, size=10 bytes
19:48:16.568 [pool-2-thread-9] DEBUG com.drmq.broker.MessageStore - Stored message: topic=topic-8, offset=529, size=10 bytes
19:48:16.568 [pool-2-thread-9] DEBUG com.drmq.broker.MessageStore - Stored message: topic=topic-8, offset=530, size=10 bytes
19:48:16.568 [pool-2-thread-9] DEBUG com.drmq.broker.MessageStore - Stored message: topic=topic-8, offset=531, size=10 bytes
19:48:16.568 [pool-2-thread-9] DEBUG com.drmq.broker.MessageStore - Stored message: topic=topic-8, offset=532, size=10 bytes
19:48:16.569 [pool-2-thread-9] DEBUG com.drmq.broker.MessageStore - Stored message: topic=topic-8, offset=533, size=10 bytes
19:48:16.569 [pool-2-thread-9] DEBUG com.drmq.broker.MessageStore - Stored message: topic=topic-8, offset=534, size=10 bytes
19:48:16.569 [pool-2-thread-9] DEBUG com.drmq.broker.MessageStore - Stored message: topic=topic-8, offset=535, size=10 bytes
19:48:16.569 [pool-2-thread-9] DEBUG com.drmq.broker.MessageStore - Stored message: topic=topic-8, offset=536, size=10 bytes
19:48:16.569 [pool-2-thread-9] DEBUG com.drmq.broker.MessageStore - Stored message: topic=topic-8, offset=537, size=10 bytes
19:48:16.569 [pool-2-thread-9] DEBUG com.drmq.broker.MessageStore - Stored message: topic=topic-8, offset=538, size=10 bytes
19:48:16.570 [pool-2-thread-9] DEBUG com.drmq.broker.MessageStore - Stored message: topic=topic-8, offset=539, size=10 bytes
19:48:16.570 [pool-2-thread-9] DEBUG com.drmq.broker.MessageStore - Stored message: topic=topic-8, offset=540, size=10 bytes
19:48:16.570 [pool-2-thread-9] DEBUG com.drmq.broker.MessageStore - Stored message: topic=topic-8, offset=541, size=10 bytes
19:48:16.570 [pool-2-thread-9] DEBUG com.drmq.broker.MessageStore - Stored message: topic=topic-8, offset=542, size=10 bytes
19:48:16.570 [pool-2-thread-9] DEBUG com.drmq.broker.MessageStore - Stored message: topic=topic-8, offset=543, size=10 bytes
19:48:16.570 [pool-2-thread-9] DEBUG com.drmq.broker.MessageStore - Stored message: topic=topic-8, offset=544, size=10 bytes
19:48:16.570 [pool-2-thread-9] DEBUG com.drmq.broker.MessageStore - Stored message: topic=topic-8, offset=545, size=10 bytes
19:48:16.560 [pool-2-thread-7] DEBUG com.drmq.broker.MessageStore - Stored message: topic=topic-6, offset=491, size=10 bytes
19:48:16.573 [pool-2-thread-7] DEBUG com.drmq.broker.MessageStore - Stored message: topic=topic-6, offset=547, size=10 bytes
19:48:16.573 [pool-2-thread-7] DEBUG com.drmq.broker.MessageStore - Stored message: topic=topic-6, offset=548, size=10 bytes
19:48:16.573 [pool-2-thread-7] DEBUG com.drmq.broker.MessageStore - Stored message: topic=topic-6, offset=549, size=10 bytes
19:48:16.561 [pool-2-thread-8] DEBUG com.drmq.broker.MessageStore - Stored message: topic=topic-7, offset=492, size=10 bytes
19:48:16.574 [pool-2-thread-8] DEBUG com.drmq.broker.MessageStore - Stored message: topic=topic-7, offset=551, size=10 bytes
19:48:16.574 [pool-2-thread-8] DEBUG com.drmq.broker.MessageStore - Stored message: topic=topic-7, offset=552, size=10 bytes
19:48:16.574 [pool-2-thread-8] DEBUG com.drmq.broker.MessageStore - Stored message: topic=topic-7, offset=553, size=10 bytes
19:48:16.574 [pool-2-thread-8] DEBUG com.drmq.broker.MessageStore - Stored message: topic=topic-7, offset=554, size=10 bytes
19:48:16.574 [pool-2-thread-8] DEBUG com.drmq.broker.MessageStore - Stored message: topic=topic-7, offset=555, size=10 bytes
19:48:16.574 [pool-2-thread-8] DEBUG com.drmq.broker.MessageStore - Stored message: topic=topic-7, offset=556, size=10 bytes
19:48:16.565 [pool-2-thread-6] DEBUG com.drmq.broker.MessageStore - Stored message: topic=topic-5, offset=509, size=10 bytes
19:48:16.575 [pool-2-thread-6] DEBUG com.drmq.broker.MessageStore - Stored message: topic=topic-5, offset=557, size=10 bytes
19:48:16.575 [pool-2-thread-8] DEBUG com.drmq.broker.MessageStore - Stored message: topic=topic-7, offset=558, size=10 bytes
19:48:16.575 [pool-2-thread-8] DEBUG com.drmq.broker.MessageStore - Stored message: topic=topic-7, offset=560, size=10 bytes
19:48:16.575 [pool-2-thread-8] DEBUG com.drmq.broker.MessageStore - Stored message: topic=topic-7, offset=561, size=10 bytes
19:48:16.575 [pool-2-thread-8] DEBUG com.drmq.broker.MessageStore - Stored message: topic=topic-7, offset=562, size=10 bytes
19:48:16.575 [pool-2-thread-8] DEBUG com.drmq.broker.MessageStore - Stored message: topic=topic-7, offset=563, size=10 bytes
19:48:16.575 [pool-2-thread-8] DEBUG com.drmq.broker.MessageStore - Stored message: topic=topic-7, offset=564, size=10 bytes
19:48:16.576 [pool-2-thread-8] DEBUG com.drmq.broker.MessageStore - Stored message: topic=topic-7, offset=565, size=10 bytes
19:48:16.576 [pool-2-thread-8] DEBUG com.drmq.broker.MessageStore - Stored message: topic=topic-7, offset=566, size=10 bytes
19:48:16.565 [pool-2-thread-5] DEBUG com.drmq.broker.MessageStore - Stored message: topic=topic-4, offset=510, size=10 bytes
19:48:16.576 [pool-2-thread-8] DEBUG com.drmq.broker.MessageStore - Stored message: topic=topic-7, offset=567, size=10 bytes
19:48:16.576 [pool-2-thread-5] DEBUG com.drmq.broker.MessageStore - Stored message: topic=topic-4, offset=568, size=10 bytes
19:48:16.565 [pool-2-thread-4] DEBUG com.drmq.broker.MessageStore - Stored message: topic=topic-3, offset=511, size=10 bytes
19:48:16.576 [pool-2-thread-5] DEBUG com.drmq.broker.MessageStore - Stored message: topic=topic-4, offset=570, size=10 bytes
19:48:16.576 [pool-2-thread-4] DEBUG com.drmq.broker.MessageStore - Stored message: topic=topic-3, offset=571, size=10 bytes
19:48:16.576 [pool-2-thread-4] DEBUG com.drmq.broker.MessageStore - Stored message: topic=topic-3, offset=573, size=10 bytes
19:48:16.576 [pool-2-thread-4] DEBUG com.drmq.broker.MessageStore - Stored message: topic=topic-3, offset=574, size=10 bytes
19:48:16.577 [pool-2-thread-4] DEBUG com.drmq.broker.MessageStore - Stored message: topic=topic-3, offset=575, size=10 bytes
19:48:16.577 [pool-2-thread-4] DEBUG com.drmq.broker.MessageStore - Stored message: topic=topic-3, offset=576, size=10 bytes
19:48:16.577 [pool-2-thread-4] DEBUG com.drmq.broker.MessageStore - Stored message: topic=topic-3, offset=577, size=10 bytes
19:48:16.577 [pool-2-thread-4] DEBUG com.drmq.broker.MessageStore - Stored message: topic=topic-3, offset=578, size=10 bytes
19:48:16.577 [pool-2-thread-4] DEBUG com.drmq.broker.MessageStore - Stored message: topic=topic-3, offset=579, size=10 bytes
19:48:16.577 [pool-2-thread-4] DEBUG com.drmq.broker.MessageStore - Stored message: topic=topic-3, offset=580, size=10 bytes
19:48:16.578 [pool-2-thread-4] DEBUG com.drmq.broker.MessageStore - Stored message: topic=topic-3, offset=581, size=10 bytes
19:48:16.578 [pool-2-thread-4] DEBUG com.drmq.broker.MessageStore - Stored message: topic=topic-3, offset=582, size=10 bytes
19:48:16.578 [pool-2-thread-4] DEBUG com.drmq.broker.MessageStore - Stored message: topic=topic-3, offset=583, size=10 bytes
19:48:16.567 [pool-2-thread-1] DEBUG com.drmq.broker.MessageStore - Stored message: topic=topic-0, offset=525, size=10 bytes
19:48:16.578 [pool-2-thread-4] DEBUG com.drmq.broker.MessageStore - Stored message: topic=topic-3, offset=584, size=10 bytes
19:48:16.567 [pool-2-thread-3] DEBUG com.drmq.broker.MessageStore - Stored message: topic=topic-2, offset=520, size=10 bytes
19:48:16.579 [pool-2-thread-3] DEBUG com.drmq.broker.MessageStore - Stored message: topic=topic-2, offset=586, size=10 bytes
19:48:16.579 [pool-2-thread-3] DEBUG com.drmq.broker.MessageStore - Stored message: topic=topic-2, offset=587, size=10 bytes
19:48:16.579 [pool-2-thread-3] DEBUG com.drmq.broker.MessageStore - Stored message: topic=topic-2, offset=588, size=10 bytes
19:48:16.579 [pool-2-thread-3] DEBUG com.drmq.broker.MessageStore - Stored message: topic=topic-2, offset=589, size=10 bytes
19:48:16.579 [pool-2-thread-3] DEBUG com.drmq.broker.MessageStore - Stored message: topic=topic-2, offset=590, size=10 bytes
19:48:16.579 [pool-2-thread-3] DEBUG com.drmq.broker.MessageStore - Stored message: topic=topic-2, offset=591, size=10 bytes
19:48:16.579 [pool-2-thread-3] DEBUG com.drmq.broker.MessageStore - Stored message: topic=topic-2, offset=592, size=10 bytes
19:48:16.580 [pool-2-thread-3] DEBUG com.drmq.broker.MessageStore - Stored message: topic=topic-2, offset=593, size=10 bytes
19:48:16.580 [pool-2-thread-3] DEBUG com.drmq.broker.MessageStore - Stored message: topic=topic-2, offset=594, size=10 bytes
19:48:16.580 [pool-2-thread-3] DEBUG com.drmq.broker.MessageStore - Stored message: topic=topic-2, offset=595, size=10 bytes
19:48:16.580 [pool-2-thread-3] DEBUG com.drmq.broker.MessageStore - Stored message: topic=topic-2, offset=596, size=10 bytes
19:48:16.580 [pool-2-thread-3] DEBUG com.drmq.broker.MessageStore - Stored message: topic=topic-2, offset=597, size=10 bytes
19:48:16.580 [pool-2-thread-3] DEBUG com.drmq.broker.MessageStore - Stored message: topic=topic-2, offset=598, size=10 bytes
19:48:16.580 [pool-2-thread-3] DEBUG com.drmq.broker.MessageStore - Stored message: topic=topic-2, offset=599, size=10 bytes
19:48:16.580 [pool-2-thread-3] DEBUG com.drmq.broker.MessageStore - Stored message: topic=topic-2, offset=600, size=10 bytes
19:48:16.581 [pool-2-thread-3] DEBUG com.drmq.broker.MessageStore - Stored message: topic=topic-2, offset=601, size=10 bytes
19:48:16.581 [pool-2-thread-3] DEBUG com.drmq.broker.MessageStore - Stored message: topic=topic-2, offset=602, size=10 bytes
19:48:16.581 [pool-2-thread-3] DEBUG com.drmq.broker.MessageStore - Stored message: topic=topic-2, offset=603, size=10 bytes
19:48:16.581 [pool-2-thread-3] DEBUG com.drmq.broker.MessageStore - Stored message: topic=topic-2, offset=604, size=10 bytes
19:48:16.581 [pool-2-thread-3] DEBUG com.drmq.broker.MessageStore - Stored message: topic=topic-2, offset=605, size=10 bytes
19:48:16.581 [pool-2-thread-3] DEBUG com.drmq.broker.MessageStore - Stored message: topic=topic-2, offset=606, size=10 bytes
19:48:16.581 [pool-2-thread-4] DEBUG com.drmq.broker.MessageStore - Stored message: topic=topic-3, offset=608, size=10 bytes
19:48:16.582 [pool-2-thread-4] DEBUG com.drmq.broker.MessageStore - Stored message: topic=topic-3, offset=609, size=10 bytes
19:48:16.582 [pool-2-thread-4] DEBUG com.drmq.broker.MessageStore - Stored message: topic=topic-3, offset=610, size=10 bytes
19:48:16.582 [pool-2-thread-4] DEBUG com.drmq.broker.MessageStore - Stored message: topic=topic-3, offset=611, size=10 bytes
19:48:16.582 [pool-2-thread-4] DEBUG com.drmq.broker.MessageStore - Stored message: topic=topic-3, offset=612, size=10 bytes
19:48:16.582 [pool-2-thread-4] DEBUG com.drmq.broker.MessageStore - Stored message: topic=topic-3, offset=613, size=10 bytes
19:48:16.582 [pool-2-thread-4] DEBUG com.drmq.broker.MessageStore - Stored message: topic=topic-3, offset=614, size=10 bytes
19:48:16.582 [pool-2-thread-4] DEBUG com.drmq.broker.MessageStore - Stored message: topic=topic-3, offset=615, size=10 bytes
19:48:16.582 [pool-2-thread-4] DEBUG com.drmq.broker.MessageStore - Stored message: topic=topic-3, offset=616, size=10 bytes
19:48:16.582 [pool-2-thread-4] DEBUG com.drmq.broker.MessageStore - Stored message: topic=topic-3, offset=617, size=10 bytes
19:48:16.567 [pool-2-thread-10] DEBUG com.drmq.broker.MessageStore - Stored message: topic=topic-9, offset=521, size=10 bytes
19:48:16.583 [pool-2-thread-10] DEBUG com.drmq.broker.MessageStore - Stored message: topic=topic-9, offset=618, size=10 bytes
19:48:16.583 [pool-2-thread-10] DEBUG com.drmq.broker.MessageStore - Stored message: topic=topic-9, offset=619, size=10 bytes
19:48:16.583 [pool-2-thread-10] DEBUG com.drmq.broker.MessageStore - Stored message: topic=topic-9, offset=620, size=10 bytes
19:48:16.583 [pool-2-thread-10] DEBUG com.drmq.broker.MessageStore - Stored message: topic=topic-9, offset=621, size=10 bytes
19:48:16.583 [pool-2-thread-10] DEBUG com.drmq.broker.MessageStore - Stored message: topic=topic-9, offset=622, size=10 bytes
19:48:16.583 [pool-2-thread-10] DEBUG com.drmq.broker.MessageStore - Stored message: topic=topic-9, offset=623, size=10 bytes
19:48:16.583 [pool-2-thread-10] DEBUG com.drmq.broker.MessageStore - Stored message: topic=topic-9, offset=624, size=10 bytes
19:48:16.583 [pool-2-thread-10] DEBUG com.drmq.broker.MessageStore - Stored message: topic=topic-9, offset=625, size=10 bytes
19:48:16.583 [pool-2-thread-10] DEBUG com.drmq.broker.MessageStore - Stored message: topic=topic-9, offset=626, size=10 bytes
19:48:16.584 [pool-2-thread-10] DEBUG com.drmq.broker.MessageStore - Stored message: topic=topic-9, offset=627, size=10 bytes
19:48:16.584 [pool-2-thread-10] DEBUG com.drmq.broker.MessageStore - Stored message: topic=topic-9, offset=628, size=10 bytes
19:48:16.567 [pool-2-thread-2] DEBUG com.drmq.broker.MessageStore - Stored message: topic=topic-1, offset=526, size=10 bytes
19:48:16.584 [pool-2-thread-4] DEBUG com.drmq.broker.MessageStore - Stored message: topic=topic-3, offset=630, size=10 bytes
19:48:16.584 [pool-2-thread-2] DEBUG com.drmq.broker.MessageStore - Stored message: topic=topic-1, offset=631, size=10 bytes
19:48:16.584 [pool-2-thread-4] DEBUG com.drmq.broker.MessageStore - Stored message: topic=topic-3, offset=632, size=10 bytes
19:48:16.584 [pool-2-thread-2] DEBUG com.drmq.broker.MessageStore - Stored message: topic=topic-1, offset=633, size=10 bytes
[...]
19:48:16.617 [pool-2-thread-9] DEBUG com.drmq.broker.MessageStore - Stored message: topic=topic-8, offset=865, size=10 bytes
19:48:16.617 [pool-2-thread-2] DEBUG com.drmq.broker.MessageStore - Stored message: topic=topic-1, offset=866, size=10 bytes
19:48:16.617 [pool-2-thread-2] DEBUG com.drmq.broker.MessageStore - Stored message: topic=topic-1, offset=868, size=10 bytes
19:48:16.617 [pool-2-thread-2] DEBUG com.drmq.broker.MessageStore - Stored message: topic=topic-1, offset=869, size=10 bytes
19:48:16.617 [pool-2-thread-2] DEBUG com.drmq.broker.MessageStore - Stored message: topic=topic-1, offset=870, size=10 bytes
19:48:16.621 [pool-2-thread-2] DEBUG com.drmq.broker.MessageStore - Stored message: topic=topic-1, offset=871, size=10 bytes
19:48:16.621 [pool-2-thread-2] DEBUG com.drmq.broker.MessageStore - Stored message: topic=topic-1, offset=872, size=10 bytes
19:48:16.621 [pool-2-thread-2] DEBUG com.drmq.broker.MessageStore - Stored message: topic=topic-1, offset=873, size=10 bytes
19:48:16.621 [pool-2-thread-2] DEBUG com.drmq.broker.MessageStore - Stored message: topic=topic-1, offset=874, size=10 bytes
19:48:16.621 [pool-2-thread-2] DEBUG com.drmq.broker.MessageStore - Stored message: topic=topic-1, offset=875, size=10 bytes
19:48:16.621 [pool-2-thread-2] DEBUG com.drmq.broker.MessageStore - Stored message: topic=topic-1, offset=876, size=10 bytes
19:48:16.621 [pool-2-thread-2] DEBUG com.drmq.broker.MessageStore - Stored message: topic=topic-1, offset=877, size=10 bytes
19:48:16.621 [pool-2-thread-2] DEBUG com.drmq.broker.MessageStore - Stored message: topic=topic-1, offset=878, size=10 bytes
19:48:16.603 [pool-2-thread-1] DEBUG com.drmq.broker.MessageStore - Stored message: topic=topic-0, offset=742, size=10 bytes
19:48:16.621 [pool-2-thread-1] DEBUG com.drmq.broker.MessageStore - Stored message: topic=topic-0, offset=879, size=10 bytes
19:48:16.622 [pool-2-thread-1] DEBUG com.drmq.broker.MessageStore - Stored message: topic=topic-0, offset=880, size=10 bytes
19:48:16.622 [pool-2-thread-1] DEBUG com.drmq.broker.MessageStore - Stored message: topic=topic-0, offset=881, size=10 bytes
19:48:16.622 [pool-2-thread-1] DEBUG com.drmq.broker.MessageStore - Stored message: topic=topic-0, offset=882, size=10 bytes
19:48:16.622 [pool-2-thread-1] DEBUG com.drmq.broker.MessageStore - Stored message: topic=topic-0, offset=883, size=10 bytes
19:48:16.622 [pool-2-thread-1] DEBUG com.drmq.broker.MessageStore - Stored message: topic=topic-0, offset=884, size=10 bytes
19:48:16.622 [pool-2-thread-1] DEBUG com.drmq.broker.MessageStore - Stored message: topic=topic-0, offset=885, size=10 bytes
19:48:16.622 [pool-2-thread-1] DEBUG com.drmq.broker.MessageStore - Stored message: topic=topic-0, offset=886, size=10 bytes
19:48:16.622 [pool-2-thread-1] DEBUG com.drmq.broker.MessageStore - Stored message: topic=topic-0, offset=887, size=10 bytes
19:48:16.622 [pool-2-thread-1] DEBUG com.drmq.broker.MessageStore - Stored message: topic=topic-0, offset=888, size=10 bytes
19:48:16.622 [pool-2-thread-1] DEBUG com.drmq.broker.MessageStore - Stored message: topic=topic-0, offset=889, size=10 bytes
19:48:16.622 [pool-2-thread-1] DEBUG com.drmq.broker.MessageStore - Stored message: topic=topic-0, offset=890, size=10 bytes
19:48:16.622 [pool-2-thread-1] DEBUG com.drmq.broker.MessageStore - Stored message: topic=topic-0, offset=891, size=10 bytes
19:48:16.622 [pool-2-thread-1] DEBUG com.drmq.broker.MessageStore - Stored message: topic=topic-0, offset=892, size=10 bytes
19:48:16.622 [pool-2-thread-1] DEBUG com.drmq.broker.MessageStore - Stored message: topic=topic-0, offset=893, size=10 bytes
19:48:16.604 [pool-2-thread-10] DEBUG com.drmq.broker.MessageStore - Stored message: topic=topic-9, offset=745, size=10 bytes
19:48:16.612 [pool-2-thread-7] DEBUG com.drmq.broker.MessageStore - Stored message: topic=topic-6, offset=806, size=10 bytes
19:48:16.623 [pool-2-thread-10] DEBUG com.drmq.broker.MessageStore - Stored message: topic=topic-9, offset=894, size=10 bytes
19:48:16.617 [pool-2-thread-4] DEBUG com.drmq.broker.MessageStore - Stored message: topic=topic-3, offset=857, size=10 bytes
19:48:16.623 [pool-2-thread-10] DEBUG com.drmq.broker.MessageStore - Stored message: topic=topic-9, offset=896, size=10 bytes
19:48:16.617 [pool-2-thread-5] DEBUG com.drmq.broker.MessageStore - Stored message: topic=topic-4, offset=862, size=10 bytes
19:48:16.623 [pool-2-thread-10] DEBUG com.drmq.broker.MessageStore - Stored message: topic=topic-9, offset=898, size=10 bytes
19:48:16.623 [pool-2-thread-5] DEBUG com.drmq.broker.MessageStore - Stored message: topic=topic-4, offset=899, size=10 bytes
19:48:16.623 [pool-2-thread-5] DEBUG com.drmq.broker.MessageStore - Stored message: topic=topic-4, offset=901, size=10 bytes
19:48:16.623 [pool-2-thread-5] DEBUG com.drmq.broker.MessageStore - Stored message: topic=topic-4, offset=902, size=10 bytes
19:48:16.623 [pool-2-thread-5] DEBUG com.drmq.broker.MessageStore - Stored message: topic=topic-4, offset=903, size=10 bytes
19:48:16.624 [pool-2-thread-5] DEBUG com.drmq.broker.MessageStore - Stored message: topic=topic-4, offset=904, size=10 bytes
19:48:16.624 [pool-2-thread-5] DEBUG com.drmq.broker.MessageStore - Stored message: topic=topic-4, offset=905, size=10 bytes
19:48:16.624 [pool-2-thread-5] DEBUG com.drmq.broker.MessageStore - Stored message: topic=topic-4, offset=906, size=10 bytes
19:48:16.624 [pool-2-thread-5] DEBUG com.drmq.broker.MessageStore - Stored message: topic=topic-4, offset=907, size=10 bytes
19:48:16.624 [pool-2-thread-5] DEBUG com.drmq.broker.MessageStore - Stored message: topic=topic-4, offset=908, size=10 bytes
19:48:16.624 [pool-2-thread-5] DEBUG com.drmq.broker.MessageStore - Stored message: topic=topic-4, offset=909, size=10 bytes
19:48:16.624 [pool-2-thread-5] DEBUG com.drmq.broker.MessageStore - Stored message: topic=topic-4, offset=910, size=10 bytes
19:48:16.624 [pool-2-thread-5] DEBUG com.drmq.broker.MessageStore - Stored message: topic=topic-4, offset=911, size=10 bytes
19:48:16.624 [pool-2-thread-5] DEBUG com.drmq.broker.MessageStore - Stored message: topic=topic-4, offset=912, size=10 bytes
19:48:16.624 [pool-2-thread-5] DEBUG com.drmq.broker.MessageStore - Stored message: topic=topic-4, offset=913, size=10 bytes
19:48:16.624 [pool-2-thread-5] DEBUG com.drmq.broker.MessageStore - Stored message: topic=topic-4, offset=914, size=10 bytes
19:48:16.624 [pool-2-thread-5] DEBUG com.drmq.broker.MessageStore - Stored message: topic=topic-4, offset=915, size=10 bytes
19:48:16.624 [pool-2-thread-5] DEBUG com.drmq.broker.MessageStore - Stored message: topic=topic-4, offset=916, size=10 bytes
19:48:16.625 [pool-2-thread-5] DEBUG com.drmq.broker.MessageStore - Stored message: topic=topic-4, offset=917, size=10 bytes
19:48:16.617 [pool-2-thread-9] DEBUG com.drmq.broker.MessageStore - Stored message: topic=topic-8, offset=867, size=10 bytes
19:48:16.625 [pool-2-thread-9] DEBUG com.drmq.broker.MessageStore - Stored message: topic=topic-8, offset=918, size=10 bytes
19:48:16.625 [pool-2-thread-9] DEBUG com.drmq.broker.MessageStore - Stored message: topic=topic-8, offset=919, size=10 bytes
19:48:16.625 [pool-2-thread-9] DEBUG com.drmq.broker.MessageStore - Stored message: topic=topic-8, offset=920, size=10 bytes
19:48:16.625 [pool-2-thread-9] DEBUG com.drmq.broker.MessageStore - Stored message: topic=topic-8, offset=921, size=10 bytes
19:48:16.625 [pool-2-thread-9] DEBUG com.drmq.broker.MessageStore - Stored message: topic=topic-8, offset=922, size=10 bytes
19:48:16.625 [pool-2-thread-9] DEBUG com.drmq.broker.MessageStore - Stored message: topic=topic-8, offset=923, size=10 bytes
19:48:16.625 [pool-2-thread-9] DEBUG com.drmq.broker.MessageStore - Stored message: topic=topic-8, offset=924, size=10 bytes
19:48:16.625 [pool-2-thread-9] DEBUG com.drmq.broker.MessageStore - Stored message: topic=topic-8, offset=925, size=10 bytes
19:48:16.625 [pool-2-thread-9] DEBUG com.drmq.broker.MessageStore - Stored message: topic=topic-8, offset=926, size=10 bytes
19:48:16.625 [pool-2-thread-9] DEBUG com.drmq.broker.MessageStore - Stored message: topic=topic-8, offset=927, size=10 bytes
19:48:16.623 [pool-2-thread-7] DEBUG com.drmq.broker.MessageStore - Stored message: topic=topic-6, offset=895, size=10 bytes
19:48:16.623 [pool-2-thread-10] DEBUG com.drmq.broker.MessageStore - Stored message: topic=topic-9, offset=900, size=10 bytes
19:48:16.629 [pool-2-thread-7] DEBUG com.drmq.broker.MessageStore - Stored message: topic=topic-6, offset=928, size=10 bytes
19:48:16.629 [pool-2-thread-10] DEBUG com.drmq.broker.MessageStore - Stored message: topic=topic-9, offset=929, size=10 bytes
19:48:16.629 [pool-2-thread-7] DEBUG com.drmq.broker.MessageStore - Stored message: topic=topic-6, offset=930, size=10 bytes
19:48:16.629 [pool-2-thread-10] DEBUG com.drmq.broker.MessageStore - Stored message: topic=topic-9, offset=931, size=10 bytes
19:48:16.629 [pool-2-thread-7] DEBUG com.drmq.broker.MessageStore - Stored message: topic=topic-6, offset=932, size=10 bytes
19:48:16.629 [pool-2-thread-10] DEBUG com.drmq.broker.MessageStore - Stored message: topic=topic-9, offset=933, size=10 bytes
19:48:16.629 [pool-2-thread-7] DEBUG com.drmq.broker.MessageStore - Stored message: topic=topic-6, offset=934, size=10 bytes
19:48:16.629 [pool-2-thread-10] DEBUG com.drmq.broker.MessageStore - Stored message: topic=topic-9, offset=935, size=10 bytes
19:48:16.629 [pool-2-thread-7] DEBUG com.drmq.broker.MessageStore - Stored message: topic=topic-6, offset=936, size=10 bytes
19:48:16.629 [pool-2-thread-10] DEBUG com.drmq.broker.MessageStore - Stored message: topic=topic-9, offset=937, size=10 bytes
19:48:16.630 [pool-2-thread-7] DEBUG com.drmq.broker.MessageStore - Stored message: topic=topic-6, offset=938, size=10 bytes
19:48:16.630 [pool-2-thread-10] DEBUG com.drmq.broker.MessageStore - Stored message: topic=topic-9, offset=939, size=10 bytes
19:48:16.630 [pool-2-thread-7] DEBUG com.drmq.broker.MessageStore - Stored message: topic=topic-6, offset=940, size=10 bytes
19:48:16.630 [pool-2-thread-10] DEBUG com.drmq.broker.MessageStore - Stored message: topic=topic-9, offset=941, size=10 bytes
19:48:16.630 [pool-2-thread-7] DEBUG com.drmq.broker.MessageStore - Stored message: topic=topic-6, offset=942, size=10 bytes
19:48:16.630 [pool-2-thread-10] DEBUG com.drmq.broker.MessageStore - Stored message: topic=topic-9, offset=943, size=10 bytes
19:48:16.630 [pool-2-thread-7] DEBUG com.drmq.broker.MessageStore - Stored message: topic=topic-6, offset=944, size=10 bytes
19:48:16.630 [pool-2-thread-10] DEBUG com.drmq.broker.MessageStore - Stored message: topic=topic-9, offset=945, size=10 bytes
19:48:16.630 [pool-2-thread-7] DEBUG com.drmq.broker.MessageStore - Stored message: topic=topic-6, offset=946, size=10 bytes
19:48:16.630 [pool-2-thread-10] DEBUG com.drmq.broker.MessageStore - Stored message: topic=topic-9, offset=947, size=10 bytes
19:48:16.630 [pool-2-thread-7] DEBUG com.drmq.broker.MessageStore - Stored message: topic=topic-6, offset=948, size=10 bytes
19:48:16.630 [pool-2-thread-10] DEBUG com.drmq.broker.MessageStore - Stored message: topic=topic-9, offset=949, size=10 bytes
19:48:16.630 [pool-2-thread-7] DEBUG com.drmq.broker.MessageStore - Stored message: topic=topic-6, offset=950, size=10 bytes
19:48:16.630 [pool-2-thread-10] DEBUG com.drmq.broker.MessageStore - Stored message: topic=topic-9, offset=951, size=10 bytes
19:48:16.630 [pool-2-thread-7] DEBUG com.drmq.broker.MessageStore - Stored message: topic=topic-6, offset=952, size=10 bytes
19:48:16.630 [pool-2-thread-10] DEBUG com.drmq.broker.MessageStore - Stored message: topic=topic-9, offset=953, size=10 bytes
19:48:16.630 [pool-2-thread-7] DEBUG com.drmq.broker.MessageStore - Stored message: topic=topic-6, offset=954, size=10 bytes
19:48:16.630 [pool-2-thread-10] DEBUG com.drmq.broker.MessageStore - Stored message: topic=topic-9, offset=955, size=10 bytes
19:48:16.630 [pool-2-thread-7] DEBUG com.drmq.broker.MessageStore - Stored message: topic=topic-6, offset=956, size=10 bytes
19:48:16.630 [pool-2-thread-10] DEBUG com.drmq.broker.MessageStore - Stored message: topic=topic-9, offset=957, size=10 bytes
19:48:16.630 [pool-2-thread-7] DEBUG com.drmq.broker.MessageStore - Stored message: topic=topic-6, offset=958, size=10 bytes
19:48:16.630 [pool-2-thread-10] DEBUG com.drmq.broker.MessageStore - Stored message: topic=topic-9, offset=959, size=10 bytes
19:48:16.631 [pool-2-thread-7] DEBUG com.drmq.broker.MessageStore - Stored message: topic=topic-6, offset=960, size=10 bytes
19:48:16.631 [pool-2-thread-7] DEBUG com.drmq.broker.MessageStore - Stored message: topic=topic-6, offset=962, size=10 bytes
19:48:16.631 [pool-2-thread-7] DEBUG com.drmq.broker.MessageStore - Stored message: topic=topic-6, offset=963, size=10 bytes
19:48:16.631 [pool-2-thread-7] DEBUG com.drmq.broker.MessageStore - Stored message: topic=topic-6, offset=964, size=10 bytes
19:48:16.631 [pool-2-thread-7] DEBUG com.drmq.broker.MessageStore - Stored message: topic=topic-6, offset=965, size=10 bytes
19:48:16.631 [pool-2-thread-7] DEBUG com.drmq.broker.MessageStore - Stored message: topic=topic-6, offset=966, size=10 bytes
19:48:16.631 [pool-2-thread-7] DEBUG com.drmq.broker.MessageStore - Stored message: topic=topic-6, offset=967, size=10 bytes
19:48:16.631 [pool-2-thread-4] DEBUG com.drmq.broker.MessageStore - Stored message: topic=topic-3, offset=897, size=10 bytes
19:48:16.631 [pool-2-thread-4] DEBUG com.drmq.broker.MessageStore - Stored message: topic=topic-3, offset=968, size=10 bytes
19:48:16.632 [pool-2-thread-4] DEBUG com.drmq.broker.MessageStore - Stored message: topic=topic-3, offset=969, size=10 bytes
19:48:16.632 [pool-2-thread-4] DEBUG com.drmq.broker.MessageStore - Stored message: topic=topic-3, offset=970, size=10 bytes
19:48:16.632 [pool-2-thread-4] DEBUG com.drmq.broker.MessageStore - Stored message: topic=topic-3, offset=971, size=10 bytes
19:48:16.632 [pool-2-thread-4] DEBUG com.drmq.broker.MessageStore - Stored message: topic=topic-3, offset=972, size=10 bytes
19:48:16.632 [pool-2-thread-4] DEBUG com.drmq.broker.MessageStore - Stored message: topic=topic-3, offset=973, size=10 bytes
19:48:16.632 [pool-2-thread-4] DEBUG com.drmq.broker.MessageStore - Stored message: topic=topic-3, offset=974, size=10 bytes
19:48:16.632 [pool-2-thread-4] DEBUG com.drmq.broker.MessageStore - Stored message: topic=topic-3, offset=975, size=10 bytes
19:48:16.632 [pool-2-thread-4] DEBUG com.drmq.broker.MessageStore - Stored message: topic=topic-3, offset=976, size=10 bytes
19:48:16.631 [pool-2-thread-10] DEBUG com.drmq.broker.MessageStore - Stored message: topic=topic-9, offset=961, size=10 bytes
19:48:16.632 [pool-2-thread-10] DEBUG com.drmq.broker.MessageStore - Stored message: topic=topic-9, offset=978, size=10 bytes
19:48:16.632 [pool-2-thread-10] DEBUG com.drmq.broker.MessageStore - Stored message: topic=topic-9, offset=979, size=10 bytes
19:48:16.633 [pool-2-thread-10] DEBUG com.drmq.broker.MessageStore - Stored message: topic=topic-9, offset=980, size=10 bytes
19:48:16.633 [pool-2-thread-10] DEBUG com.drmq.broker.MessageStore - Stored message: topic=topic-9, offset=981, size=10 bytes
19:48:16.633 [pool-2-thread-10] DEBUG com.drmq.broker.MessageStore - Stored message: topic=topic-9, offset=982, size=10 bytes
19:48:16.633 [pool-2-thread-10] DEBUG com.drmq.broker.MessageStore - Stored message: topic=topic-9, offset=983, size=10 bytes
19:48:16.633 [pool-2-thread-10] DEBUG com.drmq.broker.MessageStore - Stored message: topic=topic-9, offset=984, size=10 bytes
19:48:16.633 [pool-2-thread-10] DEBUG com.drmq.broker.MessageStore - Stored message: topic=topic-9, offset=985, size=10 bytes
19:48:16.633 [pool-2-thread-10] DEBUG com.drmq.broker.MessageStore - Stored message: topic=topic-9, offset=986, size=10 bytes
19:48:16.632 [pool-2-thread-4] DEBUG com.drmq.broker.MessageStore - Stored message: topic=topic-3, offset=977, size=10 bytes
19:48:16.633 [pool-2-thread-4] DEBUG com.drmq.broker.MessageStore - Stored message: topic=topic-3, offset=987, size=10 bytes
19:48:16.633 [pool-2-thread-4] DEBUG com.drmq.broker.MessageStore - Stored message: topic=topic-3, offset=988, size=10 bytes
19:48:16.633 [pool-2-thread-4] DEBUG com.drmq.broker.MessageStore - Stored message: topic=topic-3, offset=989, size=10 bytes
19:48:16.633 [pool-2-thread-4] DEBUG com.drmq.broker.MessageStore - Stored message: topic=topic-3, offset=990, size=10 bytes
19:48:16.634 [pool-2-thread-4] DEBUG com.drmq.broker.MessageStore - Stored message: topic=topic-3, offset=991, size=10 bytes
19:48:16.634 [pool-2-thread-4] DEBUG com.drmq.broker.MessageStore - Stored message: topic=topic-3, offset=992, size=10 bytes
19:48:16.634 [pool-2-thread-4] DEBUG com.drmq.broker.MessageStore - Stored message: topic=topic-3, offset=993, size=10 bytes
19:48:16.634 [pool-2-thread-4] DEBUG com.drmq.broker.MessageStore - Stored message: topic=topic-3, offset=994, size=10 bytes
19:48:16.634 [pool-2-thread-4] DEBUG com.drmq.broker.MessageStore - Stored message: topic=topic-3, offset=995, size=10 bytes
19:48:16.634 [pool-2-thread-4] DEBUG com.drmq.broker.MessageStore - Stored message: topic=topic-3, offset=996, size=10 bytes
19:48:16.634 [pool-2-thread-4] DEBUG com.drmq.broker.MessageStore - Stored message: topic=topic-3, offset=997, size=10 bytes
19:48:16.634 [pool-2-thread-4] DEBUG com.drmq.broker.MessageStore - Stored message: topic=topic-3, offset=998, size=10 bytes
19:48:16.634 [pool-2-thread-4] DEBUG com.drmq.broker.MessageStore - Stored message: topic=topic-3, offset=999, size=10 bytes
]]></system-out>
  </testcase>
  <testcase name="getMessagesReturnsRangeFromOffset" classname="com.drmq.broker.MessageStoreTest" time="0.007">
    <system-out><![CDATA[19:48:16.649 [main] DEBUG com.drmq.broker.MessageStore - Stored message: topic=test, offset=0, size=4 bytes
19:48:16.649 [main] DEBUG com.drmq.broker.MessageStore - Stored message: topic=test, offset=1, size=4 bytes
19:48:16.649 [main] DEBUG com.drmq.broker.MessageStore - Stored message: topic=test, offset=2, size=4 bytes
19:48:16.649 [main] DEBUG com.drmq.broker.MessageStore - Stored message: topic=test, offset=3, size=4 bytes
19:48:16.649 [main] DEBUG com.drmq.broker.MessageStore - Stored message: topic=test, offset=4, size=4 bytes
19:48:16.649 [main] DEBUG com.drmq.broker.MessageStore - Stored message: topic=test, offset=5, size=4 bytes
19:48:16.649 [main] DEBUG com.drmq.broker.MessageStore - Stored message: topic=test, offset=6, size=4 bytes
19:48:16.649 [main] DEBUG com.drmq.broker.MessageStore - Stored message: topic=test, offset=7, size=4 bytes
19:48:16.650 [main] DEBUG com.drmq.broker.MessageStore - Stored message: topic=test, offset=8, size=4 bytes
19:48:16.650 [main] DEBUG com.drmq.broker.MessageStore - Stored message: topic=test, offset=9, size=4 bytes
]]></system-out>
  </testcase>
  <testcase name="getMessageReturnsStoredMessage" classname="com.drmq.broker.MessageStoreTest" time="0.014">
    <system-out><![CDATA[19:48:16.658 [main] DEBUG com.drmq.broker.MessageStore - Stored message: topic=test, offset=0, size=11 bytes
]]></system-out>
  </testcase>
  <testcase name="appendReturnsMonotonicallyIncreasingOffsets" classname="com.drmq.broker.MessageStoreTest" time="0.009">
    <system-out><![CDATA[19:48:16.679 [main] DEBUG com.drmq.broker.MessageStore - Stored message: topic=test-topic, offset=0, size=8 bytes
19:48:16.679 [main] DEBUG com.drmq.broker.MessageStore - Stored message: topic=test-topic, offset=1, size=8 bytes
19:48:16.680 [main] DEBUG com.drmq.broker.MessageStore - Stored message: topic=test-topic, offset=2, size=8 bytes
]]></system-out>
  </testcase>
  <testcase name="clearResetsStore" classname="com.drmq.broker.MessageStoreTest" time="0.004">
    <system-out><![CDATA[19:48:16.688 [main] DEBUG com.drmq.broker.MessageStore - Stored message: topic=test, offset=0, size=3 bytes
19:48:16.689 [main] INFO  com.drmq.broker.MessageStore - Message store cleared
]]></system-out>
  </testcase>
</testsuite>