<?xml version="1.0" encoding="UTF-8"?>
<testsuite xmlns:xsi="http://www.w3.org/2001/XMLSchema-instance" xsi:noNamespaceSchemaLocation="https://maven.apache.org/surefire/maven-surefire-plugin/xsd/surefire-test-report-3.0.xsd" version="3.0" name="com.drmq.integration.ProducerBrokerIntegrationTest" time="2.353" tests="7" errors="0" skipped="0" failures="0">
  <properties>
[...]
</properties>
  <testcase name="producerAutoConnectsOnFirstSend" classname="com.drmq.integration.ProducerBrokerIntegrationTest" time="0.803">
    <system-out><![CDATA[19:48:18,897 |-INFO in ch.qos.logback.classic.LoggerContext[default] - This is logback-classic version 1.4.14
19:48:18,898 |-INFO in ch.qos.logback.classic.util.ContextInitializer@33bc72d1 - No custom configurators were discovered as a service.
19:48:18,898 |-INFO in ch.qos.logback.classic.util.ContextInitializer@33bc72d1 - Trying to configure with ch.qos.logback.classic.joran.SerializedModelConfigurator
19:48:18,900 |-INFO in ch.qos.logback.classic.util.ContextInitializer@33bc72d1 - Constructed configurator of type class ch.qos.logback.classic.joran.SerializedModelConfigurator
19:48:18,901 |-INFO in ch.qos.logback.classic.LoggerContext[default] - Could NOT find resource [logback-test.scmo]
19:48:18,901 |-INFO in ch.qos.logback.classic.LoggerContext[default] - Could NOT find resource [logback.scmo]
19:48:18,905 |-INFO in ch.qos.logback.classic.util.ContextInitializer@33bc72d1 - ch.qos.logback.classic.joran.SerializedModelConfigurator.configure() call lasted 1 milliseconds. ExecutionStatus=INVOKE_NEXT_IF_ANY
19:48:18,905 |-INFO in ch.qos.logback.classic.util.ContextInitializer@33bc72d1 - Trying to configure with ch.qos.logback.classic.util.DefaultJoranConfigurator
19:48:18,906 |-INFO in ch.qos.logback.classic.util.ContextInitializer@33bc72d1 - Constructed configurator of type class ch.qos.logback.classic.util.DefaultJoranConfigurator
19:48:18,907 |-INFO in ch.qos.logback.classic.LoggerContext[default] - Could NOT find resource [logback-test.xml]
19:48:18,909 |-INFO in ch.qos.logback.classic.LoggerContext[default] - Found resource [logback.xml] at [jar:file:/home/samuel/Documents/DRMQ/drmq-broker/target/drmq-broker-1.0.0-SNAPSHOT.jar!/logback.xml]
19:48:18,911 |-WARN in ch.qos.logback.classic.util.DefaultJoranConfigurator@1a75e76a - Resource [logback.xml] occurs multiple times on the classpath.
19:48:18,911 |-WARN in ch.qos.logback.classic.util.DefaultJoranConfigurator@1a75e76a - Resource [logback.xml] occurs at [jar:file:/home/samuel/Documents/DRMQ/drmq-client/target/drmq-client-1.0.0-SNAPSHOT.jar!/logback.xml]
19:48:18,911 |-WARN in ch.qos.logback.classic.util.DefaultJoranConfigurator@1a75e76a - Resource [logback.xml] occurs at [jar:file:/home/samuel/Documents/DRMQ/drmq-broker/target/drmq-broker-1.0.0-SNAPSHOT.jar!/logback.xml]
19:48:18,919 |-INFO in ch.qos.logback.core.joran.spi.ConfigurationWatchList@5524cca1 - URL [jar:file:/home/samuel/Documents/DRMQ/drmq-broker/target/drmq-broker-1.0.0-SNAPSHOT.jar!/logback.xml] is not of type file
19:48:19,083 |-INFO in ch.qos.logback.core.model.processor.AppenderModelHandler - Processing appender named [STDOUT]
19:48:19,084 |-INFO in ch.qos.logback.core.model.processor.AppenderModelHandler - About to instantiate appender of type [ch.qos.logback.core.ConsoleAppender]
19:48:19,096 |-INFO in ch.qos.logback.core.model.processor.ImplicitModelHandler - Assuming default type [ch.qos.logback.classic.encoder.PatternLayoutEncoder] for [encoder] property
19:48:19,175 |-INFO in ch.qos.logback.classic.model.processor.LoggerModelHandler - Setting level of logger [com.drmq] to DEBUG
19:48:19,175 |-INFO in ch.qos.logback.classic.model.processor.RootLoggerModelHandler - Setting level of ROOT logger to INFO
19:48:19,175 |-INFO in ch.qos.logback.core.model.processor.AppenderRefModelHandler - Attaching appender named [STDOUT] to Logger[ROOT]
19:48:19,177 |-INFO in ch.qos.logback.core.model.processor.DefaultProcessor@5032714f - End of configuration.
19:48:19,179 |-INFO in ch.qos.logback.classic.joran.JoranConfigurator@48bb62 - Registering current configuration as safe fallback point
19:48:19,179 |-INFO in ch.qos.logback.classic.util.ContextInitializer@33bc72d1 - ch.qos.logback.classic.util.DefaultJoranConfigurator.configure() call lasted 273 milliseconds. ExecutionStatus=DO_NOT_INVOKE_NEXT_IF_ANY

19:48:19.213 [broker-server] INFO  com.drmq.broker.BrokerServer - DRMQ Broker started on port 19092
19:48:19.450 [main] INFO  com.drmq.client.DRMQProducer - Connected to broker at localhost:19092
19:48:19.451 [pool-2-thread-1] INFO  com.drmq.broker.ClientHandler - Client connected: /127.0.0.1:36758
19:48:19.571 [pool-2-thread-1] DEBUG com.drmq.broker.MessageStore - Stored message: topic=test-topic, offset=0, size=17 bytes
19:48:19.571 [pool-2-thread-1] DEBUG com.drmq.broker.ClientHandler - Produced message: topic=test-topic, offset=0
19:48:19.579 [main] DEBUG com.drmq.client.DRMQProducer - Message sent: topic=test-topic, offset=0
19:48:19.584 [main] INFO  com.drmq.client.DRMQProducer - Disconnected from broker
19:48:19.584 [pool-2-thread-1] INFO  com.drmq.broker.ClientHandler - Client disconnected: /127.0.0.1:36758
19:48:19.591 [main] INFO  com.drmq.broker.BrokerServer - Shutting down broker...
19:48:19.592 [main] INFO  com.drmq.broker.BrokerServer - Broker shutdown complete
]]></system-out>
  </testcase>
  <testcase name="producerCanSendToMultipleTopics" classname="com.drmq.integration.ProducerBrokerIntegrationTest" time="0.227">
    <system-out><![CDATA[19:48:19.631 [broker-server] INFO  com.drmq.broker.BrokerServer - DRMQ Broker started on port 19092
19:48:19.842 [main] INFO  com.drmq.client.DRMQProducer - Connected to broker at localhost:19092
19:48:19.844 [pool-3-thread-1] INFO  com.drmq.broker.ClientHandler - Client connected: /127.0.0.1:36762
19:48:19.845 [pool-3-thread-1] DEBUG com.drmq.broker.MessageStore - Stored message: topic=orders, offset=0, size=7 bytes
19:48:19.845 [pool-3-thread-1] DEBUG com.drmq.broker.ClientHandler - Produced message: topic=orders, offset=0
19:48:19.846 [main] DEBUG com.drmq.client.DRMQProducer - Message sent: topic=orders, offset=0
19:48:19.847 [pool-3-thread-1] DEBUG com.drmq.broker.MessageStore - Stored message: topic=payments, offset=1, size=9 bytes
19:48:19.848 [pool-3-thread-1] DEBUG com.drmq.broker.ClientHandler - Produced message: topic=payments, offset=1
19:48:19.849 [main] DEBUG com.drmq.client.DRMQProducer - Message sent: topic=payments, offset=1
19:48:19.850 [pool-3-thread-1] DEBUG com.drmq.broker.MessageStore - Stored message: topic=orders, offset=2, size=7 bytes
19:48:19.850 [pool-3-thread-1] DEBUG com.drmq.broker.ClientHandler - Produced message: topic=orders, offset=2
19:48:19.850 [main] DEBUG com.drmq.client.DRMQProducer - Message sent: topic=orders, offset=2
19:48:19.851 [pool-3-thread-1] DEBUG com.drmq.broker.MessageStore - Stored message: topic=notifications, offset=3, size=7 bytes
19:48:19.851 [pool-3-thread-1] DEBUG com.drmq.broker.ClientHandler - Produced message: topic=notifications, offset=3
19:48:19.852 [main] DEBUG com.drmq.client.DRMQProducer - Message sent: topic=notifications, offset=3
19:48:19.852 [main] INFO  com.drmq.client.DRMQProducer - Disconnected from broker
19:48:19.852 [pool-3-thread-1] INFO  com.drmq.broker.ClientHandler - Client disconnected: /127.0.0.1:36762
19:48:19.853 [main] INFO  com.drmq.broker.BrokerServer - Shutting down broker...
19:48:19.854 [main] INFO  com.drmq.broker.BrokerServer - Broker shutdown complete
]]></system-out>
  </testcase>
  <testcase name="producerCanSendWithKey" classname="com.drmq.integration.ProducerBrokerIntegrationTest" time="0.22">
    <system-out><![CDATA[19:48:19.860 [broker-server] INFO  com.drmq.broker.BrokerServer - DRMQ Broker started on port 19092
19:48:20.071 [main] INFO  com.drmq.client.DRMQProducer - Connected to broker at localhost:19092
19:48:20.071 [pool-4-thread-1] INFO  com.drmq.broker.ClientHandler - Client connected: /127.0.0.1:36764
19:48:20.072 [pool-4-thread-1] DEBUG com.drmq.broker.MessageStore - Stored message: topic=keyed-topic, offset=0, size=7 bytes
19:48:20.072 [pool-4-thread-1] DEBUG com.drmq.broker.ClientHandler - Produced message: topic=keyed-topic, offset=0
19:48:20.072 [main] DEBUG com.drmq.client.DRMQProducer - Message sent: topic=keyed-topic, offset=0
19:48:20.074 [main] INFO  com.drmq.client.DRMQProducer - Disconnected from broker
19:48:20.074 [pool-4-thread-1] INFO  com.drmq.broker.ClientHandler - Client disconnected: /127.0.0.1:36764
19:48:20.075 [main] INFO  com.drmq.broker.BrokerServer - Shutting down broker...
19:48:20.075 [main] INFO  com.drmq.broker.BrokerServer - Broker shutdown complete
]]></system-out>
  </testcase>
  <testcase name="producerCanSendSingleMessage" classname="com.drmq.integration.ProducerBrokerIntegrationTest" time="0.22">
    <system-out><![CDATA[19:48:20.083 [broker-server] INFO  com.drmq.broker.BrokerServer - DRMQ Broker started on port 19092
19:48:20.295 [main] INFO  com.drmq.client.DRMQProducer - Connected to broker at localhost:19092
19:48:20.295 [pool-5-thread-1] INFO  com.drmq.broker.ClientHandler - Client connected: /127.0.0.1:36772
19:48:20.296 [pool-5-thread-1] DEBUG com.drmq.broker.MessageStore - Stored message: topic=test-topic, offset=0, size=12 bytes
19:48:20.297 [pool-5-thread-1] DEBUG com.drmq.broker.ClientHandler - Produced message: topic=test-topic, offset=0
19:48:20.298 [main] DEBUG com.drmq.client.DRMQProducer - Message sent: topic=test-topic, offset=0
19:48:20.299 [main] INFO  com.drmq.client.DRMQProducer - Disconnected from broker
19:48:20.299 [pool-5-thread-1] INFO  com.drmq.broker.ClientHandler - Client disconnected: /127.0.0.1:36772
19:48:20.300 [main] INFO  com.drmq.broker.BrokerServer - Shutting down broker...
19:48:20.300 [main] INFO  com.drmq.broker.BrokerServer - Broker shutdown complete
]]></system-out>
  </testcase>
  <testcase name="producerCanSendMultipleMessages" classname="com.drmq.integration.ProducerBrokerIntegrationTest" time="0.332">
    <system-out><![CDATA[19:48:20.304 [broker-server] INFO  com.drmq.broker.BrokerServer - DRMQ Broker started on port 19092
19:48:20.515 [main] INFO  com.drmq.client.DRMQProducer - Connected to broker at localhost:19092
19:48:20.516 [pool-6-thread-1] INFO  com.drmq.broker.ClientHandler - Client connected: /127.0.0.1:36780
19:48:20.517 [pool-6-thread-1] DEBUG com.drmq.broker.MessageStore - Stored message: topic=test-topic, offset=0, size=9 bytes
19:48:20.517 [pool-6-thread-1] DEBUG com.drmq.broker.ClientHandler - Produced message: topic=test-topic, offset=0
19:48:20.518 [main] DEBUG com.drmq.client.DRMQProducer - Message sent: topic=test-topic, offset=0
19:48:20.518 [pool-6-thread-1] DEBUG com.drmq.broker.MessageStore - Stored message: topic=test-topic, offset=1, size=9 bytes
19:48:20.518 [pool-6-thread-1] DEBUG com.drmq.broker.ClientHandler - Produced message: topic=test-topic, offset=1
19:48:20.519 [main] DEBUG com.drmq.client.DRMQProducer - Message sent: topic=test-topic, offset=1
19:48:20.519 [pool-6-thread-1] DEBUG com.drmq.broker.MessageStore - Stored message: topic=test-topic, offset=2, size=9 bytes
19:48:20.519 [pool-6-thread-1] DEBUG com.drmq.broker.ClientHandler - Produced message: topic=test-topic, offset=2
19:48:20.520 [main] DEBUG com.drmq.client.DRMQProducer - Message sent: topic=test-topic, offset=2
19:48:20.520 [pool-6-thread-1] DEBUG com.drmq.broker.MessageStore - Stored message: topic=test-topic, offset=3, size=9 bytes
19:48:20.520 [pool-6-thread-1] DEBUG com.drmq.broker.ClientHandler - Produced message: topic=test-topic, offset=3
19:48:20.521 [main] DEBUG com.drmq.client.DRMQProducer - Message sent: topic=test-topic, offset=3
19:48:20.521 [pool-6-thread-1] DEBUG com.drmq.broker.MessageStore - Stored message: topic=test-topic, offset=4, size=9 bytes
19:48:20.521 [pool-6-thread-1] DEBUG com.drmq.broker.ClientHandler - Produced message: topic=test-topic, offset=4
19:48:20.522 [main] DEBUG com.drmq.client.DRMQProducer - Message sent: topic=test-topic, offset=4
19:48:20.522 [pool-6-thread-1] DEBUG com.drmq.broker.MessageStore - Stored message: topic=test-topic, offset=5, size=9 bytes
19:48:20.522 [pool-6-thread-1] DEBUG com.drmq.broker.ClientHandler - Produced message: topic=test-topic, offset=5
19:48:20.523 [main] DEBUG com.drmq.client.DRMQProducer - Message sent: topic=test-topic, offset=5
19:48:20.523 [pool-6-thread-1] DEBUG com.drmq.broker.MessageStore - Stored message: topic=test-topic, offset=6, size=9 bytes
19:48:20.523 [pool-6-thread-1] DEBUG com.drmq.broker.ClientHandler - Produced message: topic=test-topic, offset=6
19:48:20.524 [main] DEBUG com.drmq.client.DRMQProducer - Message sent: topic=test-topic, offset=6
19:48:20.524 [pool-6-thread-1] DEBUG com.drmq.broker.MessageStore - Stored message: topic=test-topic, offset=7, size=9 bytes
19:48:20.524 [pool-6-thread-1] DEBUG com.drmq.broker.ClientHandler - Produced message: topic=test-topic, offset=7
19:48:20.525 [main] DEBUG com.drmq.client.DRMQProducer - Message sent: topic=test-topic, offset=7
19:48:20.525 [pool-6-thread-1] DEBUG com.drmq.broker.MessageStore - Stored message: topic=test-topic, offset=8, size=9 bytes
19:48:20.526 [pool-6-thread-1] DEBUG com.drmq.broker.ClientHandler - Produced message: topic=test-topic, offset=8
19:48:20.527 [main] DEBUG com.drmq.client.DRMQProducer - Message sent: topic=test-topic, offset=8
19:48:20.528 [pool-6-thread-1] DEBUG com.drmq.broker.MessageStore - Stored message: topic=test-topic, offset=9, size=9 bytes
19:48:20.528 [pool-6-thread-1] DEBUG com.drmq.broker.ClientHandler - Produced message: topic=test-topic, offset=9
19:48:20.528 [main] DEBUG com.drmq.client.DRMQProducer - Message sent: topic=test-topic, offset=9
19:48:20.529 [pool-6-thread-1] DEBUG com.drmq.broker.MessageStore - Stored message: topic=test-topic, offset=10, size=10 bytes
19:48:20.529 [pool-6-thread-1] DEBUG com.drmq.broker.ClientHandler - Produced message: topic=test-topic, offset=10
19:48:20.530 [main] DEBUG com.drmq.client.DRMQProducer - Message sent: topic=test-topic, offset=10
19:48:20.531 [pool-6-thread-1] DEBUG com.drmq.broker.MessageStore - Stored message: topic=test-topic, offset=11, size=10 bytes
19:48:20.531 [pool-6-thread-1] DEBUG com.drmq.broker.ClientHandler - Produced message: topic=test-topic, offset=11
19:48:20.532 [main] DEBUG com.drmq.client.DRMQProducer - Message sent: topic=test-topic, offset=11
19:48:20.532 [pool-6-thread-1] DEBUG com.drmq.broker.MessageStore - Stored message: topic=test-topic, offset=12, size=10 bytes
19:48:20.532 [pool-6-thread-1] DEBUG com.drmq.broker.ClientHandler - Produced message: topic=test-topic, offset=12
19:48:20.533 [main] DEBUG com.drmq.client.DRMQProducer - Message sent: topic=test-topic, offset=12
19:48:20.533 [pool-6-thread-1] DEBUG com.drmq.broker.MessageStore - Stored message: topic=test-topic, offset=13, size=10 bytes
19:48:20.533 [pool-6-thread-1] DEBUG com.drmq.broker.ClientHandler - Produced message: topic=test-topic, offset=13
19:48:20.534 [main] DEBUG com.drmq.client.DRMQProducer - Message sent: topic=test-topic, offset=13
19:48:20.534 [pool-6-thread-1] DEBUG com.drmq.broker.MessageStore - Stored message: topic=test-topic, offset=14, size=10 bytes
19:48:20.534 [pool-6-thread-1] DEBUG com.drmq.broker.ClientHandler - Produced message: topic=test-topic, offset=14
19:48:20.535 [main] DEBUG com.drmq.client.DRMQProducer - Message sent: topic=test-topic, offset=14
19:48:20.535 [pool-6-thread-1] DEBUG com.drmq.broker.MessageStore - Stored message: topic=test-topic, offset=15, size=10 bytes
19:48:20.536 [pool-6-thread-1] DEBUG com.drmq.broker.ClientHandler - Produced message: topic=test-topic, offset=15
19:48:20.536 [main] DEBUG com.drmq.client.DRMQProducer - Message sent: topic=test-topic, offset=15
19:48:20.536 [pool-6-thread-1] DEBUG com.drmq.broker.MessageStore - Stored message: topic=test-topic, offset=16, size=10 bytes
19:48:20.537 [pool-6-thread-1] DEBUG com.drmq.broker.ClientHandler - Produced message: topic=test-topic, offset=16
19:48:20.537 [main] DEBUG com.drmq.client.DRMQProducer - Message sent: topic=test-topic, offset=16
19:48:20.538 [pool-6-thread-1] DEBUG com.drmq.broker.MessageStore - Stored message: topic=test-topic, offset=17, size=10 bytes
19:48:20.538 [pool-6-thread-1] DEBUG com.drmq.broker.ClientHandler - Produced message: topic=test-topic, offset=17
19:48:20.538 [main] DEBUG com.drmq.client.DRMQProducer - Message sent: topic=test-topic, offset=17
19:48:20.539 [pool-6-thread-1] DEBUG com.drmq.broker.MessageStore - Stored message: topic=test-topic, offset=18, size=10 bytes
19:48:20.539 [pool-6-thread-1] DEBUG com.drmq.broker.ClientHandler - Produced message: topic=test-topic, offset=18
19:48:20.539 [main] DEBUG com.drmq.client.DRMQProducer - Message sent: topic=test-topic, offset=18
19:48:20.540 [pool-6-thread-1] DEBUG com.drmq.broker.MessageStore - Stored message: topic=test-topic, offset=19, size=10 bytes
19:48:20.540 [pool-6-thread-1] DEBUG com.drmq.broker.ClientHandler - Produced message: topic=test-topic, offset=19
19:48:20.540 [main] DEBUG com.drmq.client.DRMQProducer - Message sent: topic=test-topic, offset=19
19:48:20.541 [pool-6-thread-1] DEBUG com.drmq.broker.MessageStore - Stored message: topic=test-topic, offset=20, size=10 bytes
19:48:20.541 [pool-6-thread-1] DEBUG com.drmq.broker.ClientHandler - Produced message: topic=test-topic, offset=20
19:48:20.541 [main] DEBUG com.drmq.client.DRMQProducer - Message sent: topic=test-topic, offset=20
19:48:20.542 [pool-6-thread-1] DEBUG com.drmq.broker.MessageStore - Stored message: topic=test-topic, offset=21, size=10 bytes
19:48:20.542 [pool-6-thread-1] DEBUG com.drmq.broker.ClientHandler - Produced message: topic=test-topic, offset=21
19:48:20.544 [main] DEBUG com.drmq.client.DRMQProducer - Message sent: topic=test-topic, offset=21
19:48:20.544 [pool-6-thread-1] DEBUG com.drmq.broker.MessageStore - Stored message: topic=test-topic, offset=22, size=10 bytes
19:48:20.545 [pool-6-thread-1] DEBUG com.drmq.broker.ClientHandler - Produced message: topic=test-topic, offset=22
19:48:20.545 [main] DEBUG com.drmq.client.DRMQProducer - Message sent: topic=test-topic, offset=22
19:48:20.546 [pool-6-thread-1] DEBUG com.drmq.broker.MessageStore - Stored message: topic=test-topic, offset=23, size=10 bytes
19:48:20.547 [pool-6-thread-1] DEBUG com.drmq.broker.ClientHandler - Produced message: topic=test-topic, offset=23
19:48:20.548 [main] DEBUG com.drmq.client.DRMQProducer - Message sent: topic=test-topic, offset=23
19:48:20.549 [pool-6-thread-1] DEBUG com.drmq.broker.MessageStore - Stored message: topic=test-topic, offset=24, size=10 bytes
19:48:20.549 [pool-6-thread-1] DEBUG com.drmq.broker.ClientHandler - Produced message: topic=test-topic, offset=24
19:48:20.549 [main] DEBUG com.drmq.client.DRMQProducer - Message sent: topic=test-topic, offset=24
19:48:20.550 [pool-6-thread-1] DEBUG com.drmq.broker.MessageStore - Stored message: topic=test-topic, offset=25, size=10 bytes
19:48:20.550 [pool-6-thread-1] DEBUG com.drmq.broker.ClientHandler - Produced message: topic=test-topic, offset=25
19:48:20.550 [main] DEBUG com.drmq.client.DRMQProducer - Message sent: topic=test-topic, offset=25
19:48:20.551 [pool-6-thread-1] DEBUG com.drmq.broker.MessageStore - Stored message: topic=test-topic, offset=26, size=10 bytes
19:48:20.551 [pool-6-thread-1] DEBUG com.drmq.broker.ClientHandler - Produced message: topic=test-topic, offset=26
19:48:20.551 [main] DEBUG com.drmq.client.DRMQProducer - Message sent: topic=test-topic, offset=26
19:48:20.552 [pool-6-thread-1] DEBUG com.drmq.broker.MessageStore - Stored message: topic=test-topic, offset=27, size=10 bytes
19:48:20.552 [pool-6-thread-1] DEBUG com.drmq.broker.ClientHandler - Produced message: topic=test-topic, offset=27
19:48:20.552 [main] DEBUG com.drmq.client.DRMQProducer - Message sent: topic=test-topic, offset=27
19:48:20.553 [pool-6-thread-1] DEBUG com.drmq.broker.MessageStore - Stored message: topic=test-topic, offset=28, size=10 bytes
19:48:20.553 [pool-6-thread-1] DEBUG com.drmq.broker.ClientHandler - Produced message: topic=test-topic, offset=28
19:48:20.553 [main] DEBUG com.drmq.client.DRMQProducer - Message sent: topic=test-topic, offset=28
19:48:20.553 [pool-6-thread-1] DEBUG com.drmq.broker.MessageStore - Stored message: topic=test-topic, offset=29, size=10 bytes
19:48:20.554 [pool-6-thread-1] DEBUG com.drmq.broker.ClientHandler - Produced message: topic=test-topic, offset=29
19:48:20.554 [main] DEBUG com.drmq.client.DRMQProducer - Message sent: topic=test-topic, offset=29
19:48:20.554 [pool-6-thread-1] DEBUG com.drmq.broker.MessageStore - Stored message: topic=test-topic, offset=30, size=10 bytes
19:48:20.554 [pool-6-thread-1] DEBUG com.drmq.broker.ClientHandler - Produced message: topic=test-topic, offset=30
19:48:20.555 [main] DEBUG com.drmq.client.DRMQProducer - Message sent: topic=test-topic, offset=30
19:48:20.555 [pool-6-thread-1] DEBUG com.drmq.broker.MessageStore - Stored message: topic=test-topic, offset=31, size=10 bytes
19:48:20.555 [pool-6-thread-1] DEBUG com.drmq.broker.ClientHandler - Produced message: topic=test-topic, offset=31
19:48:20.556 [main] DEBUG com.drmq.client.DRMQProducer - Message sent: topic=test-topic, offset=31
19:48:20.556 [pool-6-thread-1] DEBUG com.drmq.broker.MessageStore - Stored message: topic=test-topic, offset=32, size=10 bytes
19:48:20.556 [pool-6-thread-1] DEBUG com.drmq.broker.ClientHandler - Produced message: topic=test-topic, offset=32
19:48:20.557 [main] DEBUG com.drmq.client.DRMQProducer - Message sent: topic=test-topic, offset=32
19:48:20.557 [pool-6-thread-1] DEBUG com.drmq.broker.MessageStore - Stored message: topic=test-topic, offset=33, size=10 bytes
19:48:20.557 [pool-6-thread-1] DEBUG com.drmq.broker.ClientHandler - Produced message: topic=test-topic, offset=33
19:48:20.557 [main] DEBUG com.drmq.client.DRMQProducer - Message sent: topic=test-topic, offset=33
19:48:20.558 [pool-6-thread-1] DEBUG com.drmq.broker.MessageStore - Stored message: topic=test-topic, offset=34, size=10 bytes
19:48:20.559 [pool-6-thread-1] DEBUG com.drmq.broker.ClientHandler - Produced message: topic=test-topic, offset=34
19:48:20.560 [main] DEBUG com.drmq.client.DRMQProducer - Message sent: topic=test-topic, offset=34
19:48:20.561 [pool-6-thread-1] DEBUG com.drmq.broker.MessageStore - Stored message: topic=test-topic, offset=35, size=10 bytes
19:48:20.561 [pool-6-thread-1] DEBUG com.drmq.broker.ClientHandler - Produced message: topic=test-topic, offset=35
19:48:20.562 [main] DEBUG com.drmq.client.DRMQProducer - Message sent: topic=test-topic, offset=35
19:48:20.563 [pool-6-thread-1] DEBUG com.drmq.broker.MessageStore - Stored message: topic=test-topic, offset=36, size=10 bytes
19:48:20.563 [pool-6-thread-1] DEBUG com.drmq.broker.ClientHandler - Produced message: topic=test-topic, offset=36
19:48:20.565 [main] DEBUG com.drmq.client.DRMQProducer - Message sent: topic=test-topic, offset=36
19:48:20.565 [pool-6-thread-1] DEBUG com.drmq.broker.MessageStore - Stored message: topic=test-topic, offset=37, size=10 bytes
19:48:20.565 [pool-6-thread-1] DEBUG com.drmq.broker.ClientHandler - Produced message: topic=test-topic, offset=37
19:48:20.565 [main] DEBUG com.drmq.client.DRMQProducer - Message sent: topic=test-topic, offset=37
19:48:20.566 [pool-6-thread-1] DEBUG com.drmq.broker.MessageStore - Stored message: topic=test-topic, offset=38, size=10 bytes
19:48:20.566 [pool-6-thread-1] DEBUG com.drmq.broker.ClientHandler - Produced message: topic=test-topic, offset=38
19:48:20.566 [main] DEBUG com.drmq.client.DRMQProducer - Message sent: topic=test-topic, offset=38
19:48:20.567 [pool-6-thread-1] DEBUG com.drmq.broker.MessageStore - Stored message: topic=test-topic, offset=39, size=10 bytes
19:48:20.567 [pool-6-thread-1] DEBUG com.drmq.broker.ClientHandler - Produced message: topic=test-topic, offset=39
19:48:20.567 [main] DEBUG com.drmq.client.DRMQProducer - Message sent: topic=test-topic, offset=39
19:48:20.567 [pool-6-thread-1] DEBUG com.drmq.broker.MessageStore - Stored message: topic=test-topic, offset=40, size=10 bytes
19:48:20.568 [pool-6-thread-1] DEBUG com.drmq.broker.ClientHandler - Produced message: topic=test-topic, offset=40
19:48:20.568 [main] DEBUG com.drmq.client.DRMQProducer - Message sent: topic=test-topic, offset=40
19:48:20.568 [pool-6-thread-1] DEBUG com.drmq.broker.MessageStore - Stored message: topic=test-topic, offset=41, size=10 bytes
19:48:20.569 [pool-6-thread-1] DEBUG com.drmq.broker.ClientHandler - Produced message: topic=test-topic, offset=41
19:48:20.569 [main] DEBUG com.drmq.client.DRMQProducer - Message sent: topic=test-topic, offset=41
19:48:20.569 [pool-6-thread-1] DEBUG com.drmq.broker.MessageStore - Stored message: topic=test-topic, offset=42, size=10 bytes
19:48:20.569 [pool-6-thread-1] DEBUG com.drmq.broker.ClientHandler - Produced message: topic=test-topic, offset=42
19:48:20.570 [main] DEBUG com.drmq.client.DRMQProducer - Message sent: topic=test-topic, offset=42
19:48:20.570 [pool-6-thread-1] DEBUG com.drmq.broker.MessageStore - Stored message: topic=test-topic, offset=43, size=10 bytes
19:48:20.570 [pool-6-thread-1] DEBUG com.drmq.broker.ClientHandler - Produced message: topic=test-topic, offset=43
19:48:20.571 [main] DEBUG com.drmq.client.DRMQProducer - Message sent: topic=test-topic, offset=43
19:48:20.571 [pool-6-thread-1] DEBUG com.drmq.broker.MessageStore - Stored message: topic=test-topic, offset=44, size=10 bytes
19:48:20.571 [pool-6-thread-1] DEBUG com.drmq.broker.ClientHandler - Produced message: topic=test-topic, offset=44
19:48:20.571 [main] DEBUG com.drmq.client.DRMQProducer - Message sent: topic=test-topic, offset=44
19:48:20.572 [pool-6-thread-1] DEBUG com.drmq.broker.MessageStore - Stored message: topic=test-topic, offset=45, size=10 bytes
19:48:20.572 [pool-6-thread-1] DEBUG com.drmq.broker.ClientHandler - Produced message: topic=test-topic, offset=45
19:48:20.572 [main] DEBUG com.drmq.client.DRMQProducer - Message sent: topic=test-topic, offset=45
19:48:20.572 [pool-6-thread-1] DEBUG com.drmq.broker.MessageStore - Stored message: topic=test-topic, offset=46, size=10 bytes
19:48:20.573 [pool-6-thread-1] DEBUG com.drmq.broker.ClientHandler - Produced message: topic=test-topic, offset=46
19:48:20.573 [main] DEBUG com.drmq.client.DRMQProducer - Message sent: topic=test-topic, offset=46
19:48:20.573 [pool-6-thread-1] DEBUG com.drmq.broker.MessageStore - Stored message: topic=test-topic, offset=47, size=10 bytes
19:48:20.573 [pool-6-thread-1] DEBUG com.drmq.broker.ClientHandler - Produced message: topic=test-topic, offset=47
19:48:20.574 [main] DEBUG com.drmq.client.DRMQProducer - Message sent: topic=test-topic, offset=47
19:48:20.574 [pool-6-thread-1] DEBUG com.drmq.broker.MessageStore - Stored message: topic=test-topic, offset=48, size=10 bytes
19:48:20.574 [pool-6-thread-1] DEBUG com.drmq.broker.ClientHandler - Produced message: topic=test-topic, offset=48
19:48:20.575 [main] DEBUG com.drmq.client.DRMQProducer - Message sent: topic=test-topic, offset=48
19:48:20.575 [pool-6-thread-1] DEBUG com.drmq.broker.MessageStore - Stored message: topic=test-topic, offset=49, size=10 bytes
19:48:20.576 [pool-6-thread-1] DEBUG com.drmq.broker.ClientHandler - Produced message: topic=test-topic, offset=49
19:48:20.577 [main] DEBUG com.drmq.client.DRMQProducer - Message sent: topic=test-topic, offset=49
19:48:20.578 [pool-6-thread-1] DEBUG com.drmq.broker.MessageStore - Stored message: topic=test-topic, offset=50, size=10 bytes
19:48:20.578 [pool-6-thread-1] DEBUG com.drmq.broker.ClientHandler - Produced message: topic=test-topic, offset=50
19:48:20.578 [main] DEBUG com.drmq.client.DRMQProducer - Message sent: topic=test-topic, offset=50
19:48:20.579 [pool-6-thread-1] DEBUG com.drmq.broker.MessageStore - Stored message: topic=test-topic, offset=51, size=10 bytes
19:48:20.580 [pool-6-thread-1] DEBUG com.drmq.broker.ClientHandler - Produced message: topic=test-topic, offset=51
19:48:20.581 [main] DEBUG com.drmq.client.DRMQProducer - Message sent: topic=test-topic, offset=51
19:48:20.582 [pool-6-thread-1] DEBUG com.drmq.broker.MessageStore - Stored message: topic=test-topic, offset=52, size=10 bytes
19:48:20.582 [pool-6-thread-1] DEBUG com.drmq.broker.ClientHandler - Produced message: topic=test-topic, offset=52
19:48:20.582 [main] DEBUG com.drmq.client.DRMQProducer - Message sent: topic=test-topic, offset=52
19:48:20.583 [pool-6-thread-1] DEBUG com.drmq.broker.MessageStore - Stored message: topic=test-topic, offset=53, size=10 bytes
19:48:20.583 [pool-6-thread-1] DEBUG com.drmq.broker.ClientHandler - Produced message: topic=test-topic, offset=53
19:48:20.583 [main] DEBUG com.drmq.client.DRMQProducer - Message sent: topic=test-topic, offset=53
19:48:20.584 [pool-6-thread-1] DEBUG com.drmq.broker.MessageStore - Stored message: topic=test-topic, offset=54, size=10 bytes
19:48:20.584 [pool-6-thread-1] DEBUG com.drmq.broker.ClientHandler - Produced message: topic=test-topic, offset=54
19:48:20.584 [main] DEBUG com.drmq.client.DRMQProducer - Message sent: topic=test-topic, offset=54
19:48:20.584 [pool-6-thread-1] DEBUG com.drmq.broker.MessageStore - Stored message: topic=test-topic, offset=55, size=10 bytes
19:48:20.585 [pool-6-thread-1] DEBUG com.drmq.broker.ClientHandler - Produced message: topic=test-topic, offset=55
19:48:20.585 [main] DEBUG com.drmq.client.DRMQProducer - Message sent: topic=test-topic, offset=55
19:48:20.585 [pool-6-thread-1] DEBUG com.drmq.broker.MessageStore - Stored message: topic=test-topic, offset=56, size=10 bytes
19:48:20.585 [pool-6-thread-1] DEBUG com.drmq.broker.ClientHandler - Produced message: topic=test-topic, offset=56
19:48:20.586 [main] DEBUG com.drmq.client.DRMQProducer - Message sent: topic=test-topic, offset=56
19:48:20.586 [pool-6-thread-1] DEBUG com.drmq.broker.MessageStore - Stored message: topic=test-topic, offset=57, size=10 bytes
19:48:20.586 [pool-6-thread-1] DEBUG com.drmq.broker.ClientHandler - Produced message: topic=test-topic, offset=57
19:48:20.587 [main] DEBUG com.drmq.client.DRMQProducer - Message sent: topic=test-topic, offset=57
19:48:20.587 [pool-6-thread-1] DEBUG com.drmq.broker.MessageStore - Stored message: topic=test-topic, offset=58, size=10 bytes
19:48:20.587 [pool-6-thread-1] DEBUG com.drmq.broker.ClientHandler - Produced message: topic=test-topic, offset=58
19:48:20.587 [main] DEBUG com.drmq.client.DRMQProducer - Message sent: topic=test-topic, offset=58
19:48:20.588 [pool-6-thread-1] DEBUG com.drmq.broker.MessageStore - Stored message: topic=test-topic, offset=59, size=10 bytes
19:48:20.588 [pool-6-thread-1] DEBUG com.drmq.broker.ClientHandler - Produced message: topic=test-topic, offset=59
19:48:20.588 [main] DEBUG com.drmq.client.DRMQProducer - Message sent: topic=test-topic, offset=59
19:48:20.588 [pool-6-thread-1] DEBUG com.drmq.broker.MessageStore - Stored message: topic=test-topic, offset=60, size=10 bytes
19:48:20.589 [pool-6-thread-1] DEBUG com.drmq.broker.ClientHandler - Produced message: topic=test-topic, offset=60
19:48:20.589 [main] DEBUG com.drmq.client.DRMQProducer - Message sent: topic=test-topic, offset=60
19:48:20.589 [pool-6-thread-1] DEBUG com.drmq.broker.MessageStore - Stored message: topic=test-topic, offset=61, size=10 bytes
19:48:20.589 [pool-6-thread-1] DEBUG com.drmq.broker.ClientHandler - Produced message: topic=test-topic, offset=61
19:48:20.590 [main] DEBUG com.drmq.client.DRMQProducer - Message sent: topic=test-topic, offset=61
19:48:20.590 [pool-6-thread-1] DEBUG com.drmq.broker.MessageStore - Stored message: topic=test-topic, offset=62, size=10 bytes
19:48:20.590 [pool-6-thread-1] DEBUG com.drmq.broker.ClientHandler - Produced message: topic=test-topic, offset=62
19:48:20.590 [main] DEBUG com.drmq.client.DRMQProducer - Message sent: topic=test-topic, offset=62
19:48:20.591 [pool-6-thread-1] DEBUG com.drmq.broker.MessageStore - Stored message: topic=test-topic, offset=63, size=10 bytes
19:48:20.591 [pool-6-thread-1] DEBUG com.drmq.broker.ClientHandler - Produced message: topic=test-topic, offset=63
19:48:20.591 [main] DEBUG com.drmq.client.DRMQProducer - Message sent: topic=test-topic, offset=63
19:48:20.592 [pool-6-thread-1] DEBUG com.drmq.broker.MessageStore - Stored message: topic=test-topic, offset=64, size=10 bytes
19:48:20.592 [pool-6-thread-1] DEBUG com.drmq.broker.ClientHandler - Produced message: topic=test-topic, offset=64
19:48:20.593 [main] DEBUG com.drmq.client.DRMQProducer - Message sent: topic=test-topic, offset=64
19:48:20.594 [pool-6-thread-1] DEBUG com.drmq.broker.MessageStore - Stored message: topic=test-topic, offset=65, size=10 bytes
19:48:20.594 [pool-6-thread-1] DEBUG com.drmq.broker.ClientHandler - Produced message: topic=test-topic, offset=65
19:48:20.594 [main] DEBUG com.drmq.client.DRMQProducer - Message sent: topic=test-topic, offset=65
19:48:20.595 [pool-6-thread-1] DEBUG com.drmq.broker.MessageStore - Stored message: topic=test-topic, offset=66, size=10 bytes
19:48:20.595 [pool-6-thread-1] DEBUG com.drmq.broker.ClientHandler - Produced message: topic=test-topic, offset=66
19:48:20.595 [main] DEBUG com.drmq.client.DRMQProducer - Message sent: topic=test-topic, offset=66
19:48:20.596 [pool-6-thread-1] DEBUG com.drmq.broker.MessageStore - Stored message: topic=test-topic, offset=67, size=10 bytes
19:48:20.597 [pool-6-thread-1] DEBUG com.drmq.broker.ClientHandler - Produced message: topic=test-topic, offset=67
19:48:20.598 [main] DEBUG com.drmq.client.DRMQProducer - Message sent: topic=test-topic, offset=67
19:48:20.599 [pool-6-thread-1] DEBUG com.drmq.broker.MessageStore - Stored message: topic=test-topic, offset=68, size=10 bytes
19:48:20.599 [pool-6-thread-1] DEBUG com.drmq.broker.ClientHandler - Produced message: topic=test-topic, offset=68
19:48:20.599 [main] DEBUG com.drmq.client.DRMQProducer - Message sent: topic=test-topic, offset=68
19:48:20.600 [pool-6-thread-1] DEBUG com.drmq.broker.MessageStore - Stored message: topic=test-topic, offset=69, size=10 bytes
19:48:20.600 [pool-6-thread-1] DEBUG com.drmq.broker.ClientHandler - Produced message: topic=test-topic, offset=69
19:48:20.600 [main] DEBUG com.drmq.client.DRMQProducer - Message sent: topic=test-topic, offset=69
19:48:20.601 [pool-6-thread-1] DEBUG com.drmq.broker.MessageStore - Stored message: topic=test-topic, offset=70, size=10 bytes
19:48:20.601 [pool-6-thread-1] DEBUG com.drmq.broker.ClientHandler - Produced message: topic=test-topic, offset=70
19:48:20.601 [main] DEBUG com.drmq.client.DRMQProducer - Message sent: topic=test-topic, offset=70
19:48:20.602 [pool-6-thread-1] DEBUG com.drmq.broker.MessageStore - Stored message: topic=test-topic, offset=71, size=10 bytes
19:48:20.602 [pool-6-thread-1] DEBUG com.drmq.broker.ClientHandler - Produced message: topic=test-topic, offset=71
19:48:20.603 [main] DEBUG com.drmq.client.DRMQProducer - Message sent: topic=test-topic, offset=71
19:48:20.603 [pool-6-thread-1] DEBUG com.drmq.broker.MessageStore - Stored message: topic=test-topic, offset=72, size=10 bytes
19:48:20.603 [pool-6-thread-1] DEBUG com.drmq.broker.ClientHandler - Produced message: topic=test-topic, offset=72
19:48:20.604 [main] DEBUG com.drmq.client.DRMQProducer - Message sent: topic=test-topic, offset=72
19:48:20.604 [pool-6-thread-1] DEBUG com.drmq.broker.MessageStore - Stored message: topic=test-topic, offset=73, size=10 bytes
19:48:20.604 [pool-6-thread-1] DEBUG com.drmq.broker.ClientHandler - Produced message: topic=test-topic, offset=73
19:48:20.604 [main] DEBUG com.drmq.client.DRMQProducer - Message sent: topic=test-topic, offset=73
19:48:20.605 [pool-6-thread-1] DEBUG com.drmq.broker.MessageStore - Stored message: topic=test-topic, offset=74, size=10 bytes
19:48:20.605 [pool-6-thread-1] DEBUG com.drmq.broker.ClientHandler - Produced message: topic=test-topic, offset=74
19:48:20.605 [main] DEBUG com.drmq.client.DRMQProducer - Message sent: topic=test-topic, offset=74
19:48:20.606 [pool-6-thread-1] DEBUG com.drmq.broker.MessageStore - Stored message: topic=test-topic, offset=75, size=10 bytes
19:48:20.606 [pool-6-thread-1] DEBUG com.drmq.broker.ClientHandler - Produced message: topic=test-topic, offset=75
19:48:20.606 [main] DEBUG com.drmq.client.DRMQProducer - Message sent: topic=test-topic, offset=75
19:48:20.606 [pool-6-thread-1] DEBUG com.drmq.broker.MessageStore - Stored message: topic=test-topic, offset=76, size=10 bytes
19:48:20.606 [pool-6-thread-1] DEBUG com.drmq.broker.ClientHandler - Produced message: topic=test-topic, offset=76
19:48:20.607 [main] DEBUG com.drmq.client.DRMQProducer - Message sent: topic=test-topic, offset=76
19:48:20.607 [pool-6-thread-1] DEBUG com.drmq.broker.MessageStore - Stored message: topic=test-topic, offset=77, size=10 bytes
19:48:20.607 [pool-6-thread-1] DEBUG com.drmq.broker.ClientHandler - Produced message: topic=test-topic, offset=77
19:48:20.607 [main] DEBUG com.drmq.client.DRMQProducer - Message sent: topic=test-topic, offset=77
19:48:20.608 [pool-6-thread-1] DEBUG com.drmq.broker.MessageStore - Stored message: topic=test-topic, offset=78, size=10 bytes
19:48:20.608 [pool-6-thread-1] DEBUG com.drmq.broker.ClientHandler - Produced message: topic=test-topic, offset=78
19:48:20.608 [main] DEBUG com.drmq.client.DRMQProducer - Message sent: topic=test-topic, offset=78
19:48:20.609 [pool-6-thread-1] DEBUG com.drmq.broker.MessageStore - Stored message: topic=test-topic, offset=79, size=10 bytes
19:48:20.610 [pool-6-thread-1] DEBUG com.drmq.broker.ClientHandler - Produced message: topic=test-topic, offset=79
19:48:20.611 [main] DEBUG com.drmq.client.DRMQProducer - Message sent: topic=test-topic, offset=79
19:48:20.611 [pool-6-thread-1] DEBUG com.drmq.broker.MessageStore - Stored message: topic=test-topic, offset=80, size=10 bytes
19:48:20.611 [pool-6-thread-1] DEBUG com.drmq.broker.ClientHandler - Produced message: topic=test-topic, offset=80
19:48:20.612 [main] DEBUG com.drmq.client.DRMQProducer - Message sent: topic=test-topic, offset=80
19:48:20.613 [pool-6-thread-1] DEBUG com.drmq.broker.MessageStore - Stored message: topic=test-topic, offset=81, size=10 bytes
19:48:20.614 [pool-6-thread-1] DEBUG com.drmq.broker.ClientHandler - Produced message: topic=test-topic, offset=81
19:48:20.615 [main] DEBUG com.drmq.client.DRMQProducer - Message sent: topic=test-topic, offset=81
19:48:20.615 [pool-6-thread-1] DEBUG com.drmq.broker.MessageStore - Stored message: topic=test-topic, offset=82, size=10 bytes
19:48:20.616 [pool-6-thread-1] DEBUG com.drmq.broker.ClientHandler - Produced message: topic=test-topic, offset=82
19:48:20.616 [main] DEBUG com.drmq.client.DRMQProducer - Message sent: topic=test-topic, offset=82
19:48:20.617 [pool-6-thread-1] DEBUG com.drmq.broker.MessageStore - Stored message: topic=test-topic, offset=83, size=10 bytes
19:48:20.617 [pool-6-thread-1] DEBUG com.drmq.broker.ClientHandler - Produced message: topic=test-topic, offset=83
19:48:20.617 [main] DEBUG com.drmq.client.DRMQProducer - Message sent: topic=test-topic, offset=83
19:48:20.617 [pool-6-thread-1] DEBUG com.drmq.broker.MessageStore - Stored message: topic=test-topic, offset=84, size=10 bytes
19:48:20.617 [pool-6-thread-1] DEBUG com.drmq.broker.ClientHandler - Produced message: topic=test-topic, offset=84
19:48:20.618 [main] DEBUG com.drmq.client.DRMQProducer - Message sent: topic=test-topic, offset=84
19:48:20.618 [pool-6-thread-1] DEBUG com.drmq.broker.MessageStore - Stored message: topic=test-topic, offset=85, size=10 bytes
19:48:20.618 [pool-6-thread-1] DEBUG com.drmq.broker.ClientHandler - Produced message: topic=test-topic, offset=85
19:48:20.618 [main] DEBUG com.drmq.client.DRMQProducer - Message sent: topic=test-topic, offset=85
19:48:20.619 [pool-6-thread-1] DEBUG com.drmq.broker.MessageStore - Stored message: topic=test-topic, offset=86, size=10 bytes
19:48:20.619 [pool-6-thread-1] DEBUG com.drmq.broker.ClientHandler - Produced message: topic=test-topic, offset=86
19:48:20.619 [main] DEBUG com.drmq.client.DRMQProducer - Message sent: topic=test-topic, offset=86
19:48:20.619 [pool-6-thread-1] DEBUG com.drmq.broker.MessageStore - Stored message: topic=test-topic, offset=87, size=10 bytes
19:48:20.619 [pool-6-thread-1] DEBUG com.drmq.broker.ClientHandler - Produced message: topic=test-topic, offset=87
19:48:20.620 [main] DEBUG com.drmq.client.DRMQProducer - Message sent: topic=test-topic, offset=87
19:48:20.620 [pool-6-thread-1] DEBUG com.drmq.broker.MessageStore - Stored message: topic=test-topic, offset=88, size=10 bytes
19:48:20.620 [pool-6-thread-1] DEBUG com.drmq.broker.ClientHandler - Produced message: topic=test-topic, offset=88
19:48:20.620 [main] DEBUG com.drmq.client.DRMQProducer - Message sent: topic=test-topic, offset=88
19:48:20.621 [pool-6-thread-1] DEBUG com.drmq.broker.MessageStore - Stored message: topic=test-topic, offset=89, size=10 bytes
19:48:20.621 [pool-6-thread-1] DEBUG com.drmq.broker.ClientHandler - Produced message: topic=test-topic, offset=89
19:48:20.621 [main] DEBUG com.drmq.client.DRMQProducer - Message sent: topic=test-topic, offset=89
19:48:20.622 [pool-6-thread-1] DEBUG com.drmq.broker.MessageStore - Stored message: topic=test-topic, offset=90, size=10 bytes
19:48:20.622 [pool-6-thread-1] DEBUG com.drmq.broker.ClientHandler - Produced message: topic=test-topic, offset=90
19:48:20.623 [main] DEBUG com.drmq.client.DRMQProducer - Message sent: topic=test-topic, offset=90
19:48:20.623 [pool-6-thread-1] DEBUG com.drmq.broker.MessageStore - Stored message: topic=test-topic, offset=91, size=10 bytes
19:48:20.623 [pool-6-thread-1] DEBUG com.drmq.broker.ClientHandler - Produced message: topic=test-topic, offset=91
19:48:20.623 [main] DEBUG com.drmq.client.DRMQProducer - Message sent: topic=test-topic, offset=91
19:48:20.624 [pool-6-thread-1] DEBUG com.drmq.broker.MessageStore - Stored message: topic=test-topic, offset=92, size=10 bytes
19:48:20.624 [pool-6-thread-1] DEBUG com.drmq.broker.ClientHandler - Produced message: topic=test-topic, offset=92
19:48:20.624 [main] DEBUG com.drmq.client.DRMQProducer - Message sent: topic=test-topic, offset=92
19:48:20.624 [pool-6-thread-1] DEBUG com.drmq.broker.MessageStore - Stored message: topic=test-topic, offset=93, size=10 bytes
19:48:20.625 [pool-6-thread-1] DEBUG com.drmq.broker.ClientHandler - Produced message: topic=test-topic, offset=93
19:48:20.625 [main] DEBUG com.drmq.client.DRMQProducer - Message sent: topic=test-topic, offset=93
19:48:20.625 [pool-6-thread-1] DEBUG com.drmq.broker.MessageStore - Stored message: topic=test-topic, offset=94, size=10 bytes
19:48:20.626 [pool-6-thread-1] DEBUG com.drmq.broker.ClientHandler - Produced message: topic=test-topic, offset=94
19:48:20.627 [main] DEBUG com.drmq.client.DRMQProducer - Message sent: topic=test-topic, offset=94
19:48:20.628 [pool-6-thread-1] DEBUG com.drmq.broker.MessageStore - Stored message: topic=test-topic, offset=95, size=10 bytes
19:48:20.628 [pool-6-thread-1] DEBUG com.drmq.broker.ClientHandler - Produced message: topic=test-topic, offset=95
19:48:20.628 [main] DEBUG com.drmq.client.DRMQProducer - Message sent: topic=test-topic, offset=95
19:48:20.629 [pool-6-thread-1] DEBUG com.drmq.broker.MessageStore - Stored message: topic=test-topic, offset=96, size=10 bytes
19:48:20.630 [pool-6-thread-1] DEBUG com.drmq.broker.ClientHandler - Produced message: topic=test-topic, offset=96
19:48:20.631 [main] DEBUG com.drmq.client.DRMQProducer - Message sent: topic=test-topic, offset=96
19:48:20.632 [pool-6-thread-1] DEBUG com.drmq.broker.MessageStore - Stored message: topic=test-topic, offset=97, size=10 bytes
19:48:20.632 [pool-6-thread-1] DEBUG com.drmq.broker.ClientHandler - Produced message: topic=test-topic, offset=97
19:48:20.632 [main] DEBUG com.drmq.client.DRMQProducer - Message sent: topic=test-topic, offset=97
19:48:20.633 [pool-6-thread-1] DEBUG com.drmq.broker.MessageStore - Stored message: topic=test-topic, offset=98, size=10 bytes
19:48:20.633 [pool-6-thread-1] DEBUG com.drmq.broker.ClientHandler - Produced message: topic=test-topic, offset=98
19:48:20.633 [main] DEBUG com.drmq.client.DRMQProducer - Message sent: topic=test-topic, offset=98
19:48:20.633 [pool-6-thread-1] DEBUG com.drmq.broker.MessageStore - Stored message: topic=test-topic, offset=99, size=10 bytes
19:48:20.633 [pool-6-thread-1] DEBUG com.drmq.broker.ClientHandler - Produced message: topic=test-topic, offset=99
19:48:20.634 [main] DEBUG com.drmq.client.DRMQProducer - Message sent: topic=test-topic, offset=99
19:48:20.634 [main] INFO  com.drmq.client.DRMQProducer - Disconnected from broker
19:48:20.634 [pool-6-thread-1] INFO  com.drmq.broker.ClientHandler - Client disconnected: /127.0.0.1:36780
19:48:20.634 [main] INFO  com.drmq.broker.BrokerServer - Shutting down broker...
19:48:20.634 [main] INFO  com.drmq.broker.BrokerServer - Broker shutdown complete
]]></system-out>
  </testcase>
  <testcase name="producerStringMessageConvenience" classname="com.drmq.integration.ProducerBrokerIntegrationTest" time="0.233">
    <system-out><![CDATA[19:48:20.637 [broker-server] INFO  com.drmq.broker.BrokerServer - DRMQ Broker started on port 19092
19:48:20.860 [main] INFO  com.drmq.client.DRMQProducer - Connected to broker at localhost:19092
19:48:20.864 [pool-7-thread-1] INFO  com.drmq.broker.ClientHandler - Client connected: /127.0.0.1:36792
19:48:20.865 [pool-7-thread-1] DEBUG com.drmq.broker.MessageStore - Stored message: topic=string-topic, offset=0, size=24 bytes
19:48:20.865 [pool-7-thread-1] DEBUG com.drmq.broker.ClientHandler - Produced message: topic=string-topic, offset=0
19:48:20.867 [main] DEBUG com.drmq.client.DRMQProducer - Message sent: topic=string-topic, offset=0
19:48:20.867 [main] INFO  com.drmq.client.DRMQProducer - Disconnected from broker
19:48:20.867 [pool-7-thread-1] INFO  com.drmq.broker.ClientHandler - Client disconnected: /127.0.0.1:36792
19:48:20.868 [main] INFO  com.drmq.broker.BrokerServer - Shutting down broker...
19:48:20.868 [main] INFO  com.drmq.broker.BrokerServer - Broker shutdown complete
]]></system-out>
  </testcase>
  <testcase name="multipleProducersCanSendConcurrently" classname="com.drmq.integration.ProducerBrokerIntegrationTest" time="0.248">
    <system-out><![CDATA[19:48:20.871 [broker-server] INFO  com.drmq.broker.BrokerServer - DRMQ Broker started on port 19092
19:48:21.084 [Thread-1] INFO  com.drmq.client.DRMQProducer - Connected to broker at localhost:19092
19:48:21.084 [Thread-2] INFO  com.drmq.client.DRMQProducer - Connected to broker at localhost:19092
19:48:21.091 [Thread-4] INFO  com.drmq.client.DRMQProducer - Connected to broker at localhost:19092
19:48:21.091 [pool-8-thread-1] INFO  com.drmq.broker.ClientHandler - Client connected: /127.0.0.1:36796
19:48:21.085 [Thread-3] INFO  com.drmq.client.DRMQProducer - Connected to broker at localhost:19092
19:48:21.092 [pool-8-thread-2] INFO  com.drmq.broker.ClientHandler - Client connected: /127.0.0.1:36804
19:48:21.095 [Thread-5] INFO  com.drmq.client.DRMQProducer - Connected to broker at localhost:19092
19:48:21.095 [pool-8-thread-3] INFO  com.drmq.broker.ClientHandler - Client connected: /127.0.0.1:36818
19:48:21.096 [pool-8-thread-4] INFO  com.drmq.broker.ClientHandler - Client connected: /127.0.0.1:36826
19:48:21.097 [pool-8-thread-2] DEBUG com.drmq.broker.MessageStore - Stored message: topic=concurrent-topic, offset=0, size=22 bytes
19:48:21.097 [pool-8-thread-1] DEBUG com.drmq.broker.MessageStore - Stored message: topic=concurrent-topic, offset=1, size=22 bytes
19:48:21.097 [pool-8-thread-1] DEBUG com.drmq.broker.ClientHandler - Produced message: topic=concurrent-topic, offset=1
19:48:21.097 [pool-8-thread-5] INFO  com.drmq.broker.ClientHandler - Client connected: /127.0.0.1:36828
19:48:21.097 [pool-8-thread-3] DEBUG com.drmq.broker.MessageStore - Stored message: topic=concurrent-topic, offset=2, size=22 bytes
19:48:21.097 [pool-8-thread-3] DEBUG com.drmq.broker.ClientHandler - Produced message: topic=concurrent-topic, offset=2
19:48:21.097 [pool-8-thread-2] DEBUG com.drmq.broker.ClientHandler - Produced message: topic=concurrent-topic, offset=0
19:48:21.098 [Thread-1] DEBUG com.drmq.client.DRMQProducer - Message sent: topic=concurrent-topic, offset=1
19:48:21.098 [pool-8-thread-5] DEBUG com.drmq.broker.MessageStore - Stored message: topic=concurrent-topic, offset=3, size=22 bytes
19:48:21.098 [pool-8-thread-4] DEBUG com.drmq.broker.MessageStore - Stored message: topic=concurrent-topic, offset=4, size=22 bytes
19:48:21.098 [Thread-3] DEBUG com.drmq.client.DRMQProducer - Message sent: topic=concurrent-topic, offset=2
19:48:21.098 [pool-8-thread-4] DEBUG com.drmq.broker.ClientHandler - Produced message: topic=concurrent-topic, offset=4
19:48:21.098 [pool-8-thread-5] DEBUG com.drmq.broker.ClientHandler - Produced message: topic=concurrent-topic, offset=3
19:48:21.098 [Thread-2] DEBUG com.drmq.client.DRMQProducer - Message sent: topic=concurrent-topic, offset=0
19:48:21.098 [pool-8-thread-1] DEBUG com.drmq.broker.MessageStore - Stored message: topic=concurrent-topic, offset=5, size=22 bytes
19:48:21.098 [pool-8-thread-1] DEBUG com.drmq.broker.ClientHandler - Produced message: topic=concurrent-topic, offset=5
19:48:21.098 [Thread-4] DEBUG com.drmq.client.DRMQProducer - Message sent: topic=concurrent-topic, offset=4
19:48:21.098 [pool-8-thread-2] DEBUG com.drmq.broker.MessageStore - Stored message: topic=concurrent-topic, offset=7, size=22 bytes
19:48:21.098 [Thread-5] DEBUG com.drmq.client.DRMQProducer - Message sent: topic=concurrent-topic, offset=3
19:48:21.098 [pool-8-thread-3] DEBUG com.drmq.broker.MessageStore - Stored message: topic=concurrent-topic, offset=6, size=22 bytes
19:48:21.098 [Thread-1] DEBUG com.drmq.client.DRMQProducer - Message sent: topic=concurrent-topic, offset=5
19:48:21.098 [pool-8-thread-3] DEBUG com.drmq.broker.ClientHandler - Produced message: topic=concurrent-topic, offset=6
19:48:21.098 [pool-8-thread-2] DEBUG com.drmq.broker.ClientHandler - Produced message: topic=concurrent-topic, offset=7
19:48:21.098 [pool-8-thread-4] DEBUG com.drmq.broker.MessageStore - Stored message: topic=concurrent-topic, offset=8, size=22 bytes
19:48:21.098 [pool-8-thread-4] DEBUG com.drmq.broker.ClientHandler - Produced message: topic=concurrent-topic, offset=8
19:48:21.098 [pool-8-thread-5] DEBUG com.drmq.broker.MessageStore - Stored message: topic=concurrent-topic, offset=9, size=22 bytes
19:48:21.099 [Thread-3] DEBUG com.drmq.client.DRMQProducer - Message sent: topic=concurrent-topic, offset=6
19:48:21.099 [Thread-4] DEBUG com.drmq.client.DRMQProducer - Message sent: topic=concurrent-topic, offset=8
19:48:21.099 [pool-8-thread-5] DEBUG com.drmq.broker.ClientHandler - Produced message: topic=concurrent-topic, offset=9
19:48:21.099 [Thread-2] DEBUG com.drmq.client.DRMQProducer - Message sent: topic=concurrent-topic, offset=7
19:48:21.099 [pool-8-thread-3] DEBUG com.drmq.broker.MessageStore - Stored message: topic=concurrent-topic, offset=11, size=22 bytes
19:48:21.099 [Thread-5] DEBUG com.drmq.client.DRMQProducer - Message sent: topic=concurrent-topic, offset=9
19:48:21.099 [pool-8-thread-3] DEBUG com.drmq.broker.ClientHandler - Produced message: topic=concurrent-topic, offset=11
19:48:21.099 [pool-8-thread-1] DEBUG com.drmq.broker.MessageStore - Stored message: topic=concurrent-topic, offset=10, size=22 bytes
19:48:21.099 [pool-8-thread-4] DEBUG com.drmq.broker.MessageStore - Stored message: topic=concurrent-topic, offset=12, size=22 bytes
19:48:21.099 [pool-8-thread-2] DEBUG com.drmq.broker.MessageStore - Stored message: topic=concurrent-topic, offset=13, size=22 bytes
19:48:21.099 [pool-8-thread-1] DEBUG com.drmq.broker.ClientHandler - Produced message: topic=concurrent-topic, offset=10
19:48:21.099 [pool-8-thread-2] DEBUG com.drmq.broker.ClientHandler - Produced message: topic=concurrent-topic, offset=13
19:48:21.099 [pool-8-thread-5] DEBUG com.drmq.broker.MessageStore - Stored message: topic=concurrent-topic, offset=14, size=22 bytes
19:48:21.099 [Thread-3] DEBUG com.drmq.client.DRMQProducer - Message sent: topic=concurrent-topic, offset=11
19:48:21.099 [pool-8-thread-4] DEBUG com.drmq.broker.ClientHandler - Produced message: topic=concurrent-topic, offset=12
19:48:21.099 [Thread-1] DEBUG com.drmq.client.DRMQProducer - Message sent: topic=concurrent-topic, offset=10
19:48:21.099 [Thread-2] DEBUG com.drmq.client.DRMQProducer - Message sent: topic=concurrent-topic, offset=13
19:48:21.099 [Thread-4] DEBUG com.drmq.client.DRMQProducer - Message sent: topic=concurrent-topic, offset=12
19:48:21.099 [pool-8-thread-3] DEBUG com.drmq.broker.MessageStore - Stored message: topic=concurrent-topic, offset=15, size=22 bytes
19:48:21.099 [pool-8-thread-5] DEBUG com.drmq.broker.ClientHandler - Produced message: topic=concurrent-topic, offset=14
19:48:21.099 [pool-8-thread-1] DEBUG com.drmq.broker.MessageStore - Stored message: topic=concurrent-topic, offset=16, size=22 bytes
19:48:21.099 [pool-8-thread-3] DEBUG com.drmq.broker.ClientHandler - Produced message: topic=concurrent-topic, offset=15
19:48:21.100 [pool-8-thread-1] DEBUG com.drmq.broker.ClientHandler - Produced message: topic=concurrent-topic, offset=16
19:48:21.100 [pool-8-thread-2] DEBUG com.drmq.broker.MessageStore - Stored message: topic=concurrent-topic, offset=17, size=22 bytes
19:48:21.100 [pool-8-thread-4] DEBUG com.drmq.broker.MessageStore - Stored message: topic=concurrent-topic, offset=18, size=22 bytes
19:48:21.100 [pool-8-thread-2] DEBUG com.drmq.broker.ClientHandler - Produced message: topic=concurrent-topic, offset=17
19:48:21.100 [pool-8-thread-4] DEBUG com.drmq.broker.ClientHandler - Produced message: topic=concurrent-topic, offset=18
19:48:21.100 [Thread-3] DEBUG com.drmq.client.DRMQProducer - Message sent: topic=concurrent-topic, offset=15
19:48:21.100 [Thread-1] DEBUG com.drmq.client.DRMQProducer - Message sent: topic=concurrent-topic, offset=16
19:48:21.100 [Thread-5] DEBUG com.drmq.client.DRMQProducer - Message sent: topic=concurrent-topic, offset=14
19:48:21.100 [Thread-2] DEBUG com.drmq.client.DRMQProducer - Message sent: topic=concurrent-topic, offset=17
19:48:21.100 [Thread-4] DEBUG com.drmq.client.DRMQProducer - Message sent: topic=concurrent-topic, offset=18
19:48:21.100 [pool-8-thread-3] DEBUG com.drmq.broker.MessageStore - Stored message: topic=concurrent-topic, offset=19, size=22 bytes
19:48:21.100 [pool-8-thread-3] DEBUG com.drmq.broker.ClientHandler - Produced message: topic=concurrent-topic, offset=19
19:48:21.100 [pool-8-thread-4] DEBUG com.drmq.broker.MessageStore - Stored message: topic=concurrent-topic, offset=21, size=22 bytes
19:48:21.100 [pool-8-thread-1] DEBUG com.drmq.broker.MessageStore - Stored message: topic=concurrent-topic, offset=20, size=22 bytes
19:48:21.100 [pool-8-thread-2] DEBUG com.drmq.broker.MessageStore - Stored message: topic=concurrent-topic, offset=22, size=22 bytes
19:48:21.100 [pool-8-thread-5] DEBUG com.drmq.broker.MessageStore - Stored message: topic=concurrent-topic, offset=23, size=22 bytes
19:48:21.100 [pool-8-thread-4] DEBUG com.drmq.broker.ClientHandler - Produced message: topic=concurrent-topic, offset=21
19:48:21.100 [pool-8-thread-5] DEBUG com.drmq.broker.ClientHandler - Produced message: topic=concurrent-topic, offset=23
19:48:21.100 [pool-8-thread-1] DEBUG com.drmq.broker.ClientHandler - Produced message: topic=concurrent-topic, offset=20
19:48:21.100 [Thread-3] DEBUG com.drmq.client.DRMQProducer - Message sent: topic=concurrent-topic, offset=19
19:48:21.100 [Thread-5] DEBUG com.drmq.client.DRMQProducer - Message sent: topic=concurrent-topic, offset=23
19:48:21.100 [pool-8-thread-2] DEBUG com.drmq.broker.ClientHandler - Produced message: topic=concurrent-topic, offset=22
19:48:21.101 [pool-8-thread-3] DEBUG com.drmq.broker.MessageStore - Stored message: topic=concurrent-topic, offset=24, size=22 bytes
19:48:21.100 [Thread-4] DEBUG com.drmq.client.DRMQProducer - Message sent: topic=concurrent-topic, offset=21
19:48:21.101 [Thread-2] DEBUG com.drmq.client.DRMQProducer - Message sent: topic=concurrent-topic, offset=22
19:48:21.101 [pool-8-thread-3] DEBUG com.drmq.broker.ClientHandler - Produced message: topic=concurrent-topic, offset=24
19:48:21.100 [Thread-1] DEBUG com.drmq.client.DRMQProducer - Message sent: topic=concurrent-topic, offset=20
19:48:21.101 [pool-8-thread-4] DEBUG com.drmq.broker.MessageStore - Stored message: topic=concurrent-topic, offset=26, size=22 bytes
19:48:21.101 [Thread-3] DEBUG com.drmq.client.DRMQProducer - Message sent: topic=concurrent-topic, offset=24
19:48:21.101 [pool-8-thread-4] DEBUG com.drmq.broker.ClientHandler - Produced message: topic=concurrent-topic, offset=26
19:48:21.101 [pool-8-thread-1] DEBUG com.drmq.broker.MessageStore - Stored message: topic=concurrent-topic, offset=28, size=22 bytes
19:48:21.101 [pool-8-thread-1] DEBUG com.drmq.broker.ClientHandler - Produced message: topic=concurrent-topic, offset=28
19:48:21.101 [pool-8-thread-3] DEBUG com.drmq.broker.MessageStore - Stored message: topic=concurrent-topic, offset=29, size=22 bytes
19:48:21.101 [pool-8-thread-3] DEBUG com.drmq.broker.ClientHandler - Produced message: topic=concurrent-topic, offset=29
19:48:21.101 [pool-8-thread-5] DEBUG com.drmq.broker.MessageStore - Stored message: topic=concurrent-topic, offset=25, size=22 bytes
19:48:21.101 [Thread-1] DEBUG com.drmq.client.DRMQProducer - Message sent: topic=concurrent-topic, offset=28
19:48:21.101 [pool-8-thread-2] DEBUG com.drmq.broker.MessageStore - Stored message: topic=concurrent-topic, offset=27, size=22 bytes
19:48:21.101 [pool-8-thread-2] DEBUG com.drmq.broker.ClientHandler - Produced message: topic=concurrent-topic, offset=27
19:48:21.101 [Thread-3] DEBUG com.drmq.client.DRMQProducer - Message sent: topic=concurrent-topic, offset=29
19:48:21.101 [Thread-4] DEBUG com.drmq.client.DRMQProducer - Message sent: topic=concurrent-topic, offset=26
19:48:21.101 [pool-8-thread-5] DEBUG com.drmq.broker.ClientHandler - Produced message: topic=concurrent-topic, offset=25
19:48:21.102 [pool-8-thread-3] DEBUG com.drmq.broker.MessageStore - Stored message: topic=concurrent-topic, offset=31, size=22 bytes
19:48:21.102 [pool-8-thread-3] DEBUG com.drmq.broker.ClientHandler - Produced message: topic=concurrent-topic, offset=31
19:48:21.101 [pool-8-thread-1] DEBUG com.drmq.broker.MessageStore - Stored message: topic=concurrent-topic, offset=30, size=22 bytes
19:48:21.101 [Thread-2] DEBUG com.drmq.client.DRMQProducer - Message sent: topic=concurrent-topic, offset=27
19:48:21.102 [Thread-3] DEBUG com.drmq.client.DRMQProducer - Message sent: topic=concurrent-topic, offset=31
19:48:21.102 [Thread-5] DEBUG com.drmq.client.DRMQProducer - Message sent: topic=concurrent-topic, offset=25
19:48:21.102 [pool-8-thread-1] DEBUG com.drmq.broker.ClientHandler - Produced message: topic=concurrent-topic, offset=30
19:48:21.102 [pool-8-thread-4] DEBUG com.drmq.broker.MessageStore - Stored message: topic=concurrent-topic, offset=32, size=22 bytes
19:48:21.102 [pool-8-thread-4] DEBUG com.drmq.broker.ClientHandler - Produced message: topic=concurrent-topic, offset=32
19:48:21.102 [pool-8-thread-2] DEBUG com.drmq.broker.MessageStore - Stored message: topic=concurrent-topic, offset=33, size=22 bytes
19:48:21.102 [pool-8-thread-3] DEBUG com.drmq.broker.MessageStore - Stored message: topic=concurrent-topic, offset=34, size=22 bytes
19:48:21.102 [pool-8-thread-2] DEBUG com.drmq.broker.ClientHandler - Produced message: topic=concurrent-topic, offset=33
19:48:21.102 [pool-8-thread-3] DEBUG com.drmq.broker.ClientHandler - Produced message: topic=concurrent-topic, offset=34
19:48:21.102 [Thread-1] DEBUG com.drmq.client.DRMQProducer - Message sent: topic=concurrent-topic, offset=30
19:48:21.102 [Thread-4] DEBUG com.drmq.client.DRMQProducer - Message sent: topic=concurrent-topic, offset=32
19:48:21.102 [pool-8-thread-5] DEBUG com.drmq.broker.MessageStore - Stored message: topic=concurrent-topic, offset=35, size=22 bytes
19:48:21.102 [pool-8-thread-5] DEBUG com.drmq.broker.ClientHandler - Produced message: topic=concurrent-topic, offset=35
19:48:21.102 [pool-8-thread-4] DEBUG com.drmq.broker.MessageStore - Stored message: topic=concurrent-topic, offset=36, size=22 bytes
19:48:21.102 [Thread-3] DEBUG com.drmq.client.DRMQProducer - Message sent: topic=concurrent-topic, offset=34
19:48:21.102 [Thread-2] DEBUG com.drmq.client.DRMQProducer - Message sent: topic=concurrent-topic, offset=33
19:48:21.103 [pool-8-thread-1] DEBUG com.drmq.broker.MessageStore - Stored message: topic=concurrent-topic, offset=37, size=22 bytes
19:48:21.102 [pool-8-thread-4] DEBUG com.drmq.broker.ClientHandler - Produced message: topic=concurrent-topic, offset=36
19:48:21.102 [Thread-5] DEBUG com.drmq.client.DRMQProducer - Message sent: topic=concurrent-topic, offset=35
19:48:21.103 [pool-8-thread-3] DEBUG com.drmq.broker.MessageStore - Stored message: topic=concurrent-topic, offset=38, size=22 bytes
19:48:21.103 [pool-8-thread-3] DEBUG com.drmq.broker.ClientHandler - Produced message: topic=concurrent-topic, offset=38
19:48:21.103 [pool-8-thread-1] DEBUG com.drmq.broker.ClientHandler - Produced message: topic=concurrent-topic, offset=37
19:48:21.103 [Thread-3] DEBUG com.drmq.client.DRMQProducer - Message sent: topic=concurrent-topic, offset=38
19:48:21.103 [Thread-4] DEBUG com.drmq.client.DRMQProducer - Message sent: topic=concurrent-topic, offset=36
19:48:21.103 [pool-8-thread-5] DEBUG com.drmq.broker.MessageStore - Stored message: topic=concurrent-topic, offset=40, size=22 bytes
19:48:21.103 [pool-8-thread-4] DEBUG com.drmq.broker.MessageStore - Stored message: topic=concurrent-topic, offset=42, size=22 bytes
19:48:21.103 [pool-8-thread-5] DEBUG com.drmq.broker.ClientHandler - Produced message: topic=concurrent-topic, offset=40
19:48:21.103 [pool-8-thread-4] DEBUG com.drmq.broker.ClientHandler - Produced message: topic=concurrent-topic, offset=42
19:48:21.103 [Thread-1] DEBUG com.drmq.client.DRMQProducer - Message sent: topic=concurrent-topic, offset=37
19:48:21.103 [Thread-5] DEBUG com.drmq.client.DRMQProducer - Message sent: topic=concurrent-topic, offset=40
19:48:21.103 [Thread-4] DEBUG com.drmq.client.DRMQProducer - Message sent: topic=concurrent-topic, offset=42
19:48:21.103 [pool-8-thread-2] DEBUG com.drmq.broker.MessageStore - Stored message: topic=concurrent-topic, offset=39, size=22 bytes
19:48:21.104 [pool-8-thread-2] DEBUG com.drmq.broker.ClientHandler - Produced message: topic=concurrent-topic, offset=39
19:48:21.103 [pool-8-thread-3] DEBUG com.drmq.broker.MessageStore - Stored message: topic=concurrent-topic, offset=41, size=23 bytes
19:48:21.104 [pool-8-thread-1] DEBUG com.drmq.broker.MessageStore - Stored message: topic=concurrent-topic, offset=43, size=22 bytes
19:48:21.104 [pool-8-thread-3] DEBUG com.drmq.broker.ClientHandler - Produced message: topic=concurrent-topic, offset=41
19:48:21.104 [pool-8-thread-1] DEBUG com.drmq.broker.ClientHandler - Produced message: topic=concurrent-topic, offset=43
19:48:21.104 [pool-8-thread-5] DEBUG com.drmq.broker.MessageStore - Stored message: topic=concurrent-topic, offset=44, size=22 bytes
19:48:21.104 [pool-8-thread-5] DEBUG com.drmq.broker.ClientHandler - Produced message: topic=concurrent-topic, offset=44
19:48:21.104 [Thread-2] DEBUG com.drmq.client.DRMQProducer - Message sent: topic=concurrent-topic, offset=39
19:48:21.104 [Thread-1] DEBUG com.drmq.client.DRMQProducer - Message sent: topic=concurrent-topic, offset=43
19:48:21.104 [pool-8-thread-4] DEBUG com.drmq.broker.MessageStore - Stored message: topic=concurrent-topic, offset=45, size=22 bytes
19:48:21.104 [Thread-5] DEBUG com.drmq.client.DRMQProducer - Message sent: topic=concurrent-topic, offset=44
19:48:21.104 [pool-8-thread-4] DEBUG com.drmq.broker.ClientHandler - Produced message: topic=concurrent-topic, offset=45
19:48:21.104 [pool-8-thread-2] DEBUG com.drmq.broker.MessageStore - Stored message: topic=concurrent-topic, offset=46, size=22 bytes
19:48:21.104 [pool-8-thread-2] DEBUG com.drmq.broker.ClientHandler - Produced message: topic=concurrent-topic, offset=46
19:48:21.104 [pool-8-thread-1] DEBUG com.drmq.broker.MessageStore - Stored message: topic=concurrent-topic, offset=47, size=22 bytes
19:48:21.104 [Thread-3] DEBUG com.drmq.client.DRMQProducer - Message sent: topic=concurrent-topic, offset=41
19:48:21.104 [pool-8-thread-5] DEBUG com.drmq.broker.MessageStore - Stored message: topic=concurrent-topic, offset=48, size=22 bytes
19:48:21.104 [pool-8-thread-1] DEBUG com.drmq.broker.ClientHandler - Produced message: topic=concurrent-topic, offset=47
19:48:21.104 [pool-8-thread-5] DEBUG com.drmq.broker.ClientHandler - Produced message: topic=concurrent-topic, offset=48
19:48:21.104 [pool-8-thread-3] DEBUG com.drmq.broker.MessageStore - Stored message: topic=concurrent-topic, offset=49, size=23 bytes
19:48:21.104 [pool-8-thread-3] DEBUG com.drmq.broker.ClientHandler - Produced message: topic=concurrent-topic, offset=49
19:48:21.104 [Thread-5] DEBUG com.drmq.client.DRMQProducer - Message sent: topic=concurrent-topic, offset=48
19:48:21.104 [Thread-2] DEBUG com.drmq.client.DRMQProducer - Message sent: topic=concurrent-topic, offset=46
19:48:21.105 [Thread-3] DEBUG com.drmq.client.DRMQProducer - Message sent: topic=concurrent-topic, offset=49
19:48:21.104 [Thread-1] DEBUG com.drmq.client.DRMQProducer - Message sent: topic=concurrent-topic, offset=47
19:48:21.105 [pool-8-thread-5] DEBUG com.drmq.broker.MessageStore - Stored message: topic=concurrent-topic, offset=50, size=22 bytes
19:48:21.105 [pool-8-thread-2] DEBUG com.drmq.broker.MessageStore - Stored message: topic=concurrent-topic, offset=51, size=22 bytes
19:48:21.105 [pool-8-thread-2] DEBUG com.drmq.broker.ClientHandler - Produced message: topic=concurrent-topic, offset=51
19:48:21.105 [pool-8-thread-5] DEBUG com.drmq.broker.ClientHandler - Produced message: topic=concurrent-topic, offset=50
19:48:21.105 [Thread-4] DEBUG com.drmq.client.DRMQProducer - Message sent: topic=concurrent-topic, offset=45
19:48:21.105 [Thread-5] DEBUG com.drmq.client.DRMQProducer - Message sent: topic=concurrent-topic, offset=50
19:48:21.105 [Thread-2] DEBUG com.drmq.client.DRMQProducer - Message sent: topic=concurrent-topic, offset=51
19:48:21.105 [pool-8-thread-1] DEBUG com.drmq.broker.MessageStore - Stored message: topic=concurrent-topic, offset=53, size=23 bytes
19:48:21.105 [pool-8-thread-3] DEBUG com.drmq.broker.MessageStore - Stored message: topic=concurrent-topic, offset=54, size=23 bytes
19:48:21.105 [pool-8-thread-3] DEBUG com.drmq.broker.ClientHandler - Produced message: topic=concurrent-topic, offset=54
19:48:21.105 [pool-8-thread-2] DEBUG com.drmq.broker.MessageStore - Stored message: topic=concurrent-topic, offset=56, size=23 bytes
19:48:21.105 [Thread-3] DEBUG com.drmq.client.DRMQProducer - Message sent: topic=concurrent-topic, offset=54
19:48:21.105 [pool-8-thread-2] DEBUG com.drmq.broker.ClientHandler - Produced message: topic=concurrent-topic, offset=56
19:48:21.105 [pool-8-thread-4] DEBUG com.drmq.broker.MessageStore - Stored message: topic=concurrent-topic, offset=52, size=23 bytes
19:48:21.105 [pool-8-thread-4] DEBUG com.drmq.broker.ClientHandler - Produced message: topic=concurrent-topic, offset=52
19:48:21.105 [pool-8-thread-1] DEBUG com.drmq.broker.ClientHandler - Produced message: topic=concurrent-topic, offset=53
19:48:21.105 [pool-8-thread-5] DEBUG com.drmq.broker.MessageStore - Stored message: topic=concurrent-topic, offset=55, size=23 bytes
19:48:21.105 [Thread-2] DEBUG com.drmq.client.DRMQProducer - Message sent: topic=concurrent-topic, offset=56
19:48:21.106 [pool-8-thread-5] DEBUG com.drmq.broker.ClientHandler - Produced message: topic=concurrent-topic, offset=55
19:48:21.106 [Thread-4] DEBUG com.drmq.client.DRMQProducer - Message sent: topic=concurrent-topic, offset=52
19:48:21.106 [pool-8-thread-2] DEBUG com.drmq.broker.MessageStore - Stored message: topic=concurrent-topic, offset=57, size=23 bytes
19:48:21.106 [pool-8-thread-2] DEBUG com.drmq.broker.ClientHandler - Produced message: topic=concurrent-topic, offset=57
19:48:21.106 [pool-8-thread-3] DEBUG com.drmq.broker.MessageStore - Stored message: topic=concurrent-topic, offset=58, size=23 bytes
19:48:21.106 [pool-8-thread-4] DEBUG com.drmq.broker.MessageStore - Stored message: topic=concurrent-topic, offset=59, size=23 bytes
19:48:21.106 [pool-8-thread-3] DEBUG com.drmq.broker.ClientHandler - Produced message: topic=concurrent-topic, offset=58
19:48:21.106 [pool-8-thread-4] DEBUG com.drmq.broker.ClientHandler - Produced message: topic=concurrent-topic, offset=59
19:48:21.106 [Thread-2] DEBUG com.drmq.client.DRMQProducer - Message sent: topic=concurrent-topic, offset=57
19:48:21.106 [Thread-4] DEBUG com.drmq.client.DRMQProducer - Message sent: topic=concurrent-topic, offset=59
19:48:21.106 [Thread-5] DEBUG com.drmq.client.DRMQProducer - Message sent: topic=concurrent-topic, offset=55
19:48:21.106 [Thread-1] DEBUG com.drmq.client.DRMQProducer - Message sent: topic=concurrent-topic, offset=53
19:48:21.106 [Thread-3] DEBUG com.drmq.client.DRMQProducer - Message sent: topic=concurrent-topic, offset=58
19:48:21.106 [pool-8-thread-5] DEBUG com.drmq.broker.MessageStore - Stored message: topic=concurrent-topic, offset=60, size=23 bytes
19:48:21.106 [pool-8-thread-1] DEBUG com.drmq.broker.MessageStore - Stored message: topic=concurrent-topic, offset=61, size=23 bytes
19:48:21.106 [pool-8-thread-5] DEBUG com.drmq.broker.ClientHandler - Produced message: topic=concurrent-topic, offset=60
19:48:21.106 [pool-8-thread-1] DEBUG com.drmq.broker.ClientHandler - Produced message: topic=concurrent-topic, offset=61
19:48:21.107 [Thread-5] DEBUG com.drmq.client.DRMQProducer - Message sent: topic=concurrent-topic, offset=60
19:48:21.107 [Thread-1] DEBUG com.drmq.client.DRMQProducer - Message sent: topic=concurrent-topic, offset=61
19:48:21.107 [pool-8-thread-5] DEBUG com.drmq.broker.MessageStore - Stored message: topic=concurrent-topic, offset=62, size=23 bytes
19:48:21.107 [pool-8-thread-5] DEBUG com.drmq.broker.ClientHandler - Produced message: topic=concurrent-topic, offset=62
19:48:21.107 [pool-8-thread-1] DEBUG com.drmq.broker.MessageStore - Stored message: topic=concurrent-topic, offset=63, size=23 bytes
19:48:21.107 [pool-8-thread-1] DEBUG com.drmq.broker.ClientHandler - Produced message: topic=concurrent-topic, offset=63
19:48:21.107 [Thread-5] DEBUG com.drmq.client.DRMQProducer - Message sent: topic=concurrent-topic, offset=62
19:48:21.107 [Thread-1] DEBUG com.drmq.client.DRMQProducer - Message sent: topic=concurrent-topic, offset=63
19:48:21.107 [pool-8-thread-5] DEBUG com.drmq.broker.MessageStore - Stored message: topic=concurrent-topic, offset=64, size=23 bytes
19:48:21.107 [pool-8-thread-5] DEBUG com.drmq.broker.ClientHandler - Produced message: topic=concurrent-topic, offset=64
19:48:21.107 [pool-8-thread-1] DEBUG com.drmq.broker.MessageStore - Stored message: topic=concurrent-topic, offset=65, size=23 bytes
19:48:21.107 [pool-8-thread-1] DEBUG com.drmq.broker.ClientHandler - Produced message: topic=concurrent-topic, offset=65
19:48:21.107 [Thread-5] DEBUG com.drmq.client.DRMQProducer - Message sent: topic=concurrent-topic, offset=64
19:48:21.108 [Thread-1] DEBUG com.drmq.client.DRMQProducer - Message sent: topic=concurrent-topic, offset=65
19:48:21.108 [pool-8-thread-5] DEBUG com.drmq.broker.MessageStore - Stored message: topic=concurrent-topic, offset=66, size=23 bytes
19:48:21.108 [pool-8-thread-5] DEBUG com.drmq.broker.ClientHandler - Produced message: topic=concurrent-topic, offset=66
19:48:21.108 [pool-8-thread-3] DEBUG com.drmq.broker.MessageStore - Stored message: topic=concurrent-topic, offset=67, size=23 bytes
19:48:21.108 [pool-8-thread-1] DEBUG com.drmq.broker.MessageStore - Stored message: topic=concurrent-topic, offset=68, size=23 bytes
19:48:21.108 [Thread-5] DEBUG com.drmq.client.DRMQProducer - Message sent: topic=concurrent-topic, offset=66
19:48:21.108 [pool-8-thread-5] DEBUG com.drmq.broker.MessageStore - Stored message: topic=concurrent-topic, offset=70, size=23 bytes
19:48:21.108 [pool-8-thread-3] DEBUG com.drmq.broker.ClientHandler - Produced message: topic=concurrent-topic, offset=67
19:48:21.108 [pool-8-thread-1] DEBUG com.drmq.broker.ClientHandler - Produced message: topic=concurrent-topic, offset=68
19:48:21.108 [pool-8-thread-4] DEBUG com.drmq.broker.MessageStore - Stored message: topic=concurrent-topic, offset=69, size=23 bytes
19:48:21.108 [pool-8-thread-4] DEBUG com.drmq.broker.ClientHandler - Produced message: topic=concurrent-topic, offset=69
19:48:21.108 [pool-8-thread-5] DEBUG com.drmq.broker.ClientHandler - Produced message: topic=concurrent-topic, offset=70
19:48:21.108 [Thread-3] DEBUG com.drmq.client.DRMQProducer - Message sent: topic=concurrent-topic, offset=67
19:48:21.108 [pool-8-thread-2] DEBUG com.drmq.broker.MessageStore - Stored message: topic=concurrent-topic, offset=71, size=23 bytes
19:48:21.109 [pool-8-thread-2] DEBUG com.drmq.broker.ClientHandler - Produced message: topic=concurrent-topic, offset=71
19:48:21.109 [pool-8-thread-3] DEBUG com.drmq.broker.MessageStore - Stored message: topic=concurrent-topic, offset=72, size=23 bytes
19:48:21.109 [pool-8-thread-3] DEBUG com.drmq.broker.ClientHandler - Produced message: topic=concurrent-topic, offset=72
19:48:21.109 [Thread-4] DEBUG com.drmq.client.DRMQProducer - Message sent: topic=concurrent-topic, offset=69
19:48:21.109 [Thread-2] DEBUG com.drmq.client.DRMQProducer - Message sent: topic=concurrent-topic, offset=71
19:48:21.109 [Thread-3] DEBUG com.drmq.client.DRMQProducer - Message sent: topic=concurrent-topic, offset=72
19:48:21.109 [pool-8-thread-4] DEBUG com.drmq.broker.MessageStore - Stored message: topic=concurrent-topic, offset=73, size=23 bytes
19:48:21.109 [pool-8-thread-4] DEBUG com.drmq.broker.ClientHandler - Produced message: topic=concurrent-topic, offset=73
19:48:21.109 [pool-8-thread-2] DEBUG com.drmq.broker.MessageStore - Stored message: topic=concurrent-topic, offset=74, size=23 bytes
19:48:21.109 [pool-8-thread-2] DEBUG com.drmq.broker.ClientHandler - Produced message: topic=concurrent-topic, offset=74
19:48:21.109 [Thread-4] DEBUG com.drmq.client.DRMQProducer - Message sent: topic=concurrent-topic, offset=73
19:48:21.109 [Thread-2] DEBUG com.drmq.client.DRMQProducer - Message sent: topic=concurrent-topic, offset=74
19:48:21.109 [Thread-1] DEBUG com.drmq.client.DRMQProducer - Message sent: topic=concurrent-topic, offset=68
19:48:21.110 [pool-8-thread-2] DEBUG com.drmq.broker.MessageStore - Stored message: topic=concurrent-topic, offset=76, size=23 bytes
19:48:21.110 [pool-8-thread-2] DEBUG com.drmq.broker.ClientHandler - Produced message: topic=concurrent-topic, offset=76
19:48:21.109 [Thread-5] DEBUG com.drmq.client.DRMQProducer - Message sent: topic=concurrent-topic, offset=70
19:48:21.110 [Thread-2] DEBUG com.drmq.client.DRMQProducer - Message sent: topic=concurrent-topic, offset=76
19:48:21.109 [pool-8-thread-3] DEBUG com.drmq.broker.MessageStore - Stored message: topic=concurrent-topic, offset=75, size=23 bytes
19:48:21.110 [pool-8-thread-3] DEBUG com.drmq.broker.ClientHandler - Produced message: topic=concurrent-topic, offset=75
19:48:21.110 [pool-8-thread-4] DEBUG com.drmq.broker.MessageStore - Stored message: topic=concurrent-topic, offset=77, size=23 bytes
19:48:21.110 [pool-8-thread-2] DEBUG com.drmq.broker.MessageStore - Stored message: topic=concurrent-topic, offset=78, size=23 bytes
19:48:21.110 [pool-8-thread-4] DEBUG com.drmq.broker.ClientHandler - Produced message: topic=concurrent-topic, offset=77
19:48:21.110 [pool-8-thread-2] DEBUG com.drmq.broker.ClientHandler - Produced message: topic=concurrent-topic, offset=78
19:48:21.111 [Thread-3] DEBUG com.drmq.client.DRMQProducer - Message sent: topic=concurrent-topic, offset=75
19:48:21.111 [pool-8-thread-1] DEBUG com.drmq.broker.MessageStore - Stored message: topic=concurrent-topic, offset=80, size=23 bytes
19:48:21.111 [pool-8-thread-1] DEBUG com.drmq.broker.ClientHandler - Produced message: topic=concurrent-topic, offset=80
19:48:21.111 [Thread-2] DEBUG com.drmq.client.DRMQProducer - Message sent: topic=concurrent-topic, offset=78
19:48:21.111 [pool-8-thread-3] DEBUG com.drmq.broker.MessageStore - Stored message: topic=concurrent-topic, offset=81, size=23 bytes
19:48:21.111 [pool-8-thread-3] DEBUG com.drmq.broker.ClientHandler - Produced message: topic=concurrent-topic, offset=81
19:48:21.111 [pool-8-thread-5] DEBUG com.drmq.broker.MessageStore - Stored message: topic=concurrent-topic, offset=79, size=23 bytes
19:48:21.111 [pool-8-thread-5] DEBUG com.drmq.broker.ClientHandler - Produced message: topic=concurrent-topic, offset=79
19:48:21.111 [Thread-4] DEBUG com.drmq.client.DRMQProducer - Message sent: topic=concurrent-topic, offset=77
19:48:21.111 [Thread-3] DEBUG com.drmq.client.DRMQProducer - Message sent: topic=concurrent-topic, offset=81
19:48:21.111 [Thread-5] DEBUG com.drmq.client.DRMQProducer - Message sent: topic=concurrent-topic, offset=79
19:48:21.111 [Thread-1] DEBUG com.drmq.client.DRMQProducer - Message sent: topic=concurrent-topic, offset=80
19:48:21.111 [pool-8-thread-3] DEBUG com.drmq.broker.MessageStore - Stored message: topic=concurrent-topic, offset=82, size=23 bytes
19:48:21.111 [pool-8-thread-3] DEBUG com.drmq.broker.ClientHandler - Produced message: topic=concurrent-topic, offset=82
19:48:21.112 [pool-8-thread-2] DEBUG com.drmq.broker.MessageStore - Stored message: topic=concurrent-topic, offset=83, size=23 bytes
19:48:21.112 [pool-8-thread-2] DEBUG com.drmq.broker.ClientHandler - Produced message: topic=concurrent-topic, offset=83
19:48:21.112 [Thread-3] DEBUG com.drmq.client.DRMQProducer - Message sent: topic=concurrent-topic, offset=82
19:48:21.112 [pool-8-thread-5] DEBUG com.drmq.broker.MessageStore - Stored message: topic=concurrent-topic, offset=84, size=23 bytes
19:48:21.112 [pool-8-thread-5] DEBUG com.drmq.broker.ClientHandler - Produced message: topic=concurrent-topic, offset=84
19:48:21.112 [Thread-2] DEBUG com.drmq.client.DRMQProducer - Message sent: topic=concurrent-topic, offset=83
19:48:21.112 [pool-8-thread-3] DEBUG com.drmq.broker.MessageStore - Stored message: topic=concurrent-topic, offset=85, size=23 bytes
19:48:21.112 [pool-8-thread-3] DEBUG com.drmq.broker.ClientHandler - Produced message: topic=concurrent-topic, offset=85
19:48:21.112 [pool-8-thread-2] DEBUG com.drmq.broker.MessageStore - Stored message: topic=concurrent-topic, offset=86, size=23 bytes
19:48:21.112 [pool-8-thread-2] DEBUG com.drmq.broker.ClientHandler - Produced message: topic=concurrent-topic, offset=86
19:48:21.112 [Thread-3] DEBUG com.drmq.client.DRMQProducer - Message sent: topic=concurrent-topic, offset=85
19:48:21.112 [pool-8-thread-4] DEBUG com.drmq.broker.MessageStore - Stored message: topic=concurrent-topic, offset=87, size=23 bytes
19:48:21.112 [Thread-3] INFO  com.drmq.client.DRMQProducer - Disconnected from broker
19:48:21.112 [pool-8-thread-4] DEBUG com.drmq.broker.ClientHandler - Produced message: topic=concurrent-topic, offset=87
19:48:21.112 [Thread-2] DEBUG com.drmq.client.DRMQProducer - Message sent: topic=concurrent-topic, offset=86
19:48:21.112 [Thread-5] DEBUG com.drmq.client.DRMQProducer - Message sent: topic=concurrent-topic, offset=84
19:48:21.113 [pool-8-thread-1] DEBUG com.drmq.broker.MessageStore - Stored message: topic=concurrent-topic, offset=88, size=23 bytes
19:48:21.113 [pool-8-thread-1] DEBUG com.drmq.broker.ClientHandler - Produced message: topic=concurrent-topic, offset=88
19:48:21.113 [pool-8-thread-2] DEBUG com.drmq.broker.MessageStore - Stored message: topic=concurrent-topic, offset=89, size=23 bytes
19:48:21.113 [pool-8-thread-2] DEBUG com.drmq.broker.ClientHandler - Produced message: topic=concurrent-topic, offset=89
19:48:21.113 [pool-8-thread-3] INFO  com.drmq.broker.ClientHandler - Client disconnected: /127.0.0.1:36818
19:48:21.113 [Thread-4] DEBUG com.drmq.client.DRMQProducer - Message sent: topic=concurrent-topic, offset=87
19:48:21.113 [Thread-2] DEBUG com.drmq.client.DRMQProducer - Message sent: topic=concurrent-topic, offset=89
19:48:21.113 [Thread-1] DEBUG com.drmq.client.DRMQProducer - Message sent: topic=concurrent-topic, offset=88
19:48:21.113 [pool-8-thread-2] DEBUG com.drmq.broker.MessageStore - Stored message: topic=concurrent-topic, offset=90, size=23 bytes
19:48:21.113 [pool-8-thread-2] DEBUG com.drmq.broker.ClientHandler - Produced message: topic=concurrent-topic, offset=90
19:48:21.113 [Thread-2] DEBUG com.drmq.client.DRMQProducer - Message sent: topic=concurrent-topic, offset=90
19:48:21.113 [pool-8-thread-5] DEBUG com.drmq.broker.MessageStore - Stored message: topic=concurrent-topic, offset=91, size=23 bytes
19:48:21.114 [pool-8-thread-5] DEBUG com.drmq.broker.ClientHandler - Produced message: topic=concurrent-topic, offset=91
19:48:21.114 [pool-8-thread-2] INFO  com.drmq.broker.ClientHandler - Client disconnected: /127.0.0.1:36804
19:48:21.113 [pool-8-thread-4] DEBUG com.drmq.broker.MessageStore - Stored message: topic=concurrent-topic, offset=92, size=23 bytes
19:48:21.114 [pool-8-thread-4] DEBUG com.drmq.broker.ClientHandler - Produced message: topic=concurrent-topic, offset=92
19:48:21.114 [Thread-2] INFO  com.drmq.client.DRMQProducer - Disconnected from broker
19:48:21.114 [Thread-5] DEBUG com.drmq.client.DRMQProducer - Message sent: topic=concurrent-topic, offset=91
19:48:21.114 [pool-8-thread-1] DEBUG com.drmq.broker.MessageStore - Stored message: topic=concurrent-topic, offset=93, size=23 bytes
19:48:21.114 [Thread-4] DEBUG com.drmq.client.DRMQProducer - Message sent: topic=concurrent-topic, offset=92
19:48:21.114 [pool-8-thread-1] DEBUG com.drmq.broker.ClientHandler - Produced message: topic=concurrent-topic, offset=93
19:48:21.114 [pool-8-thread-5] DEBUG com.drmq.broker.MessageStore - Stored message: topic=concurrent-topic, offset=94, size=23 bytes
19:48:21.114 [pool-8-thread-5] DEBUG com.drmq.broker.ClientHandler - Produced message: topic=concurrent-topic, offset=94
19:48:21.114 [Thread-1] DEBUG com.drmq.client.DRMQProducer - Message sent: topic=concurrent-topic, offset=93
19:48:21.115 [Thread-5] DEBUG com.drmq.client.DRMQProducer - Message sent: topic=concurrent-topic, offset=94
19:48:21.115 [Thread-5] INFO  com.drmq.client.DRMQProducer - Disconnected from broker
19:48:21.115 [pool-8-thread-1] DEBUG com.drmq.broker.MessageStore - Stored message: topic=concurrent-topic, offset=95, size=23 bytes
19:48:21.115 [pool-8-thread-5] INFO  com.drmq.broker.ClientHandler - Client disconnected: /127.0.0.1:36828
19:48:21.115 [pool-8-thread-1] DEBUG com.drmq.broker.ClientHandler - Produced message: topic=concurrent-topic, offset=95
19:48:21.115 [pool-8-thread-4] DEBUG com.drmq.broker.MessageStore - Stored message: topic=concurrent-topic, offset=96, size=23 bytes
19:48:21.115 [pool-8-thread-4] DEBUG com.drmq.broker.ClientHandler - Produced message: topic=concurrent-topic, offset=96
19:48:21.115 [Thread-1] DEBUG com.drmq.client.DRMQProducer - Message sent: topic=concurrent-topic, offset=95
19:48:21.115 [Thread-4] DEBUG com.drmq.client.DRMQProducer - Message sent: topic=concurrent-topic, offset=96
19:48:21.115 [pool-8-thread-1] DEBUG com.drmq.broker.MessageStore - Stored message: topic=concurrent-topic, offset=97, size=23 bytes
19:48:21.115 [pool-8-thread-1] DEBUG com.drmq.broker.ClientHandler - Produced message: topic=concurrent-topic, offset=97
19:48:21.115 [pool-8-thread-4] DEBUG com.drmq.broker.MessageStore - Stored message: topic=concurrent-topic, offset=98, size=23 bytes
19:48:21.115 [pool-8-thread-4] DEBUG com.drmq.broker.ClientHandler - Produced message: topic=concurrent-topic, offset=98
19:48:21.115 [Thread-1] DEBUG com.drmq.client.DRMQProducer - Message sent: topic=concurrent-topic, offset=97
19:48:21.116 [Thread-4] DEBUG com.drmq.client.DRMQProducer - Message sent: topic=concurrent-topic, offset=98
19:48:21.116 [pool-8-thread-1] INFO  com.drmq.broker.ClientHandler - Client disconnected: /127.0.0.1:36796
19:48:21.116 [Thread-1] INFO  com.drmq.client.DRMQProducer - Disconnected from broker
19:48:21.116 [pool-8-thread-4] DEBUG com.drmq.broker.MessageStore - Stored message: topic=concurrent-topic, offset=99, size=23 bytes
19:48:21.116 [pool-8-thread-4] DEBUG com.drmq.broker.ClientHandler - Produced message: topic=concurrent-topic, offset=99
19:48:21.116 [Thread-4] DEBUG com.drmq.client.DRMQProducer - Message sent: topic=concurrent-topic, offset=99
19:48:21.116 [Thread-4] INFO  com.drmq.client.DRMQProducer - Disconnected from broker
19:48:21.116 [pool-8-thread-4] INFO  com.drmq.broker.ClientHandler - Client disconnected: /127.0.0.1:36826
19:48:21.117 [main] INFO  com.drmq.broker.BrokerServer - Shutting down broker...
19:48:21.117 [main] INFO  com.drmq.broker.BrokerServer - Broker shutdown complete
]]></system-out>
  </testcase>
</testsuite>